[35m[Appium][39m Welcome to Appium v1.13.0
[35m[Appium][39m Non-default server args:
[35m[Appium][39m   port: 58601
[35m[Appium][39m   loglevel: info
[35m[Appium][39m   chromeDriverPort: 58602
[35m[Appium][39m   tmpDir: /var/folders/g2/rmydg0rj3ssg6qj5hp81dz100000gr/T//Katalon/Appium/Temp1570789407454
[35m[Appium][39m Appium REST http interface listener started on 0.0.0.0:58601
[35m[HTTP][39m [37m-->[39m [37mGET[39m [37m/wd/hub/status[39m
[35m[HTTP][39m [90m{}[39m
[35m[HTTP][39m [37m<-- GET /wd/hub/status [39m[32m200[39m [90m4 ms - 68[39m
[35m[HTTP][39m [90m[39m
[35m[HTTP][39m [37m-->[39m [37mPOST[39m [37m/wd/hub/session[39m
[35m[HTTP][39m [90m{"desiredCapabilities":{"app":"/Users/ayush/Desktop/APKs/Rplate26sept120.apk","noReset":false,"deviceName":"emulator-5554 (Android SDK built for x86 - Android 9)","fullReset":true,"platform":"ANDROID","newCommandTimeout":1800,"platformVersion":"9","automationName":"uiautomator2","autoGrantPermissions":true,"platformName":"Android","udid":"emulator-5554","systemPort":58600},"capabilities":{"firstMatch":[{"appium:app":"/Users/ayush/Desktop/APKs/Rplate26sept120.apk","appium:autoGrantPermissions":true,"appium:automationName":"uiautomator2","appium:deviceName":"emulator-5554 (Android SDK built for x86 - Android 9)","appium:fullReset":true,"appium:newCommandTimeout":1800,"appium:noReset":false,"platform":"ANDROID","platformName":"android","appium:platformVersion":"9","appium:systemPort":58600,"appium:udid":"emulator-5554"}]}}[39m
[35m[BaseDriver][39m The capabilities ["platform"] are not standard capabilities and should have an extension prefix
[35m[Appium][39m Appium v1.13.0 creating new AndroidUiautomator2Driver (v1.33.1) session
[35m[Appium][39m Capabilities:
[35m[Appium][39m   platform: ANDROID
[35m[Appium][39m   platformName: android
[35m[Appium][39m   app: /Users/ayush/Desktop/APKs/Rplate26sept120.apk
[35m[Appium][39m   autoGrantPermissions: true
[35m[Appium][39m   automationName: uiautomator2
[35m[Appium][39m   deviceName: emulator-5554 (Android SDK built for x86 - Android 9)
[35m[Appium][39m   fullReset: true
[35m[Appium][39m   newCommandTimeout: 1800
[35m[Appium][39m   noReset: false
[35m[Appium][39m   platformVersion: 9
[35m[Appium][39m   systemPort: 58600
[35m[Appium][39m   udid: emulator-5554
[35m[BaseDriver][39m The following capabilities were provided, but are not recognized by appium: platform.
[35m[BaseDriver][39m Session created with session id: 089d614d-1fe6-4a7e-9c2d-adce5ef55d12
[35m[BaseDriver][39m Using local app '/Users/ayush/Desktop/APKs/Rplate26sept120.apk'
[35m[ADB][39m Found 1 'build-tools' folders under '/Users/ayush/.katalon/tools/android_sdk' (newest first):
[35m[ADB][39m     /Users/ayush/.katalon/tools/android_sdk/build-tools/29.0.2
[35m[ADB][39m Using 'adb' from '/Users/ayush/.katalon/tools/android_sdk/platform-tools/adb'
[35m[AndroidDriver][39m Retrieving device list
[35m[AndroidDriver][39m Using device: emulator-5554
[35m[ADB][39m Using 'adb' from '/Users/ayush/.katalon/tools/android_sdk/platform-tools/adb'
[35m[UiAutomator2][39m Relaxing hidden api policy
[35m[ADB][39m Using 'apkanalyzer' from '/Users/ayush/.katalon/tools/android_sdk/tools/bin/apkanalyzer'
[35m[ADB][39m Package name: 'com.reviverauto.rplate'
[35m[ADB][39m Main activity name: 'com.reviverauto.rplate.SplashActivity'
[35m[ADB][39m Using 'aapt' from '/Users/ayush/.katalon/tools/android_sdk/build-tools/29.0.2/aapt'
[35m[ADB][39m Using 'apksigner' from '/Users/ayush/.katalon/tools/android_sdk/build-tools/29.0.2/apksigner'
[35m[UiAutomator2][39m Server packages are not going to be (re)installed
[35m[ADB][39m com.reviverauto.rplate was not uninstalled, because it was not present on the device
[35m[ADB][39m The application at '/Users/ayush/Desktop/APKs/Rplate26sept120.apk' is already cached to '/data/local/tmp/appium_cache/fcce71d09b4030994ca4675b5f82ba3fc793a733.apk'
[35m[ADB][39m The installation of 'Rplate26sept120.apk' took 6.527s
[35m[UiAutomator2][39m Starting UIAutomator2 server 3.5.1
[35m[UiAutomator2][39m Using UIAutomator2 server from '/usr/local/lib/node_modules/appium/node_modules/appium-uiautomator2-server/apks/appium-uiautomator2-server-v3.5.1.apk' and test from '/usr/local/lib/node_modules/appium/node_modules/appium-uiautomator2-server/apks/appium-uiautomator2-server-debug-androidTest.apk'
[35m[UiAutomator2][39m Waiting up to 30000ms for UiAutomator2 to be online...
[35m[WD Proxy][39m Got an unexpected response: {"code":"ECONNRESET"}
[35m[WD Proxy][39m Got an unexpected response: {"code":"ECONNRESET"}
[35m[AndroidDriver][39m Screen already unlocked, doing nothing
[35m[UiAutomator2][39m UiAutomator2 did not start the activity we were waiting for, 'com.reviverauto.rplate/com.reviverauto.rplate.SplashActivity'. Starting it ourselves
[35m[Appium][39m New AndroidUiautomator2Driver session created successfully, session 089d614d-1fe6-4a7e-9c2d-adce5ef55d12 added to master session list
[35m[HTTP][39m [37m<-- POST /wd/hub/session [39m[32m200[39m [90m18418 ms - 1244[39m
[35m[HTTP][39m [90m[39m
[35m[HTTP][39m [37m-->[39m [37mGET[39m [37m/wd/hub/session/089d614d-1fe6-4a7e-9c2d-adce5ef55d12[39m
[35m[HTTP][39m [90m{}[39m
[35m[HTTP][39m [37m<-- GET /wd/hub/session/089d614d-1fe6-4a7e-9c2d-adce5ef55d12 [39m[32m200[39m [90m90 ms - 1176[39m
[35m[HTTP][39m [90m[39m
[35m[HTTP][39m [37m-->[39m [37mGET[39m [37m/wd/hub/session/089d614d-1fe6-4a7e-9c2d-adce5ef55d12[39m
[35m[HTTP][39m [90m{}[39m
[35m[HTTP][39m [37m<-- GET /wd/hub/session/089d614d-1fe6-4a7e-9c2d-adce5ef55d12 [39m[32m200[39m [90m23 ms - 1176[39m
[35m[HTTP][39m [90m[39m
[35m[HTTP][39m [37m-->[39m [37mGET[39m [37m/wd/hub/status[39m
[35m[HTTP][39m [90m{}[39m
[35m[HTTP][39m [37m<-- GET /wd/hub/status [39m[32m200[39m [90m1 ms - 68[39m
[35m[HTTP][39m [90m[39m
[35m[HTTP][39m [37m-->[39m [37mPOST[39m [37m/wd/hub/session/089d614d-1fe6-4a7e-9c2d-adce5ef55d12/timeouts[39m
[35m[HTTP][39m [90m{"implicit":30000}[39m
[35m[HTTP][39m [37m<-- POST /wd/hub/session/089d614d-1fe6-4a7e-9c2d-adce5ef55d12/timeouts [39m[32m200[39m [90m4 ms - 14[39m
[35m[HTTP][39m [90m[39m
[35m[HTTP][39m [37m-->[39m [37mPOST[39m [37m/wd/hub/session/089d614d-1fe6-4a7e-9c2d-adce5ef55d12/timeouts[39m
[35m[HTTP][39m [90m{"implicit":50}[39m
[35m[HTTP][39m [37m<-- POST /wd/hub/session/089d614d-1fe6-4a7e-9c2d-adce5ef55d12/timeouts [39m[32m200[39m [90m3 ms - 14[39m
[35m[HTTP][39m [90m[39m
[35m[HTTP][39m [37m-->[39m [37mGET[39m [37m/wd/hub/session/089d614d-1fe6-4a7e-9c2d-adce5ef55d12/window/rect[39m
[35m[HTTP][39m [90m{}[39m
[35m[HTTP][39m [37m<-- GET /wd/hub/session/089d614d-1fe6-4a7e-9c2d-adce5ef55d12/window/rect [39m[32m200[39m [90m35 ms - 50[39m
[35m[HTTP][39m [90m[39m
[35m[HTTP][39m [37m-->[39m [37mPOST[39m [37m/wd/hub/session/089d614d-1fe6-4a7e-9c2d-adce5ef55d12/elements[39m
[35m[HTTP][39m [90m{"using":"-android uiautomator","value":"new UiSelector().className(\"android.widget.TextView\").text(\"QA\").resourceId(\"android:id/text1\")"}[39m
[35m[HTTP][39m [37m<-- POST /wd/hub/session/089d614d-1fe6-4a7e-9c2d-adce5ef55d12/elements [39m[32m200[39m [90m633 ms - 139[39m
[35m[HTTP][39m [90m[39m
[35m[HTTP][39m [37m-->[39m [37mGET[39m [37m/wd/hub/session/089d614d-1fe6-4a7e-9c2d-adce5ef55d12/element/057541ec-2f8c-4ae6-9b5c-a769b61520c3/location[39m
[35m[HTTP][39m [90m{}[39m
[35m[W3C (089d614d)][39m Driver proxy active, passing request on via HTTP proxy
[35m[WD Proxy][39m Replacing sessionId eaab462b-943b-4662-bf69-a9bccf5b9873 with 089d614d-1fe6-4a7e-9c2d-adce5ef55d12
[35m[HTTP][39m [37m<-- GET /wd/hub/session/089d614d-1fe6-4a7e-9c2d-adce5ef55d12/element/057541ec-2f8c-4ae6-9b5c-a769b61520c3/location [39m[32m200[39m [90m44 ms - 89[39m
[35m[HTTP][39m [90m[39m
[35m[HTTP][39m [37m-->[39m [37mPOST[39m [37m/wd/hub/session/089d614d-1fe6-4a7e-9c2d-adce5ef55d12/timeouts[39m
[35m[HTTP][39m [90m{"implicit":30000}[39m
[35m[HTTP][39m [37m<-- POST /wd/hub/session/089d614d-1fe6-4a7e-9c2d-adce5ef55d12/timeouts [39m[32m200[39m [90m2 ms - 14[39m
[35m[HTTP][39m [90m[39m
[35m[HTTP][39m [37m-->[39m [37mPOST[39m [37m/wd/hub/session/089d614d-1fe6-4a7e-9c2d-adce5ef55d12/timeouts[39m
[35m[HTTP][39m [90m{"implicit":50}[39m
[35m[HTTP][39m [37m<-- POST /wd/hub/session/089d614d-1fe6-4a7e-9c2d-adce5ef55d12/timeouts [39m[32m200[39m [90m4 ms - 14[39m
[35m[HTTP][39m [90m[39m
[35m[HTTP][39m [37m-->[39m [37mGET[39m [37m/wd/hub/session/089d614d-1fe6-4a7e-9c2d-adce5ef55d12/window/rect[39m
[35m[HTTP][39m [90m{}[39m
[35m[HTTP][39m [37m<-- GET /wd/hub/session/089d614d-1fe6-4a7e-9c2d-adce5ef55d12/window/rect [39m[32m200[39m [90m20 ms - 50[39m
[35m[HTTP][39m [90m[39m
[35m[HTTP][39m [37m-->[39m [37mPOST[39m [37m/wd/hub/session/089d614d-1fe6-4a7e-9c2d-adce5ef55d12/elements[39m
[35m[HTTP][39m [90m{"using":"-android uiautomator","value":"new UiSelector().className(\"android.widget.TextView\").text(\"QA\").resourceId(\"android:id/text1\")"}[39m
[35m[HTTP][39m [37m<-- POST /wd/hub/session/089d614d-1fe6-4a7e-9c2d-adce5ef55d12/elements [39m[32m200[39m [90m58 ms - 139[39m
[35m[HTTP][39m [90m[39m
[35m[HTTP][39m [37m-->[39m [37mGET[39m [37m/wd/hub/session/089d614d-1fe6-4a7e-9c2d-adce5ef55d12/element/2a281d97-f8bf-4bd6-9e30-4274a4a63c21/location[39m
[35m[HTTP][39m [90m{}[39m
[35m[W3C (089d614d)][39m Driver proxy active, passing request on via HTTP proxy
[35m[WD Proxy][39m Replacing sessionId eaab462b-943b-4662-bf69-a9bccf5b9873 with 089d614d-1fe6-4a7e-9c2d-adce5ef55d12
[35m[HTTP][39m [37m<-- GET /wd/hub/session/089d614d-1fe6-4a7e-9c2d-adce5ef55d12/element/2a281d97-f8bf-4bd6-9e30-4274a4a63c21/location [39m[32m200[39m [90m29 ms - 89[39m
[35m[HTTP][39m [90m[39m
[35m[HTTP][39m [37m-->[39m [37mPOST[39m [37m/wd/hub/session/089d614d-1fe6-4a7e-9c2d-adce5ef55d12/timeouts[39m
[35m[HTTP][39m [90m{"implicit":30000}[39m
[35m[HTTP][39m [37m<-- POST /wd/hub/session/089d614d-1fe6-4a7e-9c2d-adce5ef55d12/timeouts [39m[32m200[39m [90m2 ms - 14[39m
[35m[HTTP][39m [90m[39m
[35m[HTTP][39m [37m-->[39m [37mPOST[39m [37m/wd/hub/session/089d614d-1fe6-4a7e-9c2d-adce5ef55d12/touch/perform[39m
[35m[HTTP][39m [90m{"actions":[{"action":"tap","options":{"x":1,"y":1,"element":"2a281d97-f8bf-4bd6-9e30-4274a4a63c21"}},{"action":"release","options":{}}]}[39m
[35m[UiAutomator2][39m calling get location: 2a281d97-f8bf-4bd6-9e30-4274a4a63c21
[35m[HTTP][39m [37m<-- POST /wd/hub/session/089d614d-1fe6-4a7e-9c2d-adce5ef55d12/touch/perform [39m[32m200[39m [90m704 ms - 14[39m
[35m[HTTP][39m [90m[39m
[35m[HTTP][39m [37m-->[39m [37mPOST[39m [37m/wd/hub/session/089d614d-1fe6-4a7e-9c2d-adce5ef55d12/timeouts[39m
[35m[HTTP][39m [90m{"implicit":50}[39m
[35m[HTTP][39m [37m<-- POST /wd/hub/session/089d614d-1fe6-4a7e-9c2d-adce5ef55d12/timeouts [39m[32m200[39m [90m1 ms - 14[39m
[35m[HTTP][39m [90m[39m
[35m[HTTP][39m [37m-->[39m [37mGET[39m [37m/wd/hub/session/089d614d-1fe6-4a7e-9c2d-adce5ef55d12/window/rect[39m
[35m[HTTP][39m [90m{}[39m
[35m[HTTP][39m [37m<-- GET /wd/hub/session/089d614d-1fe6-4a7e-9c2d-adce5ef55d12/window/rect [39m[32m200[39m [90m22 ms - 50[39m
[35m[HTTP][39m [90m[39m
[35m[HTTP][39m [37m-->[39m [37mPOST[39m [37m/wd/hub/session/089d614d-1fe6-4a7e-9c2d-adce5ef55d12/elements[39m
[35m[HTTP][39m [90m{"using":"-android uiautomator","value":"new UiSelector().className(\"android.widget.TextView\").text(\"SIGN IN\").resourceId(\"com.reviverauto.rplate:id/txtSignIn\")"}[39m
[35m[HTTP][39m [37m<-- POST /wd/hub/session/089d614d-1fe6-4a7e-9c2d-adce5ef55d12/elements [39m[32m200[39m [90m660 ms - 12[39m
[35m[HTTP][39m [90m[39m
[35m[HTTP][39m [37m-->[39m [37mPOST[39m [37m/wd/hub/session/089d614d-1fe6-4a7e-9c2d-adce5ef55d12/elements[39m
[35m[HTTP][39m [90m{"using":"-android uiautomator","value":"new UiSelector().className(\"android.widget.TextView\").text(\"SIGN IN\").resourceId(\"com.reviverauto.rplate:id/txtSignIn\")"}[39m
[35m[HTTP][39m [37m<-- POST /wd/hub/session/089d614d-1fe6-4a7e-9c2d-adce5ef55d12/elements [39m[32m200[39m [90m143 ms - 12[39m
[35m[HTTP][39m [90m[39m
[35m[HTTP][39m [37m-->[39m [37mPOST[39m [37m/wd/hub/session/089d614d-1fe6-4a7e-9c2d-adce5ef55d12/elements[39m
[35m[HTTP][39m [90m{"using":"-android uiautomator","value":"new UiSelector().className(\"android.widget.TextView\").text(\"SIGN IN\").resourceId(\"com.reviverauto.rplate:id/txtSignIn\")"}[39m
[35m[HTTP][39m [37m<-- POST /wd/hub/session/089d614d-1fe6-4a7e-9c2d-adce5ef55d12/elements [39m[32m200[39m [90m123 ms - 12[39m
[35m[HTTP][39m [90m[39m
[35m[HTTP][39m [37m-->[39m [37mPOST[39m [37m/wd/hub/session/089d614d-1fe6-4a7e-9c2d-adce5ef55d12/elements[39m
[35m[HTTP][39m [90m{"using":"-android uiautomator","value":"new UiSelector().className(\"android.widget.TextView\").text(\"SIGN IN\").resourceId(\"com.reviverauto.rplate:id/txtSignIn\")"}[39m
[35m[HTTP][39m [37m<-- POST /wd/hub/session/089d614d-1fe6-4a7e-9c2d-adce5ef55d12/elements [39m[32m200[39m [90m115 ms - 12[39m
[35m[HTTP][39m [90m[39m
[35m[HTTP][39m [37m-->[39m [37mPOST[39m [37m/wd/hub/session/089d614d-1fe6-4a7e-9c2d-adce5ef55d12/elements[39m
[35m[HTTP][39m [90m{"using":"-android uiautomator","value":"new UiSelector().className(\"android.widget.TextView\").text(\"SIGN IN\").resourceId(\"com.reviverauto.rplate:id/txtSignIn\")"}[39m
[35m[HTTP][39m [37m<-- POST /wd/hub/session/089d614d-1fe6-4a7e-9c2d-adce5ef55d12/elements [39m[32m200[39m [90m143 ms - 12[39m
[35m[HTTP][39m [90m[39m
[35m[HTTP][39m [37m-->[39m [37mPOST[39m [37m/wd/hub/session/089d614d-1fe6-4a7e-9c2d-adce5ef55d12/elements[39m
[35m[HTTP][39m [90m{"using":"-android uiautomator","value":"new UiSelector().className(\"android.widget.TextView\").text(\"SIGN IN\").resourceId(\"com.reviverauto.rplate:id/txtSignIn\")"}[39m
[35m[HTTP][39m [37m<-- POST /wd/hub/session/089d614d-1fe6-4a7e-9c2d-adce5ef55d12/elements [39m[32m200[39m [90m103 ms - 12[39m
[35m[HTTP][39m [90m[39m
[35m[HTTP][39m [37m-->[39m [37mPOST[39m [37m/wd/hub/session/089d614d-1fe6-4a7e-9c2d-adce5ef55d12/elements[39m
[35m[HTTP][39m [90m{"using":"-android uiautomator","value":"new UiSelector().className(\"android.widget.TextView\").text(\"SIGN IN\").resourceId(\"com.reviverauto.rplate:id/txtSignIn\")"}[39m
[35m[HTTP][39m [37m<-- POST /wd/hub/session/089d614d-1fe6-4a7e-9c2d-adce5ef55d12/elements [39m[32m200[39m [90m137 ms - 12[39m
[35m[HTTP][39m [90m[39m
[35m[HTTP][39m [37m-->[39m [37mPOST[39m [37m/wd/hub/session/089d614d-1fe6-4a7e-9c2d-adce5ef55d12/elements[39m
[35m[HTTP][39m [90m{"using":"-android uiautomator","value":"new UiSelector().className(\"android.widget.TextView\").text(\"SIGN IN\").resourceId(\"com.reviverauto.rplate:id/txtSignIn\")"}[39m
[35m[HTTP][39m [37m<-- POST /wd/hub/session/089d614d-1fe6-4a7e-9c2d-adce5ef55d12/elements [39m[32m200[39m [90m641 ms - 139[39m
[35m[HTTP][39m [90m[39m
[35m[HTTP][39m [37m-->[39m [37mGET[39m [37m/wd/hub/session/089d614d-1fe6-4a7e-9c2d-adce5ef55d12/element/17143ab7-ddb8-4957-a1f3-48600c173d76/location[39m
[35m[HTTP][39m [90m{}[39m
[35m[W3C (089d614d)][39m Driver proxy active, passing request on via HTTP proxy
[35m[WD Proxy][39m Replacing sessionId eaab462b-943b-4662-bf69-a9bccf5b9873 with 089d614d-1fe6-4a7e-9c2d-adce5ef55d12
[35m[HTTP][39m [37m<-- GET /wd/hub/session/089d614d-1fe6-4a7e-9c2d-adce5ef55d12/element/17143ab7-ddb8-4957-a1f3-48600c173d76/location [39m[32m200[39m [90m170 ms - 88[39m
[35m[HTTP][39m [90m[39m
[35m[HTTP][39m [37m-->[39m [37mPOST[39m [37m/wd/hub/session/089d614d-1fe6-4a7e-9c2d-adce5ef55d12/timeouts[39m
[35m[HTTP][39m [90m{"implicit":30000}[39m
[35m[HTTP][39m [37m<-- POST /wd/hub/session/089d614d-1fe6-4a7e-9c2d-adce5ef55d12/timeouts [39m[32m200[39m [90m3 ms - 14[39m
[35m[HTTP][39m [90m[39m
[35m[HTTP][39m [37m-->[39m [37mPOST[39m [37m/wd/hub/session/089d614d-1fe6-4a7e-9c2d-adce5ef55d12/timeouts[39m
[35m[HTTP][39m [90m{"implicit":50}[39m
[35m[HTTP][39m [37m<-- POST /wd/hub/session/089d614d-1fe6-4a7e-9c2d-adce5ef55d12/timeouts [39m[32m200[39m [90m2 ms - 14[39m
[35m[HTTP][39m [90m[39m
[35m[HTTP][39m [37m-->[39m [37mGET[39m [37m/wd/hub/session/089d614d-1fe6-4a7e-9c2d-adce5ef55d12/window/rect[39m
[35m[HTTP][39m [90m{}[39m
[35m[HTTP][39m [37m<-- GET /wd/hub/session/089d614d-1fe6-4a7e-9c2d-adce5ef55d12/window/rect [39m[32m200[39m [90m90 ms - 50[39m
[35m[HTTP][39m [90m[39m
[35m[HTTP][39m [37m-->[39m [37mPOST[39m [37m/wd/hub/session/089d614d-1fe6-4a7e-9c2d-adce5ef55d12/elements[39m
[35m[HTTP][39m [90m{"using":"-android uiautomator","value":"new UiSelector().className(\"android.widget.TextView\").text(\"SIGN IN\").resourceId(\"com.reviverauto.rplate:id/txtSignIn\")"}[39m
[35m[HTTP][39m [37m<-- POST /wd/hub/session/089d614d-1fe6-4a7e-9c2d-adce5ef55d12/elements [39m[32m200[39m [90m713 ms - 139[39m
[35m[HTTP][39m [90m[39m
[35m[HTTP][39m [37m-->[39m [37mGET[39m [37m/wd/hub/session/089d614d-1fe6-4a7e-9c2d-adce5ef55d12/element/174dcfb3-b42d-43c5-ba89-c7f7396ac504/location[39m
[35m[HTTP][39m [90m{}[39m
[35m[W3C (089d614d)][39m Driver proxy active, passing request on via HTTP proxy
[35m[WD Proxy][39m Replacing sessionId eaab462b-943b-4662-bf69-a9bccf5b9873 with 089d614d-1fe6-4a7e-9c2d-adce5ef55d12
[35m[HTTP][39m [37m<-- GET /wd/hub/session/089d614d-1fe6-4a7e-9c2d-adce5ef55d12/element/174dcfb3-b42d-43c5-ba89-c7f7396ac504/location [39m[32m200[39m [90m23 ms - 88[39m
[35m[HTTP][39m [90m[39m
[35m[HTTP][39m [37m-->[39m [37mPOST[39m [37m/wd/hub/session/089d614d-1fe6-4a7e-9c2d-adce5ef55d12/timeouts[39m
[35m[HTTP][39m [90m{"implicit":30000}[39m
[35m[HTTP][39m [37m<-- POST /wd/hub/session/089d614d-1fe6-4a7e-9c2d-adce5ef55d12/timeouts [39m[32m200[39m [90m2 ms - 14[39m
[35m[HTTP][39m [90m[39m
[35m[HTTP][39m [37m-->[39m [37mPOST[39m [37m/wd/hub/session/089d614d-1fe6-4a7e-9c2d-adce5ef55d12/touch/perform[39m
[35m[HTTP][39m [90m{"actions":[{"action":"tap","options":{"x":1,"y":1,"element":"174dcfb3-b42d-43c5-ba89-c7f7396ac504"}},{"action":"release","options":{}}]}[39m
[35m[UiAutomator2][39m calling get location: 174dcfb3-b42d-43c5-ba89-c7f7396ac504
[35m[HTTP][39m [37m<-- POST /wd/hub/session/089d614d-1fe6-4a7e-9c2d-adce5ef55d12/touch/perform [39m[32m200[39m [90m1384 ms - 14[39m
[35m[HTTP][39m [90m[39m
[35m[HTTP][39m [37m-->[39m [37mGET[39m [37m/wd/hub/session/089d614d-1fe6-4a7e-9c2d-adce5ef55d12/context[39m
[35m[HTTP][39m [90m{}[39m
[35m[HTTP][39m [37m<-- GET /wd/hub/session/089d614d-1fe6-4a7e-9c2d-adce5ef55d12/context [39m[32m200[39m [90m2 ms - 22[39m
[35m[HTTP][39m [90m[39m
[35m[HTTP][39m [37m-->[39m [37mGET[39m [37m/wd/hub/session/089d614d-1fe6-4a7e-9c2d-adce5ef55d12/contexts[39m
[35m[HTTP][39m [90m{}[39m
[35m[HTTP][39m [37m<-- GET /wd/hub/session/089d614d-1fe6-4a7e-9c2d-adce5ef55d12/contexts [39m[32m200[39m [90m34 ms - 24[39m
[35m[HTTP][39m [90m[39m
[35m[HTTP][39m [37m-->[39m [37mPOST[39m [37m/wd/hub/session/089d614d-1fe6-4a7e-9c2d-adce5ef55d12/context[39m
[35m[HTTP][39m [90m{"name":"NATIVE_APP"}[39m
[35m[HTTP][39m [37m<-- POST /wd/hub/session/089d614d-1fe6-4a7e-9c2d-adce5ef55d12/context [39m[32m200[39m [90m4 ms - 14[39m
[35m[HTTP][39m [90m[39m
[35m[HTTP][39m [37m-->[39m [37mPOST[39m [37m/wd/hub/session/089d614d-1fe6-4a7e-9c2d-adce5ef55d12/appium/device/hide_keyboard[39m
[35m[HTTP][39m [90m{}[39m
[35m[HTTP][39m [37m<-- POST /wd/hub/session/089d614d-1fe6-4a7e-9c2d-adce5ef55d12/appium/device/hide_keyboard [39m[32m200[39m [90m622 ms - 14[39m
[35m[HTTP][39m [90m[39m
[35m[HTTP][39m [37m-->[39m [37mPOST[39m [37m/wd/hub/session/089d614d-1fe6-4a7e-9c2d-adce5ef55d12/context[39m
[35m[HTTP][39m [90m{"name":"NATIVE_APP"}[39m
[35m[HTTP][39m [37m<-- POST /wd/hub/session/089d614d-1fe6-4a7e-9c2d-adce5ef55d12/context [39m[32m200[39m [90m3 ms - 14[39m
[35m[HTTP][39m [90m[39m
[35m[HTTP][39m [37m-->[39m [37mPOST[39m [37m/wd/hub/session/089d614d-1fe6-4a7e-9c2d-adce5ef55d12/timeouts[39m
[35m[HTTP][39m [90m{"implicit":50}[39m
[35m[HTTP][39m [37m<-- POST /wd/hub/session/089d614d-1fe6-4a7e-9c2d-adce5ef55d12/timeouts [39m[32m200[39m [90m3 ms - 14[39m
[35m[HTTP][39m [90m[39m
[35m[HTTP][39m [37m-->[39m [37mGET[39m [37m/wd/hub/session/089d614d-1fe6-4a7e-9c2d-adce5ef55d12/window/rect[39m
[35m[HTTP][39m [90m{}[39m
[35m[HTTP][39m [37m<-- GET /wd/hub/session/089d614d-1fe6-4a7e-9c2d-adce5ef55d12/window/rect [39m[32m200[39m [90m19 ms - 50[39m
[35m[HTTP][39m [90m[39m
[35m[HTTP][39m [37m-->[39m [37mPOST[39m [37m/wd/hub/session/089d614d-1fe6-4a7e-9c2d-adce5ef55d12/elements[39m
[35m[HTTP][39m [90m{"using":"-android uiautomator","value":"new UiSelector().className(\"android.widget.TextView\").text(\"FORGOT PASSWORD?\").resourceId(\"com.reviverauto.rplate:id/txt_signin_forgot_password\")"}[39m
[35m[HTTP][39m [37m<-- POST /wd/hub/session/089d614d-1fe6-4a7e-9c2d-adce5ef55d12/elements [39m[32m200[39m [90m295 ms - 139[39m
[35m[HTTP][39m [90m[39m
[35m[HTTP][39m [37m-->[39m [37mGET[39m [37m/wd/hub/session/089d614d-1fe6-4a7e-9c2d-adce5ef55d12/element/35fbd554-4a35-460e-9e29-f3c48cddddce/location[39m
[35m[HTTP][39m [90m{}[39m
[35m[W3C (089d614d)][39m Driver proxy active, passing request on via HTTP proxy
[35m[WD Proxy][39m Replacing sessionId eaab462b-943b-4662-bf69-a9bccf5b9873 with 089d614d-1fe6-4a7e-9c2d-adce5ef55d12
[35m[HTTP][39m [37m<-- GET /wd/hub/session/089d614d-1fe6-4a7e-9c2d-adce5ef55d12/element/35fbd554-4a35-460e-9e29-f3c48cddddce/location [39m[32m200[39m [90m38 ms - 89[39m
[35m[HTTP][39m [90m[39m
[35m[HTTP][39m [37m-->[39m [37mPOST[39m [37m/wd/hub/session/089d614d-1fe6-4a7e-9c2d-adce5ef55d12/timeouts[39m
[35m[HTTP][39m [90m{"implicit":30000}[39m
[35m[HTTP][39m [37m<-- POST /wd/hub/session/089d614d-1fe6-4a7e-9c2d-adce5ef55d12/timeouts [39m[32m200[39m [90m2 ms - 14[39m
[35m[HTTP][39m [90m[39m
[35m[HTTP][39m [37m-->[39m [37mGET[39m [37m/wd/hub/session/089d614d-1fe6-4a7e-9c2d-adce5ef55d12/element/35fbd554-4a35-460e-9e29-f3c48cddddce/displayed[39m
[35m[HTTP][39m [90m{}[39m
[35m[HTTP][39m [37m<-- GET /wd/hub/session/089d614d-1fe6-4a7e-9c2d-adce5ef55d12/element/35fbd554-4a35-460e-9e29-f3c48cddddce/displayed [39m[32m200[39m [90m54 ms - 14[39m
[35m[HTTP][39m [90m[39m
[35m[HTTP][39m [37m-->[39m [37mPOST[39m [37m/wd/hub/session/089d614d-1fe6-4a7e-9c2d-adce5ef55d12/timeouts[39m
[35m[HTTP][39m [90m{"implicit":50}[39m
[35m[HTTP][39m [37m<-- POST /wd/hub/session/089d614d-1fe6-4a7e-9c2d-adce5ef55d12/timeouts [39m[32m200[39m [90m2 ms - 14[39m
[35m[HTTP][39m [90m[39m
[35m[HTTP][39m [37m-->[39m [37mGET[39m [37m/wd/hub/session/089d614d-1fe6-4a7e-9c2d-adce5ef55d12/window/rect[39m
[35m[HTTP][39m [90m{}[39m
[35m[HTTP][39m [37m<-- GET /wd/hub/session/089d614d-1fe6-4a7e-9c2d-adce5ef55d12/window/rect [39m[32m200[39m [90m15 ms - 50[39m
[35m[HTTP][39m [90m[39m
[35m[HTTP][39m [37m-->[39m [37mPOST[39m [37m/wd/hub/session/089d614d-1fe6-4a7e-9c2d-adce5ef55d12/elements[39m
[35m[HTTP][39m [90m{"using":"-android uiautomator","value":"new UiSelector().className(\"android.widget.TextView\").text(\"FORGOT PASSWORD?\").resourceId(\"com.reviverauto.rplate:id/txt_signin_forgot_password\")"}[39m
[35m[HTTP][39m [37m<-- POST /wd/hub/session/089d614d-1fe6-4a7e-9c2d-adce5ef55d12/elements [39m[32m200[39m [90m46 ms - 139[39m
[35m[HTTP][39m [90m[39m
[35m[HTTP][39m [37m-->[39m [37mGET[39m [37m/wd/hub/session/089d614d-1fe6-4a7e-9c2d-adce5ef55d12/element/b85d30b6-80ed-421c-80f7-9c600f54ffac/location[39m
[35m[HTTP][39m [90m{}[39m
[35m[W3C (089d614d)][39m Driver proxy active, passing request on via HTTP proxy
[35m[WD Proxy][39m Replacing sessionId eaab462b-943b-4662-bf69-a9bccf5b9873 with 089d614d-1fe6-4a7e-9c2d-adce5ef55d12
[35m[HTTP][39m [37m<-- GET /wd/hub/session/089d614d-1fe6-4a7e-9c2d-adce5ef55d12/element/b85d30b6-80ed-421c-80f7-9c600f54ffac/location [39m[32m200[39m [90m41 ms - 89[39m
[35m[HTTP][39m [90m[39m
[35m[HTTP][39m [37m-->[39m [37mPOST[39m [37m/wd/hub/session/089d614d-1fe6-4a7e-9c2d-adce5ef55d12/timeouts[39m
[35m[HTTP][39m [90m{"implicit":30000}[39m
[35m[HTTP][39m [37m<-- POST /wd/hub/session/089d614d-1fe6-4a7e-9c2d-adce5ef55d12/timeouts [39m[32m200[39m [90m2 ms - 14[39m
[35m[HTTP][39m [90m[39m
[35m[HTTP][39m [37m-->[39m [37mPOST[39m [37m/wd/hub/session/089d614d-1fe6-4a7e-9c2d-adce5ef55d12/touch/perform[39m
[35m[HTTP][39m [90m{"actions":[{"action":"tap","options":{"x":1,"y":1,"element":"b85d30b6-80ed-421c-80f7-9c600f54ffac"}},{"action":"release","options":{}}]}[39m
[35m[UiAutomator2][39m calling get location: b85d30b6-80ed-421c-80f7-9c600f54ffac
[35m[HTTP][39m [37m<-- POST /wd/hub/session/089d614d-1fe6-4a7e-9c2d-adce5ef55d12/touch/perform [39m[32m200[39m [90m874 ms - 14[39m
[35m[HTTP][39m [90m[39m
[35m[HTTP][39m [37m-->[39m [37mPOST[39m [37m/wd/hub/session/089d614d-1fe6-4a7e-9c2d-adce5ef55d12/timeouts[39m
[35m[HTTP][39m [90m{"implicit":50}[39m
[35m[HTTP][39m [37m<-- POST /wd/hub/session/089d614d-1fe6-4a7e-9c2d-adce5ef55d12/timeouts [39m[32m200[39m [90m1 ms - 14[39m
[35m[HTTP][39m [90m[39m
[35m[HTTP][39m [37m-->[39m [37mGET[39m [37m/wd/hub/session/089d614d-1fe6-4a7e-9c2d-adce5ef55d12/window/rect[39m
[35m[HTTP][39m [90m{}[39m
[35m[HTTP][39m [37m<-- GET /wd/hub/session/089d614d-1fe6-4a7e-9c2d-adce5ef55d12/window/rect [39m[32m200[39m [90m16 ms - 50[39m
[35m[HTTP][39m [90m[39m
[35m[HTTP][39m [37m-->[39m [37mPOST[39m [37m/wd/hub/session/089d614d-1fe6-4a7e-9c2d-adce5ef55d12/elements[39m
[35m[HTTP][39m [90m{"using":"xpath","value":"//hierarchy/android.widget.FrameLayout[1]/android.widget.LinearLayout[1]/android.widget.FrameLayout[1]/android.view.ViewGroup[1]/android.widget.FrameLayout[2]/android.widget.FrameLayout[1]/android.widget.LinearLayout[1]/android.widget.LinearLayout[1]/android.widget.LinearLayout[1]/TextInputLayout[1]/android.widget.FrameLayout[1]/android.widget.EditText[1]"}[39m
[35m[HTTP][39m [37m<-- POST /wd/hub/session/089d614d-1fe6-4a7e-9c2d-adce5ef55d12/elements [39m[32m200[39m [90m233 ms - 139[39m
[35m[HTTP][39m [90m[39m
[35m[HTTP][39m [37m-->[39m [37mGET[39m [37m/wd/hub/session/089d614d-1fe6-4a7e-9c2d-adce5ef55d12/element/a2c83595-60d3-4026-a5f0-6721970277ca/location[39m
[35m[HTTP][39m [90m{}[39m
[35m[W3C (089d614d)][39m Driver proxy active, passing request on via HTTP proxy
[35m[WD Proxy][39m Replacing sessionId eaab462b-943b-4662-bf69-a9bccf5b9873 with 089d614d-1fe6-4a7e-9c2d-adce5ef55d12
[35m[HTTP][39m [37m<-- GET /wd/hub/session/089d614d-1fe6-4a7e-9c2d-adce5ef55d12/element/a2c83595-60d3-4026-a5f0-6721970277ca/location [39m[32m200[39m [90m18 ms - 89[39m
[35m[HTTP][39m [90m[39m
[35m[HTTP][39m [37m-->[39m [37mPOST[39m [37m/wd/hub/session/089d614d-1fe6-4a7e-9c2d-adce5ef55d12/timeouts[39m
[35m[HTTP][39m [90m{"implicit":30000}[39m
[35m[HTTP][39m [37m<-- POST /wd/hub/session/089d614d-1fe6-4a7e-9c2d-adce5ef55d12/timeouts [39m[32m200[39m [90m2 ms - 14[39m
[35m[HTTP][39m [90m[39m
[35m[HTTP][39m [37m-->[39m [37mPOST[39m [37m/wd/hub/session/089d614d-1fe6-4a7e-9c2d-adce5ef55d12/timeouts[39m
[35m[HTTP][39m [90m{"implicit":50}[39m
[35m[HTTP][39m [37m<-- POST /wd/hub/session/089d614d-1fe6-4a7e-9c2d-adce5ef55d12/timeouts [39m[32m200[39m [90m3 ms - 14[39m
[35m[HTTP][39m [90m[39m
[35m[HTTP][39m [37m-->[39m [37mGET[39m [37m/wd/hub/session/089d614d-1fe6-4a7e-9c2d-adce5ef55d12/window/rect[39m
[35m[HTTP][39m [90m{}[39m
[35m[HTTP][39m [37m<-- GET /wd/hub/session/089d614d-1fe6-4a7e-9c2d-adce5ef55d12/window/rect [39m[32m200[39m [90m16 ms - 50[39m
[35m[HTTP][39m [90m[39m
[35m[HTTP][39m [37m-->[39m [37mPOST[39m [37m/wd/hub/session/089d614d-1fe6-4a7e-9c2d-adce5ef55d12/elements[39m
[35m[HTTP][39m [90m{"using":"xpath","value":"//hierarchy/android.widget.FrameLayout[1]/android.widget.LinearLayout[1]/android.widget.FrameLayout[1]/android.view.ViewGroup[1]/android.widget.FrameLayout[2]/android.widget.FrameLayout[1]/android.widget.LinearLayout[1]/android.widget.LinearLayout[1]/android.widget.LinearLayout[1]/TextInputLayout[1]/android.widget.FrameLayout[1]/android.widget.EditText[1]"}[39m
[35m[HTTP][39m [37m<-- POST /wd/hub/session/089d614d-1fe6-4a7e-9c2d-adce5ef55d12/elements [39m[32m200[39m [90m161 ms - 139[39m
[35m[HTTP][39m [90m[39m
[35m[HTTP][39m [37m-->[39m [37mGET[39m [37m/wd/hub/session/089d614d-1fe6-4a7e-9c2d-adce5ef55d12/element/48f9e499-e27b-4419-8dd4-c58e27f470a3/location[39m
[35m[HTTP][39m [90m{}[39m
[35m[W3C (089d614d)][39m Driver proxy active, passing request on via HTTP proxy
[35m[WD Proxy][39m Replacing sessionId eaab462b-943b-4662-bf69-a9bccf5b9873 with 089d614d-1fe6-4a7e-9c2d-adce5ef55d12
[35m[HTTP][39m [37m<-- GET /wd/hub/session/089d614d-1fe6-4a7e-9c2d-adce5ef55d12/element/48f9e499-e27b-4419-8dd4-c58e27f470a3/location [39m[32m200[39m [90m18 ms - 89[39m
[35m[HTTP][39m [90m[39m
[35m[HTTP][39m [37m-->[39m [37mPOST[39m [37m/wd/hub/session/089d614d-1fe6-4a7e-9c2d-adce5ef55d12/timeouts[39m
[35m[HTTP][39m [90m{"implicit":30000}[39m
[35m[HTTP][39m [37m<-- POST /wd/hub/session/089d614d-1fe6-4a7e-9c2d-adce5ef55d12/timeouts [39m[32m200[39m [90m2 ms - 14[39m
[35m[HTTP][39m [90m[39m
[35m[HTTP][39m [37m-->[39m [37mPOST[39m [37m/wd/hub/session/089d614d-1fe6-4a7e-9c2d-adce5ef55d12/element/48f9e499-e27b-4419-8dd4-c58e27f470a3/clear[39m
[35m[HTTP][39m [90m{"id":"48f9e499-e27b-4419-8dd4-c58e27f470a3"}[39m
[35m[HTTP][39m [37m<-- POST /wd/hub/session/089d614d-1fe6-4a7e-9c2d-adce5ef55d12/element/48f9e499-e27b-4419-8dd4-c58e27f470a3/clear [39m[32m200[39m [90m21 ms - 27[39m
[35m[HTTP][39m [90m[39m
[35m[HTTP][39m [37m-->[39m [37mPOST[39m [37m/wd/hub/session/089d614d-1fe6-4a7e-9c2d-adce5ef55d12/element/48f9e499-e27b-4419-8dd4-c58e27f470a3/value[39m
[35m[HTTP][39m [90m{"id":"48f9e499-e27b-4419-8dd4-c58e27f470a3","text":"ayush","value":["a","y","u","s","h"]}[39m
[35m[HTTP][39m [37m<-- POST /wd/hub/session/089d614d-1fe6-4a7e-9c2d-adce5ef55d12/element/48f9e499-e27b-4419-8dd4-c58e27f470a3/value [39m[32m200[39m [90m1193 ms - 12[39m
[35m[HTTP][39m [90m[39m
[35m[HTTP][39m [37m-->[39m [37mPOST[39m [37m/wd/hub/session/089d614d-1fe6-4a7e-9c2d-adce5ef55d12/timeouts[39m
[35m[HTTP][39m [90m{"implicit":50}[39m
[35m[HTTP][39m [37m<-- POST /wd/hub/session/089d614d-1fe6-4a7e-9c2d-adce5ef55d12/timeouts [39m[32m200[39m [90m2 ms - 14[39m
[35m[HTTP][39m [90m[39m
[35m[HTTP][39m [37m-->[39m [37mGET[39m [37m/wd/hub/session/089d614d-1fe6-4a7e-9c2d-adce5ef55d12/window/rect[39m
[35m[HTTP][39m [90m{}[39m
[35m[HTTP][39m [37m<-- GET /wd/hub/session/089d614d-1fe6-4a7e-9c2d-adce5ef55d12/window/rect [39m[32m200[39m [90m14 ms - 50[39m
[35m[HTTP][39m [90m[39m
[35m[HTTP][39m [37m-->[39m [37mPOST[39m [37m/wd/hub/session/089d614d-1fe6-4a7e-9c2d-adce5ef55d12/elements[39m
[35m[HTTP][39m [90m{"using":"-android uiautomator","value":"new UiSelector().className(\"android.widget.TextView\").text(\"Please enter a valid email.\").resourceId(\"com.reviverauto.rplate:id/textinput_error\")"}[39m
[35m[HTTP][39m [37m<-- POST /wd/hub/session/089d614d-1fe6-4a7e-9c2d-adce5ef55d12/elements [39m[32m200[39m [90m424 ms - 139[39m
[35m[HTTP][39m [90m[39m
[35m[HTTP][39m [37m-->[39m [37mGET[39m [37m/wd/hub/session/089d614d-1fe6-4a7e-9c2d-adce5ef55d12/element/d0d49911-79b8-49fb-9a50-d34088c0d82a/location[39m
[35m[HTTP][39m [90m{}[39m
[35m[W3C (089d614d)][39m Driver proxy active, passing request on via HTTP proxy
[35m[WD Proxy][39m Replacing sessionId eaab462b-943b-4662-bf69-a9bccf5b9873 with 089d614d-1fe6-4a7e-9c2d-adce5ef55d12
[35m[HTTP][39m [37m<-- GET /wd/hub/session/089d614d-1fe6-4a7e-9c2d-adce5ef55d12/element/d0d49911-79b8-49fb-9a50-d34088c0d82a/location [39m[32m200[39m [90m24 ms - 89[39m
[35m[HTTP][39m [90m[39m
[35m[HTTP][39m [37m-->[39m [37mPOST[39m [37m/wd/hub/session/089d614d-1fe6-4a7e-9c2d-adce5ef55d12/timeouts[39m
[35m[HTTP][39m [90m{"implicit":30000}[39m
[35m[HTTP][39m [37m<-- POST /wd/hub/session/089d614d-1fe6-4a7e-9c2d-adce5ef55d12/timeouts [39m[32m200[39m [90m3 ms - 14[39m
[35m[HTTP][39m [90m[39m
[35m[HTTP][39m [37m-->[39m [37mGET[39m [37m/wd/hub/session/089d614d-1fe6-4a7e-9c2d-adce5ef55d12/element/d0d49911-79b8-49fb-9a50-d34088c0d82a/attribute/text[39m
[35m[HTTP][39m [90m{}[39m
[35m[HTTP][39m [37m<-- GET /wd/hub/session/089d614d-1fe6-4a7e-9c2d-adce5ef55d12/element/d0d49911-79b8-49fb-9a50-d34088c0d82a/attribute/text [39m[32m200[39m [90m22 ms - 39[39m
[35m[HTTP][39m [90m[39m
[35m[HTTP][39m [37m-->[39m [37mPOST[39m [37m/wd/hub/session/089d614d-1fe6-4a7e-9c2d-adce5ef55d12/timeouts[39m
[35m[HTTP][39m [90m{"implicit":50}[39m
[35m[HTTP][39m [37m<-- POST /wd/hub/session/089d614d-1fe6-4a7e-9c2d-adce5ef55d12/timeouts [39m[32m200[39m [90m2 ms - 14[39m
[35m[HTTP][39m [90m[39m
[35m[HTTP][39m [37m-->[39m [37mGET[39m [37m/wd/hub/session/089d614d-1fe6-4a7e-9c2d-adce5ef55d12/window/rect[39m
[35m[HTTP][39m [90m{}[39m
[35m[HTTP][39m [37m<-- GET /wd/hub/session/089d614d-1fe6-4a7e-9c2d-adce5ef55d12/window/rect [39m[32m200[39m [90m23 ms - 50[39m
[35m[HTTP][39m [90m[39m
[35m[HTTP][39m [37m-->[39m [37mPOST[39m [37m/wd/hub/session/089d614d-1fe6-4a7e-9c2d-adce5ef55d12/elements[39m
[35m[HTTP][39m [90m{"using":"xpath","value":"//hierarchy/android.widget.FrameLayout[1]/android.widget.LinearLayout[1]/android.widget.FrameLayout[1]/android.view.ViewGroup[1]/android.widget.FrameLayout[2]/android.widget.FrameLayout[1]/android.widget.LinearLayout[1]/android.widget.LinearLayout[1]/android.widget.LinearLayout[1]/TextInputLayout[1]/android.widget.FrameLayout[1]/android.widget.EditText[1]"}[39m
[35m[HTTP][39m [37m<-- POST /wd/hub/session/089d614d-1fe6-4a7e-9c2d-adce5ef55d12/elements [39m[32m200[39m [90m136 ms - 139[39m
[35m[HTTP][39m [90m[39m
[35m[HTTP][39m [37m-->[39m [37mGET[39m [37m/wd/hub/session/089d614d-1fe6-4a7e-9c2d-adce5ef55d12/element/90a8d9e1-7205-46a7-b838-d9438bf7802c/location[39m
[35m[HTTP][39m [90m{}[39m
[35m[W3C (089d614d)][39m Driver proxy active, passing request on via HTTP proxy
[35m[WD Proxy][39m Replacing sessionId eaab462b-943b-4662-bf69-a9bccf5b9873 with 089d614d-1fe6-4a7e-9c2d-adce5ef55d12
[35m[HTTP][39m [37m<-- GET /wd/hub/session/089d614d-1fe6-4a7e-9c2d-adce5ef55d12/element/90a8d9e1-7205-46a7-b838-d9438bf7802c/location [39m[32m200[39m [90m16 ms - 89[39m
[35m[HTTP][39m [90m[39m
[35m[HTTP][39m [37m-->[39m [37mPOST[39m [37m/wd/hub/session/089d614d-1fe6-4a7e-9c2d-adce5ef55d12/timeouts[39m
[35m[HTTP][39m [90m{"implicit":30000}[39m
[35m[HTTP][39m [37m<-- POST /wd/hub/session/089d614d-1fe6-4a7e-9c2d-adce5ef55d12/timeouts [39m[32m200[39m [90m1 ms - 14[39m
[35m[HTTP][39m [90m[39m
[35m[HTTP][39m [37m-->[39m [37mPOST[39m [37m/wd/hub/session/089d614d-1fe6-4a7e-9c2d-adce5ef55d12/element/90a8d9e1-7205-46a7-b838-d9438bf7802c/clear[39m
[35m[HTTP][39m [90m{"id":"90a8d9e1-7205-46a7-b838-d9438bf7802c"}[39m
[35m[HTTP][39m [37m<-- POST /wd/hub/session/089d614d-1fe6-4a7e-9c2d-adce5ef55d12/element/90a8d9e1-7205-46a7-b838-d9438bf7802c/clear [39m[32m200[39m [90m21 ms - 27[39m
[35m[HTTP][39m [90m[39m
[35m[HTTP][39m [37m-->[39m [37mPOST[39m [37m/wd/hub/session/089d614d-1fe6-4a7e-9c2d-adce5ef55d12/element/90a8d9e1-7205-46a7-b838-d9438bf7802c/value[39m
[35m[HTTP][39m [90m{"id":"90a8d9e1-7205-46a7-b838-d9438bf7802c","text":"ayush.kumar+qa99@revivertest.com","value":["a","y","u","s","h",".","k","u","m","a","r","+","q","a","9","9","@","r","e","v","i","v","e","r","t","e","s","t",".","c","o","m"]}[39m
[35m[HTTP][39m [37m<-- POST /wd/hub/session/089d614d-1fe6-4a7e-9c2d-adce5ef55d12/element/90a8d9e1-7205-46a7-b838-d9438bf7802c/value [39m[32m200[39m [90m1027 ms - 12[39m
[35m[HTTP][39m [90m[39m
[35m[HTTP][39m [37m-->[39m [37mPOST[39m [37m/wd/hub/session/089d614d-1fe6-4a7e-9c2d-adce5ef55d12/timeouts[39m
[35m[HTTP][39m [90m{"implicit":50}[39m
[35m[HTTP][39m [37m<-- POST /wd/hub/session/089d614d-1fe6-4a7e-9c2d-adce5ef55d12/timeouts [39m[32m200[39m [90m7 ms - 14[39m
[35m[HTTP][39m [90m[39m
[35m[HTTP][39m [37m-->[39m [37mGET[39m [37m/wd/hub/session/089d614d-1fe6-4a7e-9c2d-adce5ef55d12/window/rect[39m
[35m[HTTP][39m [90m{}[39m
[35m[HTTP][39m [37m<-- GET /wd/hub/session/089d614d-1fe6-4a7e-9c2d-adce5ef55d12/window/rect [39m[32m200[39m [90m28 ms - 50[39m
[35m[HTTP][39m [90m[39m
[35m[HTTP][39m [37m-->[39m [37mPOST[39m [37m/wd/hub/session/089d614d-1fe6-4a7e-9c2d-adce5ef55d12/elements[39m
[35m[HTTP][39m [90m{"using":"-android uiautomator","value":"new UiSelector().className(\"android.widget.Button\").text(\"SEND\").resourceId(\"com.reviverauto.rplate:id/btn_forgot_password_send\")"}[39m
[35m[HTTP][39m [37m<-- POST /wd/hub/session/089d614d-1fe6-4a7e-9c2d-adce5ef55d12/elements [39m[32m200[39m [90m753 ms - 139[39m
[35m[HTTP][39m [90m[39m
[35m[HTTP][39m [37m-->[39m [37mGET[39m [37m/wd/hub/session/089d614d-1fe6-4a7e-9c2d-adce5ef55d12/element/b35be1c4-b3d3-4a6d-b870-4556fc0c0ba2/location[39m
[35m[HTTP][39m [90m{}[39m
[35m[W3C (089d614d)][39m Driver proxy active, passing request on via HTTP proxy
[35m[WD Proxy][39m Replacing sessionId eaab462b-943b-4662-bf69-a9bccf5b9873 with 089d614d-1fe6-4a7e-9c2d-adce5ef55d12
[35m[HTTP][39m [37m<-- GET /wd/hub/session/089d614d-1fe6-4a7e-9c2d-adce5ef55d12/element/b35be1c4-b3d3-4a6d-b870-4556fc0c0ba2/location [39m[32m200[39m [90m26 ms - 90[39m
[35m[HTTP][39m [90m[39m
[35m[HTTP][39m [37m-->[39m [37mPOST[39m [37m/wd/hub/session/089d614d-1fe6-4a7e-9c2d-adce5ef55d12/timeouts[39m
[35m[HTTP][39m [90m{"implicit":30000}[39m
[35m[HTTP][39m [37m<-- POST /wd/hub/session/089d614d-1fe6-4a7e-9c2d-adce5ef55d12/timeouts [39m[32m200[39m [90m2 ms - 14[39m
[35m[HTTP][39m [90m[39m
[35m[HTTP][39m [37m-->[39m [37mPOST[39m [37m/wd/hub/session/089d614d-1fe6-4a7e-9c2d-adce5ef55d12/touch/perform[39m
[35m[HTTP][39m [90m{"actions":[{"action":"tap","options":{"x":1,"y":1,"element":"b35be1c4-b3d3-4a6d-b870-4556fc0c0ba2"}},{"action":"release","options":{}}]}[39m
[35m[UiAutomator2][39m calling get location: b35be1c4-b3d3-4a6d-b870-4556fc0c0ba2
[35m[HTTP][39m [37m<-- POST /wd/hub/session/089d614d-1fe6-4a7e-9c2d-adce5ef55d12/touch/perform [39m[32m200[39m [90m1273 ms - 14[39m
[35m[HTTP][39m [90m[39m
[35m[HTTP][39m [37m-->[39m [37mPOST[39m [37m/wd/hub/session/089d614d-1fe6-4a7e-9c2d-adce5ef55d12/timeouts[39m
[35m[HTTP][39m [90m{"implicit":50}[39m
[35m[HTTP][39m [37m<-- POST /wd/hub/session/089d614d-1fe6-4a7e-9c2d-adce5ef55d12/timeouts [39m[32m200[39m [90m2 ms - 14[39m
[35m[HTTP][39m [90m[39m
[35m[HTTP][39m [37m-->[39m [37mGET[39m [37m/wd/hub/session/089d614d-1fe6-4a7e-9c2d-adce5ef55d12/window/rect[39m
[35m[HTTP][39m [90m{}[39m
[35m[HTTP][39m [37m<-- GET /wd/hub/session/089d614d-1fe6-4a7e-9c2d-adce5ef55d12/window/rect [39m[32m200[39m [90m38 ms - 50[39m
[35m[HTTP][39m [90m[39m
[35m[HTTP][39m [37m-->[39m [37mPOST[39m [37m/wd/hub/session/089d614d-1fe6-4a7e-9c2d-adce5ef55d12/elements[39m
[35m[HTTP][39m [90m{"using":"-android uiautomator","value":"new UiSelector().className(\"android.widget.TextView\").text(\"Email Sent Successfully\").resourceId(\"com.reviverauto.rplate:id/alertTitle\")"}[39m
[35m[HTTP][39m [37m<-- POST /wd/hub/session/089d614d-1fe6-4a7e-9c2d-adce5ef55d12/elements [39m[32m200[39m [90m879 ms - 139[39m
[35m[HTTP][39m [90m[39m
[35m[HTTP][39m [37m-->[39m [37mGET[39m [37m/wd/hub/session/089d614d-1fe6-4a7e-9c2d-adce5ef55d12/element/1f966e21-cfe7-43b2-9bd0-6b88556a4907/location[39m
[35m[HTTP][39m [90m{}[39m
[35m[W3C (089d614d)][39m Driver proxy active, passing request on via HTTP proxy
[35m[WD Proxy][39m Replacing sessionId eaab462b-943b-4662-bf69-a9bccf5b9873 with 089d614d-1fe6-4a7e-9c2d-adce5ef55d12
[35m[HTTP][39m [37m<-- GET /wd/hub/session/089d614d-1fe6-4a7e-9c2d-adce5ef55d12/element/1f966e21-cfe7-43b2-9bd0-6b88556a4907/location [39m[32m200[39m [90m22 ms - 90[39m
[35m[HTTP][39m [90m[39m
[35m[HTTP][39m [37m-->[39m [37mPOST[39m [37m/wd/hub/session/089d614d-1fe6-4a7e-9c2d-adce5ef55d12/timeouts[39m
[35m[HTTP][39m [90m{"implicit":30000}[39m
[35m[HTTP][39m [37m<-- POST /wd/hub/session/089d614d-1fe6-4a7e-9c2d-adce5ef55d12/timeouts [39m[32m200[39m [90m3 ms - 14[39m
[35m[HTTP][39m [90m[39m
[35m[HTTP][39m [37m-->[39m [37mPOST[39m [37m/wd/hub/session/089d614d-1fe6-4a7e-9c2d-adce5ef55d12/timeouts[39m
[35m[HTTP][39m [90m{"implicit":50}[39m
[35m[HTTP][39m [37m<-- POST /wd/hub/session/089d614d-1fe6-4a7e-9c2d-adce5ef55d12/timeouts [39m[32m200[39m [90m2 ms - 14[39m
[35m[HTTP][39m [90m[39m
[35m[HTTP][39m [37m-->[39m [37mGET[39m [37m/wd/hub/session/089d614d-1fe6-4a7e-9c2d-adce5ef55d12/window/rect[39m
[35m[HTTP][39m [90m{}[39m
[35m[HTTP][39m [37m<-- GET /wd/hub/session/089d614d-1fe6-4a7e-9c2d-adce5ef55d12/window/rect [39m[32m200[39m [90m14 ms - 50[39m
[35m[HTTP][39m [90m[39m
[35m[HTTP][39m [37m-->[39m [37mPOST[39m [37m/wd/hub/session/089d614d-1fe6-4a7e-9c2d-adce5ef55d12/elements[39m
[35m[HTTP][39m [90m{"using":"-android uiautomator","value":"new UiSelector().className(\"android.widget.TextView\").text(\"Check your Inbox and click on the password reset link.\").resourceId(\"android:id/message\")"}[39m
[35m[HTTP][39m [37m<-- POST /wd/hub/session/089d614d-1fe6-4a7e-9c2d-adce5ef55d12/elements [39m[32m200[39m [90m43 ms - 139[39m
[35m[HTTP][39m [90m[39m
[35m[HTTP][39m [37m-->[39m [37mGET[39m [37m/wd/hub/session/089d614d-1fe6-4a7e-9c2d-adce5ef55d12/element/e1cf6969-7f74-433b-929d-0cd5098b8bf6/location[39m
[35m[HTTP][39m [90m{}[39m
[35m[W3C (089d614d)][39m Driver proxy active, passing request on via HTTP proxy
[35m[WD Proxy][39m Replacing sessionId eaab462b-943b-4662-bf69-a9bccf5b9873 with 089d614d-1fe6-4a7e-9c2d-adce5ef55d12
[35m[HTTP][39m [37m<-- GET /wd/hub/session/089d614d-1fe6-4a7e-9c2d-adce5ef55d12/element/e1cf6969-7f74-433b-929d-0cd5098b8bf6/location [39m[32m200[39m [90m21 ms - 89[39m
[35m[HTTP][39m [90m[39m
[35m[HTTP][39m [37m-->[39m [37mPOST[39m [37m/wd/hub/session/089d614d-1fe6-4a7e-9c2d-adce5ef55d12/timeouts[39m
[35m[HTTP][39m [90m{"implicit":30000}[39m
[35m[HTTP][39m [37m<-- POST /wd/hub/session/089d614d-1fe6-4a7e-9c2d-adce5ef55d12/timeouts [39m[32m200[39m [90m2 ms - 14[39m
[35m[HTTP][39m [90m[39m
[35m[HTTP][39m [37m-->[39m [37mGET[39m [37m/wd/hub/session/089d614d-1fe6-4a7e-9c2d-adce5ef55d12/element/e1cf6969-7f74-433b-929d-0cd5098b8bf6/attribute/text[39m
[35m[HTTP][39m [90m{}[39m
[35m[HTTP][39m [37m<-- GET /wd/hub/session/089d614d-1fe6-4a7e-9c2d-adce5ef55d12/element/e1cf6969-7f74-433b-929d-0cd5098b8bf6/attribute/text [39m[32m200[39m [90m19 ms - 66[39m
[35m[HTTP][39m [90m[39m
[35m[HTTP][39m [37m-->[39m [37mPOST[39m [37m/wd/hub/session/089d614d-1fe6-4a7e-9c2d-adce5ef55d12/timeouts[39m
[35m[HTTP][39m [90m{"implicit":50}[39m
[35m[HTTP][39m [37m<-- POST /wd/hub/session/089d614d-1fe6-4a7e-9c2d-adce5ef55d12/timeouts [39m[32m200[39m [90m3 ms - 14[39m
[35m[HTTP][39m [90m[39m
[35m[HTTP][39m [37m-->[39m [37mGET[39m [37m/wd/hub/session/089d614d-1fe6-4a7e-9c2d-adce5ef55d12/window/rect[39m
[35m[HTTP][39m [90m{}[39m
[35m[HTTP][39m [37m<-- GET /wd/hub/session/089d614d-1fe6-4a7e-9c2d-adce5ef55d12/window/rect [39m[32m200[39m [90m15 ms - 50[39m
[35m[HTTP][39m [90m[39m
[35m[HTTP][39m [37m-->[39m [37mPOST[39m [37m/wd/hub/session/089d614d-1fe6-4a7e-9c2d-adce5ef55d12/elements[39m
[35m[HTTP][39m [90m{"using":"-android uiautomator","value":"new UiSelector().className(\"android.widget.Button\").text(\"OK\").resourceId(\"android:id/button1\")"}[39m
[35m[HTTP][39m [37m<-- POST /wd/hub/session/089d614d-1fe6-4a7e-9c2d-adce5ef55d12/elements [39m[32m200[39m [90m28 ms - 139[39m
[35m[HTTP][39m [90m[39m
[35m[HTTP][39m [37m-->[39m [37mGET[39m [37m/wd/hub/session/089d614d-1fe6-4a7e-9c2d-adce5ef55d12/element/d5906ea1-8f4c-41bb-a0e4-0cccde3f9ff0/location[39m
[35m[HTTP][39m [90m{}[39m
[35m[W3C (089d614d)][39m Driver proxy active, passing request on via HTTP proxy
[35m[WD Proxy][39m Replacing sessionId eaab462b-943b-4662-bf69-a9bccf5b9873 with 089d614d-1fe6-4a7e-9c2d-adce5ef55d12
[35m[HTTP][39m [37m<-- GET /wd/hub/session/089d614d-1fe6-4a7e-9c2d-adce5ef55d12/element/d5906ea1-8f4c-41bb-a0e4-0cccde3f9ff0/location [39m[32m200[39m [90m26 ms - 91[39m
[35m[HTTP][39m [90m[39m
[35m[HTTP][39m [37m-->[39m [37mPOST[39m [37m/wd/hub/session/089d614d-1fe6-4a7e-9c2d-adce5ef55d12/timeouts[39m
[35m[HTTP][39m [90m{"implicit":30000}[39m
[35m[HTTP][39m [37m<-- POST /wd/hub/session/089d614d-1fe6-4a7e-9c2d-adce5ef55d12/timeouts [39m[32m200[39m [90m1 ms - 14[39m
[35m[HTTP][39m [90m[39m
[35m[HTTP][39m [37m-->[39m [37mPOST[39m [37m/wd/hub/session/089d614d-1fe6-4a7e-9c2d-adce5ef55d12/touch/perform[39m
[35m[HTTP][39m [90m{"actions":[{"action":"tap","options":{"x":1,"y":1,"element":"d5906ea1-8f4c-41bb-a0e4-0cccde3f9ff0"}},{"action":"release","options":{}}]}[39m
[35m[UiAutomator2][39m calling get location: d5906ea1-8f4c-41bb-a0e4-0cccde3f9ff0
[35m[HTTP][39m [37m<-- POST /wd/hub/session/089d614d-1fe6-4a7e-9c2d-adce5ef55d12/touch/perform [39m[32m200[39m [90m1389 ms - 14[39m
[35m[HTTP][39m [90m[39m
[35m[HTTP][39m [37m-->[39m [37mPOST[39m [37m/wd/hub/session/089d614d-1fe6-4a7e-9c2d-adce5ef55d12/timeouts[39m
[35m[HTTP][39m [90m{"implicit":50}[39m
[35m[HTTP][39m [37m<-- POST /wd/hub/session/089d614d-1fe6-4a7e-9c2d-adce5ef55d12/timeouts [39m[32m200[39m [90m3 ms - 14[39m
[35m[HTTP][39m [90m[39m
[35m[HTTP][39m [37m-->[39m [37mGET[39m [37m/wd/hub/session/089d614d-1fe6-4a7e-9c2d-adce5ef55d12/window/rect[39m
[35m[HTTP][39m [90m{}[39m
[35m[HTTP][39m [37m<-- GET /wd/hub/session/089d614d-1fe6-4a7e-9c2d-adce5ef55d12/window/rect [39m[32m200[39m [90m77 ms - 50[39m
[35m[HTTP][39m [90m[39m
[35m[HTTP][39m [37m-->[39m [37mPOST[39m [37m/wd/hub/session/089d614d-1fe6-4a7e-9c2d-adce5ef55d12/elements[39m
[35m[HTTP][39m [90m{"using":"-android uiautomator","value":"new UiSelector().className(\"android.widget.TextView\").text(\"SIGN IN\").resourceId(\"com.reviverauto.rplate:id/txtSignIn\")"}[39m
[35m[HTTP][39m [37m<-- POST /wd/hub/session/089d614d-1fe6-4a7e-9c2d-adce5ef55d12/elements [39m[32m200[39m [90m119 ms - 12[39m
[35m[HTTP][39m [90m[39m
[35m[HTTP][39m [37m-->[39m [37mPOST[39m [37m/wd/hub/session/089d614d-1fe6-4a7e-9c2d-adce5ef55d12/elements[39m
[35m[HTTP][39m [90m{"using":"-android uiautomator","value":"new UiSelector().className(\"android.widget.TextView\").text(\"SIGN IN\").resourceId(\"com.reviverauto.rplate:id/txtSignIn\")"}[39m
[35m[HTTP][39m [37m<-- POST /wd/hub/session/089d614d-1fe6-4a7e-9c2d-adce5ef55d12/elements [39m[32m200[39m [90m124 ms - 12[39m
[35m[HTTP][39m [90m[39m
[35m[HTTP][39m [37m-->[39m [37mPOST[39m [37m/wd/hub/session/089d614d-1fe6-4a7e-9c2d-adce5ef55d12/elements[39m
[35m[HTTP][39m [90m{"using":"-android uiautomator","value":"new UiSelector().className(\"android.widget.TextView\").text(\"SIGN IN\").resourceId(\"com.reviverauto.rplate:id/txtSignIn\")"}[39m
[35m[HTTP][39m [37m<-- POST /wd/hub/session/089d614d-1fe6-4a7e-9c2d-adce5ef55d12/elements [39m[32m200[39m [90m116 ms - 12[39m
[35m[HTTP][39m [90m[39m
[35m[HTTP][39m [37m-->[39m [37mPOST[39m [37m/wd/hub/session/089d614d-1fe6-4a7e-9c2d-adce5ef55d12/elements[39m
[35m[HTTP][39m [90m{"using":"-android uiautomator","value":"new UiSelector().className(\"android.widget.TextView\").text(\"SIGN IN\").resourceId(\"com.reviverauto.rplate:id/txtSignIn\")"}[39m
[35m[HTTP][39m [37m<-- POST /wd/hub/session/089d614d-1fe6-4a7e-9c2d-adce5ef55d12/elements [39m[32m200[39m [90m122 ms - 12[39m
[35m[HTTP][39m [90m[39m
[35m[HTTP][39m [37m-->[39m [37mPOST[39m [37m/wd/hub/session/089d614d-1fe6-4a7e-9c2d-adce5ef55d12/elements[39m
[35m[HTTP][39m [90m{"using":"-android uiautomator","value":"new UiSelector().className(\"android.widget.TextView\").text(\"SIGN IN\").resourceId(\"com.reviverauto.rplate:id/txtSignIn\")"}[39m
[35m[HTTP][39m [37m<-- POST /wd/hub/session/089d614d-1fe6-4a7e-9c2d-adce5ef55d12/elements [39m[32m200[39m [90m117 ms - 12[39m
[35m[HTTP][39m [90m[39m
[35m[HTTP][39m [37m-->[39m [37mPOST[39m [37m/wd/hub/session/089d614d-1fe6-4a7e-9c2d-adce5ef55d12/elements[39m
[35m[HTTP][39m [90m{"using":"-android uiautomator","value":"new UiSelector().className(\"android.widget.TextView\").text(\"SIGN IN\").resourceId(\"com.reviverauto.rplate:id/txtSignIn\")"}[39m
[35m[HTTP][39m [37m<-- POST /wd/hub/session/089d614d-1fe6-4a7e-9c2d-adce5ef55d12/elements [39m[32m200[39m [90m104 ms - 12[39m
[35m[HTTP][39m [90m[39m
[35m[HTTP][39m [37m-->[39m [37mPOST[39m [37m/wd/hub/session/089d614d-1fe6-4a7e-9c2d-adce5ef55d12/elements[39m
[35m[HTTP][39m [90m{"using":"-android uiautomator","value":"new UiSelector().className(\"android.widget.TextView\").text(\"SIGN IN\").resourceId(\"com.reviverauto.rplate:id/txtSignIn\")"}[39m
[35m[HTTP][39m [37m<-- POST /wd/hub/session/089d614d-1fe6-4a7e-9c2d-adce5ef55d12/elements [39m[32m200[39m [90m107 ms - 12[39m
[35m[HTTP][39m [90m[39m
[35m[HTTP][39m [37m-->[39m [37mPOST[39m [37m/wd/hub/session/089d614d-1fe6-4a7e-9c2d-adce5ef55d12/elements[39m
[35m[HTTP][39m [90m{"using":"-android uiautomator","value":"new UiSelector().className(\"android.widget.TextView\").text(\"SIGN IN\").resourceId(\"com.reviverauto.rplate:id/txtSignIn\")"}[39m
[35m[HTTP][39m [37m<-- POST /wd/hub/session/089d614d-1fe6-4a7e-9c2d-adce5ef55d12/elements [39m[32m200[39m [90m140 ms - 12[39m
[35m[HTTP][39m [90m[39m
[35m[HTTP][39m [37m-->[39m [37mPOST[39m [37m/wd/hub/session/089d614d-1fe6-4a7e-9c2d-adce5ef55d12/elements[39m
[35m[HTTP][39m [90m{"using":"-android uiautomator","value":"new UiSelector().className(\"android.widget.TextView\").text(\"SIGN IN\").resourceId(\"com.reviverauto.rplate:id/txtSignIn\")"}[39m
[35m[HTTP][39m [37m<-- POST /wd/hub/session/089d614d-1fe6-4a7e-9c2d-adce5ef55d12/elements [39m[32m200[39m [90m673 ms - 139[39m
[35m[HTTP][39m [90m[39m
[35m[HTTP][39m [37m-->[39m [37mGET[39m [37m/wd/hub/session/089d614d-1fe6-4a7e-9c2d-adce5ef55d12/element/8ddeb883-b7cc-4bba-b3a7-7baf63a51157/location[39m
[35m[HTTP][39m [90m{}[39m
[35m[W3C (089d614d)][39m Driver proxy active, passing request on via HTTP proxy
[35m[WD Proxy][39m Replacing sessionId eaab462b-943b-4662-bf69-a9bccf5b9873 with 089d614d-1fe6-4a7e-9c2d-adce5ef55d12
[35m[HTTP][39m [37m<-- GET /wd/hub/session/089d614d-1fe6-4a7e-9c2d-adce5ef55d12/element/8ddeb883-b7cc-4bba-b3a7-7baf63a51157/location [39m[32m200[39m [90m59 ms - 88[39m
[35m[HTTP][39m [90m[39m
[35m[HTTP][39m [37m-->[39m [37mPOST[39m [37m/wd/hub/session/089d614d-1fe6-4a7e-9c2d-adce5ef55d12/timeouts[39m
[35m[HTTP][39m [90m{"implicit":30000}[39m
[35m[HTTP][39m [37m<-- POST /wd/hub/session/089d614d-1fe6-4a7e-9c2d-adce5ef55d12/timeouts [39m[32m200[39m [90m3 ms - 14[39m
[35m[HTTP][39m [90m[39m
[35m[HTTP][39m [37m-->[39m [37mPOST[39m [37m/wd/hub/session/089d614d-1fe6-4a7e-9c2d-adce5ef55d12/timeouts[39m
[35m[HTTP][39m [90m{"implicit":50}[39m
[35m[HTTP][39m [37m<-- POST /wd/hub/session/089d614d-1fe6-4a7e-9c2d-adce5ef55d12/timeouts [39m[32m200[39m [90m2 ms - 14[39m
[35m[HTTP][39m [90m[39m
[35m[HTTP][39m [37m-->[39m [37mGET[39m [37m/wd/hub/session/089d614d-1fe6-4a7e-9c2d-adce5ef55d12/window/rect[39m
[35m[HTTP][39m [90m{}[39m
[35m[HTTP][39m [37m<-- GET /wd/hub/session/089d614d-1fe6-4a7e-9c2d-adce5ef55d12/window/rect [39m[32m200[39m [90m31 ms - 50[39m
[35m[HTTP][39m [90m[39m
[35m[HTTP][39m [37m-->[39m [37mPOST[39m [37m/wd/hub/session/089d614d-1fe6-4a7e-9c2d-adce5ef55d12/elements[39m
[35m[HTTP][39m [90m{"using":"-android uiautomator","value":"new UiSelector().className(\"android.widget.TextView\").text(\"SIGN IN\").resourceId(\"com.reviverauto.rplate:id/txtSignIn\")"}[39m
[35m[HTTP][39m [37m<-- POST /wd/hub/session/089d614d-1fe6-4a7e-9c2d-adce5ef55d12/elements [39m[32m200[39m [90m141 ms - 139[39m
[35m[HTTP][39m [90m[39m
[35m[HTTP][39m [37m-->[39m [37mGET[39m [37m/wd/hub/session/089d614d-1fe6-4a7e-9c2d-adce5ef55d12/element/9e2a3ec9-2cac-478e-926b-07fc38c182bc/location[39m
[35m[HTTP][39m [90m{}[39m
[35m[W3C (089d614d)][39m Driver proxy active, passing request on via HTTP proxy
[35m[WD Proxy][39m Replacing sessionId eaab462b-943b-4662-bf69-a9bccf5b9873 with 089d614d-1fe6-4a7e-9c2d-adce5ef55d12
[35m[HTTP][39m [37m<-- GET /wd/hub/session/089d614d-1fe6-4a7e-9c2d-adce5ef55d12/element/9e2a3ec9-2cac-478e-926b-07fc38c182bc/location [39m[32m200[39m [90m642 ms - 88[39m
[35m[HTTP][39m [90m[39m
[35m[HTTP][39m [37m-->[39m [37mPOST[39m [37m/wd/hub/session/089d614d-1fe6-4a7e-9c2d-adce5ef55d12/timeouts[39m
[35m[HTTP][39m [90m{"implicit":30000}[39m
[35m[HTTP][39m [37m<-- POST /wd/hub/session/089d614d-1fe6-4a7e-9c2d-adce5ef55d12/timeouts [39m[32m200[39m [90m2 ms - 14[39m
[35m[HTTP][39m [90m[39m
[35m[HTTP][39m [37m-->[39m [37mPOST[39m [37m/wd/hub/session/089d614d-1fe6-4a7e-9c2d-adce5ef55d12/touch/perform[39m
[35m[HTTP][39m [90m{"actions":[{"action":"tap","options":{"x":1,"y":1,"element":"9e2a3ec9-2cac-478e-926b-07fc38c182bc"}},{"action":"release","options":{}}]}[39m
[35m[UiAutomator2][39m calling get location: 9e2a3ec9-2cac-478e-926b-07fc38c182bc
[35m[HTTP][39m [37m<-- POST /wd/hub/session/089d614d-1fe6-4a7e-9c2d-adce5ef55d12/touch/perform [39m[32m200[39m [90m1255 ms - 14[39m
[35m[HTTP][39m [90m[39m
[35m[HTTP][39m [37m-->[39m [37mPOST[39m [37m/wd/hub/session/089d614d-1fe6-4a7e-9c2d-adce5ef55d12/timeouts[39m
[35m[HTTP][39m [90m{"implicit":50}[39m
[35m[HTTP][39m [37m<-- POST /wd/hub/session/089d614d-1fe6-4a7e-9c2d-adce5ef55d12/timeouts [39m[32m200[39m [90m1 ms - 14[39m
[35m[HTTP][39m [90m[39m
[35m[HTTP][39m [37m-->[39m [37mGET[39m [37m/wd/hub/session/089d614d-1fe6-4a7e-9c2d-adce5ef55d12/window/rect[39m
[35m[HTTP][39m [90m{}[39m
[35m[HTTP][39m [37m<-- GET /wd/hub/session/089d614d-1fe6-4a7e-9c2d-adce5ef55d12/window/rect [39m[32m200[39m [90m15 ms - 50[39m
[35m[HTTP][39m [90m[39m
[35m[HTTP][39m [37m-->[39m [37mPOST[39m [37m/wd/hub/session/089d614d-1fe6-4a7e-9c2d-adce5ef55d12/elements[39m
[35m[HTTP][39m [90m{"using":"-android uiautomator","value":"new UiSelector().className(\"android.widget.TextView\").text(\"Sign In\")"}[39m
[35m[HTTP][39m [37m<-- POST /wd/hub/session/089d614d-1fe6-4a7e-9c2d-adce5ef55d12/elements [39m[32m200[39m [90m50 ms - 139[39m
[35m[HTTP][39m [90m[39m
[35m[HTTP][39m [37m-->[39m [37mGET[39m [37m/wd/hub/session/089d614d-1fe6-4a7e-9c2d-adce5ef55d12/element/39ae2289-f023-4fa0-b781-b42ac6f6cc7d/location[39m
[35m[HTTP][39m [90m{}[39m
[35m[W3C (089d614d)][39m Driver proxy active, passing request on via HTTP proxy
[35m[WD Proxy][39m Replacing sessionId eaab462b-943b-4662-bf69-a9bccf5b9873 with 089d614d-1fe6-4a7e-9c2d-adce5ef55d12
[35m[HTTP][39m [37m<-- GET /wd/hub/session/089d614d-1fe6-4a7e-9c2d-adce5ef55d12/element/39ae2289-f023-4fa0-b781-b42ac6f6cc7d/location [39m[32m200[39m [90m29 ms - 89[39m
[35m[HTTP][39m [90m[39m
[35m[HTTP][39m [37m-->[39m [37mPOST[39m [37m/wd/hub/session/089d614d-1fe6-4a7e-9c2d-adce5ef55d12/timeouts[39m
[35m[HTTP][39m [90m{"implicit":30000}[39m
[35m[HTTP][39m [37m<-- POST /wd/hub/session/089d614d-1fe6-4a7e-9c2d-adce5ef55d12/timeouts [39m[32m200[39m [90m2 ms - 14[39m
[35m[HTTP][39m [90m[39m
[35m[HTTP][39m [37m-->[39m [37mGET[39m [37m/wd/hub/session/089d614d-1fe6-4a7e-9c2d-adce5ef55d12/element/39ae2289-f023-4fa0-b781-b42ac6f6cc7d/displayed[39m
[35m[HTTP][39m [90m{}[39m
[35m[HTTP][39m [37m<-- GET /wd/hub/session/089d614d-1fe6-4a7e-9c2d-adce5ef55d12/element/39ae2289-f023-4fa0-b781-b42ac6f6cc7d/displayed [39m[32m200[39m [90m26 ms - 14[39m
[35m[HTTP][39m [90m[39m
[35m[HTTP][39m [37m-->[39m [37mDELETE[39m [37m/wd/hub/session/089d614d-1fe6-4a7e-9c2d-adce5ef55d12[39m
[35m[HTTP][39m [90m{}[39m
[35m[Appium][39m Removing session 089d614d-1fe6-4a7e-9c2d-adce5ef55d12 from our master session list
[35m[ADB][39m com.reviverauto.rplate was successfully uninstalled
[35m[UiAutomator2][39m Restoring hidden api policy to the device default configuration
[35m[HTTP][39m [37m<-- DELETE /wd/hub/session/089d614d-1fe6-4a7e-9c2d-adce5ef55d12 [39m[32m200[39m [90m1861 ms - 14[39m
[35m[HTTP][39m [90m[39m
