[35m[Appium][39m Welcome to Appium v1.13.0
[35m[Appium][39m Non-default server args:
[35m[Appium][39m   port: 53343
[35m[Appium][39m   loglevel: info
[35m[Appium][39m   chromeDriverPort: 53345
[35m[Appium][39m   tmpDir: /var/folders/g2/rmydg0rj3ssg6qj5hp81dz100000gr/T//Katalon/Appium/Temp1569496754870
[35m[Appium][39m Appium REST http interface listener started on 0.0.0.0:53343
[35m[HTTP][39m [37m-->[39m [37mGET[39m [37m/wd/hub/status[39m
[35m[HTTP][39m [90m{}[39m
[35m[HTTP][39m [37m<-- GET /wd/hub/status [39m[32m200[39m [90m6 ms - 68[39m
[35m[HTTP][39m [90m[39m
[35m[HTTP][39m [37m-->[39m [37mGET[39m [37m/wd/hub/status[39m
[35m[HTTP][39m [90m{}[39m
[35m[HTTP][39m [37m<-- GET /wd/hub/status [39m[32m200[39m [90m1 ms - 68[39m
[35m[HTTP][39m [90m[39m
[35m[HTTP][39m [37m-->[39m [37mPOST[39m [37m/wd/hub/session[39m
[35m[HTTP][39m [90m{"desiredCapabilities":{"app":"/Users/ayush/Desktop/APKs/Rplate26sept120.apk","noReset":true,"deviceName":"Google Pixel 2 (Android 9)","fullReset":false,"platform":"ANDROID","newCommandTimeout":1800,"platformVersion":"9","automationName":"uiautomator2","autoGrantPermissions":true,"platformName":"Android","udid":"10.97.6.76:5555","systemPort":53358},"capabilities":{"firstMatch":[{"appium:app":"/Users/ayush/Desktop/APKs/Rplate26sept120.apk","appium:autoGrantPermissions":true,"appium:automationName":"uiautomator2","appium:deviceName":"Google Pixel 2 (Android 9)","appium:fullReset":false,"appium:newCommandTimeout":1800,"appium:noReset":true,"platform":"ANDROID","platformName":"android","appium:platformVersion":"9","appium:systemPort":53358,"appium:udid":"10.97.6.76:5555"}]}}[39m
[35m[BaseDriver][39m The capabilities ["platform"] are not standard capabilities and should have an extension prefix
[35m[Appium][39m Appium v1.13.0 creating new AndroidUiautomator2Driver (v1.33.1) session
[35m[Appium][39m Capabilities:
[35m[Appium][39m   platform: ANDROID
[35m[Appium][39m   platformName: android
[35m[Appium][39m   app: /Users/ayush/Desktop/APKs/Rplate26sept120.apk
[35m[Appium][39m   autoGrantPermissions: true
[35m[Appium][39m   automationName: uiautomator2
[35m[Appium][39m   deviceName: Google Pixel 2 (Android 9)
[35m[Appium][39m   fullReset: false
[35m[Appium][39m   newCommandTimeout: 1800
[35m[Appium][39m   noReset: true
[35m[Appium][39m   platformVersion: 9
[35m[Appium][39m   systemPort: 53358
[35m[Appium][39m   udid: 10.97.6.76:5555
[35m[BaseDriver][39m The following capabilities were provided, but are not recognized by appium: platform.
[35m[BaseDriver][39m Session created with session id: 9b206be3-9820-40af-bd70-9c06120a3667
[35m[BaseDriver][39m Using local app '/Users/ayush/Desktop/APKs/Rplate26sept120.apk'
[35m[ADB][39m Found 1 'build-tools' folders under '/Users/ayush/.katalon/tools/android_sdk' (newest first):
[35m[ADB][39m     /Users/ayush/.katalon/tools/android_sdk/build-tools/29.0.2
[35m[ADB][39m Using 'adb' from '/Users/ayush/.katalon/tools/android_sdk/platform-tools/adb'
[35m[AndroidDriver][39m Retrieving device list
[35m[AndroidDriver][39m Using device: 10.97.6.76:5555
[35m[ADB][39m Using 'adb' from '/Users/ayush/.katalon/tools/android_sdk/platform-tools/adb'
[35m[UiAutomator2][39m Relaxing hidden api policy
[35m[ADB][39m Using 'apkanalyzer' from '/Users/ayush/.katalon/tools/android_sdk/tools/bin/apkanalyzer'
[35m[ADB][39m Package name: 'com.reviverauto.rplate'
[35m[ADB][39m Main activity name: 'com.reviverauto.rplate.SplashActivity'
[35m[ADB][39m Using 'aapt' from '/Users/ayush/.katalon/tools/android_sdk/build-tools/29.0.2/aapt'
[35m[ADB][39m Using 'apksigner' from '/Users/ayush/.katalon/tools/android_sdk/build-tools/29.0.2/apksigner'
[35m[UiAutomator2][39m Server packages are going to be (re)installed
[35m[UiAutomator2][39m Full packages reinstall is going to be performed
[35m[ADB][39m io.appium.uiautomator2.server was successfully uninstalled
[35m[ADB][39m Caching the application at '/usr/local/lib/node_modules/appium/node_modules/appium-uiautomator2-server/apks/appium-uiautomator2-server-v3.5.1.apk' to '/data/local/tmp/appium_cache/56abf1bf10f6562619a2dd8fb060718e27c4cb28.apk'
[35m[ADB][39m The upload of 'appium-uiautomator2-server-v3.5.1.apk' (2.14 MB) took 1.085s
[35m[ADB][39m The installation of 'appium-uiautomator2-server-v3.5.1.apk' took 2.066s
[35m[ADB][39m io.appium.uiautomator2.server.test was successfully uninstalled
[35m[ADB][39m Caching the application at '/usr/local/lib/node_modules/appium/node_modules/appium-uiautomator2-server/apks/appium-uiautomator2-server-debug-androidTest.apk' to '/data/local/tmp/appium_cache/bc38a04068b79fe3b459303c28bb4b7103bfb6c9.apk'
[35m[ADB][39m The upload of 'appium-uiautomator2-server-debug-androidTest.apk' (539.10 KB) took 0.321s
[35m[ADB][39m The installation of 'appium-uiautomator2-server-debug-androidTest.apk' took 2.134s
[35m[ADB][39m Using 'zipalign' from '/Users/ayush/.katalon/tools/android_sdk/build-tools/29.0.2/zipalign'
[35m[ADB][39m Caching the application at '/Users/ayush/Desktop/APKs/Rplate26sept120.apk' to '/data/local/tmp/appium_cache/fcce71d09b4030994ca4675b5f82ba3fc793a733.apk'
[35m[ADB][39m The upload of 'Rplate26sept120.apk' (8.73 MB) took 3.121s
[35m[ADB][39m The installation of 'Rplate26sept120.apk' took 3.338s
[35m[UiAutomator2][39m Starting UIAutomator2 server 3.5.1
[35m[UiAutomator2][39m Using UIAutomator2 server from '/usr/local/lib/node_modules/appium/node_modules/appium-uiautomator2-server/apks/appium-uiautomator2-server-v3.5.1.apk' and test from '/usr/local/lib/node_modules/appium/node_modules/appium-uiautomator2-server/apks/appium-uiautomator2-server-debug-androidTest.apk'
[35m[UiAutomator2][39m Waiting up to 30000ms for UiAutomator2 to be online...
[35m[WD Proxy][39m Got an unexpected response: {"code":"ECONNRESET"}
[35m[WD Proxy][39m Got an unexpected response: {"code":"ECONNRESET"}
[35m[AndroidDriver][39m Screen already unlocked, doing nothing
[35m[UiAutomator2][39m UiAutomator2 did not start the activity we were waiting for, 'com.reviverauto.rplate/com.reviverauto.rplate.SplashActivity'. Starting it ourselves
[35m[Appium][39m New AndroidUiautomator2Driver session created successfully, session 9b206be3-9820-40af-bd70-9c06120a3667 added to master session list
[35m[HTTP][39m [37m<-- POST /wd/hub/session [39m[32m200[39m [90m23504 ms - 1207[39m
[35m[HTTP][39m [90m[39m
[35m[HTTP][39m [37m-->[39m [37mGET[39m [37m/wd/hub/session/9b206be3-9820-40af-bd70-9c06120a3667[39m
[35m[HTTP][39m [90m{}[39m
[35m[HTTP][39m [37m<-- GET /wd/hub/session/9b206be3-9820-40af-bd70-9c06120a3667 [39m[32m200[39m [90m46 ms - 1139[39m
[35m[HTTP][39m [90m[39m
[35m[HTTP][39m [37m-->[39m [37mGET[39m [37m/wd/hub/session/9b206be3-9820-40af-bd70-9c06120a3667[39m
[35m[HTTP][39m [90m{}[39m
[35m[HTTP][39m [37m<-- GET /wd/hub/session/9b206be3-9820-40af-bd70-9c06120a3667 [39m[32m200[39m [90m21 ms - 1139[39m
[35m[HTTP][39m [90m[39m
[35m[HTTP][39m [37m-->[39m [37mGET[39m [37m/wd/hub/status[39m
[35m[HTTP][39m [90m{}[39m
[35m[HTTP][39m [37m<-- GET /wd/hub/status [39m[32m200[39m [90m1 ms - 68[39m
[35m[HTTP][39m [90m[39m
[35m[HTTP][39m [37m-->[39m [37mPOST[39m [37m/wd/hub/session/9b206be3-9820-40af-bd70-9c06120a3667/timeouts[39m
[35m[HTTP][39m [90m{"implicit":60000}[39m
[35m[HTTP][39m [37m<-- POST /wd/hub/session/9b206be3-9820-40af-bd70-9c06120a3667/timeouts [39m[32m200[39m [90m4 ms - 14[39m
[35m[HTTP][39m [90m[39m
[35m[HTTP][39m [37m-->[39m [37mGET[39m [37m/wd/hub/session/9b206be3-9820-40af-bd70-9c06120a3667/source[39m
[35m[HTTP][39m [90m{}[39m
[35m[W3C (9b206be3)][39m Driver proxy active, passing request on via HTTP proxy
[35m[WD Proxy][39m Replacing sessionId e2923553-05d6-4c3e-ad6c-d27d54afbcae with 9b206be3-9820-40af-bd70-9c06120a3667
[35m[HTTP][39m [37m<-- GET /wd/hub/session/9b206be3-9820-40af-bd70-9c06120a3667/source [39m[32m200[39m [90m256 ms - 9684[39m
[35m[HTTP][39m [90m[39m
[35m[HTTP][39m [37m-->[39m [37mGET[39m [37m/wd/hub/session/9b206be3-9820-40af-bd70-9c06120a3667/screenshot[39m
[35m[HTTP][39m [90m{}[39m
[35m[HTTP][39m [37m<-- GET /wd/hub/session/9b206be3-9820-40af-bd70-9c06120a3667/screenshot [39m[32m200[39m [90m789 ms - 466380[39m
[35m[HTTP][39m [90m[39m
[35m[HTTP][39m [37m-->[39m [37mGET[39m [37m/wd/hub/session/9b206be3-9820-40af-bd70-9c06120a3667/source[39m
[35m[HTTP][39m [90m{}[39m
[35m[W3C (9b206be3)][39m Driver proxy active, passing request on via HTTP proxy
[35m[WD Proxy][39m Replacing sessionId e2923553-05d6-4c3e-ad6c-d27d54afbcae with 9b206be3-9820-40af-bd70-9c06120a3667
[35m[HTTP][39m [37m<-- GET /wd/hub/session/9b206be3-9820-40af-bd70-9c06120a3667/source [39m[32m200[39m [90m299 ms - 6090[39m
[35m[HTTP][39m [90m[39m
[35m[HTTP][39m [37m-->[39m [37mGET[39m [37m/wd/hub/session/9b206be3-9820-40af-bd70-9c06120a3667/screenshot[39m
[35m[HTTP][39m [90m{}[39m
[35m[HTTP][39m [37m<-- GET /wd/hub/session/9b206be3-9820-40af-bd70-9c06120a3667/screenshot [39m[32m200[39m [90m1747 ms - 1572920[39m
[35m[HTTP][39m [90m[39m
[35m[HTTP][39m [37m-->[39m [37mGET[39m [37m/wd/hub/session/9b206be3-9820-40af-bd70-9c06120a3667/source[39m
[35m[HTTP][39m [90m{}[39m
[35m[W3C (9b206be3)][39m Driver proxy active, passing request on via HTTP proxy
[35m[WD Proxy][39m Replacing sessionId e2923553-05d6-4c3e-ad6c-d27d54afbcae with 9b206be3-9820-40af-bd70-9c06120a3667
[35m[HTTP][39m [37m<-- GET /wd/hub/session/9b206be3-9820-40af-bd70-9c06120a3667/source [39m[32m200[39m [90m382 ms - 12422[39m
[35m[HTTP][39m [90m[39m
[35m[HTTP][39m [37m-->[39m [37mGET[39m [37m/wd/hub/session/9b206be3-9820-40af-bd70-9c06120a3667/screenshot[39m
[35m[HTTP][39m [90m{}[39m
[35m[HTTP][39m [37m<-- GET /wd/hub/session/9b206be3-9820-40af-bd70-9c06120a3667/screenshot [39m[32m200[39m [90m705 ms - 142506[39m
[35m[HTTP][39m [90m[39m
[35m[HTTP][39m [37m-->[39m [37mGET[39m [37m/wd/hub/session/9b206be3-9820-40af-bd70-9c06120a3667/source[39m
[35m[HTTP][39m [90m{}[39m
[35m[W3C (9b206be3)][39m Driver proxy active, passing request on via HTTP proxy
[35m[WD Proxy][39m Replacing sessionId e2923553-05d6-4c3e-ad6c-d27d54afbcae with 9b206be3-9820-40af-bd70-9c06120a3667
[35m[HTTP][39m [37m<-- GET /wd/hub/session/9b206be3-9820-40af-bd70-9c06120a3667/source [39m[32m200[39m [90m418 ms - 12890[39m
[35m[HTTP][39m [90m[39m
[35m[HTTP][39m [37m-->[39m [37mGET[39m [37m/wd/hub/session/9b206be3-9820-40af-bd70-9c06120a3667/screenshot[39m
[35m[HTTP][39m [90m{}[39m
[35m[HTTP][39m [37m<-- GET /wd/hub/session/9b206be3-9820-40af-bd70-9c06120a3667/screenshot [39m[32m200[39m [90m551 ms - 68772[39m
[35m[HTTP][39m [90m[39m
[35m[HTTP][39m [37m-->[39m [37mGET[39m [37m/wd/hub/session/9b206be3-9820-40af-bd70-9c06120a3667/source[39m
[35m[HTTP][39m [90m{}[39m
[35m[W3C (9b206be3)][39m Driver proxy active, passing request on via HTTP proxy
[35m[WD Proxy][39m Replacing sessionId e2923553-05d6-4c3e-ad6c-d27d54afbcae with 9b206be3-9820-40af-bd70-9c06120a3667
[35m[HTTP][39m [37m<-- GET /wd/hub/session/9b206be3-9820-40af-bd70-9c06120a3667/source [39m[32m200[39m [90m248 ms - 12399[39m
[35m[HTTP][39m [90m[39m
[35m[HTTP][39m [37m-->[39m [37mGET[39m [37m/wd/hub/session/9b206be3-9820-40af-bd70-9c06120a3667/screenshot[39m
[35m[HTTP][39m [90m{}[39m
[35m[HTTP][39m [37m<-- GET /wd/hub/session/9b206be3-9820-40af-bd70-9c06120a3667/screenshot [39m[32m200[39m [90m737 ms - 234202[39m
[35m[HTTP][39m [90m[39m
[35m[HTTP][39m [37m-->[39m [37mGET[39m [37m/wd/hub/session/9b206be3-9820-40af-bd70-9c06120a3667/source[39m
[35m[HTTP][39m [90m{}[39m
[35m[W3C (9b206be3)][39m Driver proxy active, passing request on via HTTP proxy
[35m[WD Proxy][39m Replacing sessionId e2923553-05d6-4c3e-ad6c-d27d54afbcae with 9b206be3-9820-40af-bd70-9c06120a3667
[35m[HTTP][39m [37m<-- GET /wd/hub/session/9b206be3-9820-40af-bd70-9c06120a3667/source [39m[32m200[39m [90m419 ms - 14007[39m
[35m[HTTP][39m [90m[39m
[35m[HTTP][39m [37m-->[39m [37mGET[39m [37m/wd/hub/session/9b206be3-9820-40af-bd70-9c06120a3667/screenshot[39m
[35m[HTTP][39m [90m{}[39m
[35m[HTTP][39m [37m<-- GET /wd/hub/session/9b206be3-9820-40af-bd70-9c06120a3667/screenshot [39m[32m200[39m [90m564 ms - 89906[39m
[35m[HTTP][39m [90m[39m
[35m[HTTP][39m [37m-->[39m [37mGET[39m [37m/wd/hub/session/9b206be3-9820-40af-bd70-9c06120a3667/source[39m
[35m[HTTP][39m [90m{}[39m
[35m[W3C (9b206be3)][39m Driver proxy active, passing request on via HTTP proxy
[35m[WD Proxy][39m Replacing sessionId e2923553-05d6-4c3e-ad6c-d27d54afbcae with 9b206be3-9820-40af-bd70-9c06120a3667
[35m[HTTP][39m [37m<-- GET /wd/hub/session/9b206be3-9820-40af-bd70-9c06120a3667/source [39m[32m200[39m [90m460 ms - 26578[39m
[35m[HTTP][39m [90m[39m
[35m[HTTP][39m [37m-->[39m [37mGET[39m [37m/wd/hub/session/9b206be3-9820-40af-bd70-9c06120a3667/screenshot[39m
[35m[HTTP][39m [90m{}[39m
[35m[HTTP][39m [37m<-- GET /wd/hub/session/9b206be3-9820-40af-bd70-9c06120a3667/screenshot [39m[32m200[39m [90m941 ms - 726878[39m
[35m[HTTP][39m [90m[39m
[35m[HTTP][39m [37m-->[39m [37mGET[39m [37m/wd/hub/session/9b206be3-9820-40af-bd70-9c06120a3667/source[39m
[35m[HTTP][39m [90m{}[39m
[35m[W3C (9b206be3)][39m Driver proxy active, passing request on via HTTP proxy
[35m[WD Proxy][39m Replacing sessionId e2923553-05d6-4c3e-ad6c-d27d54afbcae with 9b206be3-9820-40af-bd70-9c06120a3667
[35m[HTTP][39m [37m<-- GET /wd/hub/session/9b206be3-9820-40af-bd70-9c06120a3667/source [39m[32m200[39m [90m649 ms - 26578[39m
[35m[HTTP][39m [90m[39m
[35m[HTTP][39m [37m-->[39m [37mGET[39m [37m/wd/hub/session/9b206be3-9820-40af-bd70-9c06120a3667/screenshot[39m
[35m[HTTP][39m [90m{}[39m
[35m[HTTP][39m [37m<-- GET /wd/hub/session/9b206be3-9820-40af-bd70-9c06120a3667/screenshot [39m[32m200[39m [90m957 ms - 777968[39m
[35m[HTTP][39m [90m[39m
[35m[HTTP][39m [37m-->[39m [37mGET[39m [37m/wd/hub/session/9b206be3-9820-40af-bd70-9c06120a3667/source[39m
[35m[HTTP][39m [90m{}[39m
[35m[W3C (9b206be3)][39m Driver proxy active, passing request on via HTTP proxy
[35m[WD Proxy][39m Replacing sessionId e2923553-05d6-4c3e-ad6c-d27d54afbcae with 9b206be3-9820-40af-bd70-9c06120a3667
[35m[HTTP][39m [37m<-- GET /wd/hub/session/9b206be3-9820-40af-bd70-9c06120a3667/source [39m[32m200[39m [90m487 ms - 30914[39m
[35m[HTTP][39m [90m[39m
[35m[HTTP][39m [37m-->[39m [37mGET[39m [37m/wd/hub/session/9b206be3-9820-40af-bd70-9c06120a3667/screenshot[39m
[35m[HTTP][39m [90m{}[39m
[35m[HTTP][39m [37m<-- GET /wd/hub/session/9b206be3-9820-40af-bd70-9c06120a3667/screenshot [39m[32m200[39m [90m823 ms - 546070[39m
[35m[HTTP][39m [90m[39m
[35m[HTTP][39m [37m-->[39m [37mGET[39m [37m/wd/hub/session/9b206be3-9820-40af-bd70-9c06120a3667/source[39m
[35m[HTTP][39m [90m{}[39m
[35m[W3C (9b206be3)][39m Driver proxy active, passing request on via HTTP proxy
[35m[WD Proxy][39m Replacing sessionId e2923553-05d6-4c3e-ad6c-d27d54afbcae with 9b206be3-9820-40af-bd70-9c06120a3667
[35m[HTTP][39m [37m<-- GET /wd/hub/session/9b206be3-9820-40af-bd70-9c06120a3667/source [39m[32m200[39m [90m538 ms - 37846[39m
[35m[HTTP][39m [90m[39m
[35m[HTTP][39m [37m-->[39m [37mGET[39m [37m/wd/hub/session/9b206be3-9820-40af-bd70-9c06120a3667/screenshot[39m
[35m[HTTP][39m [90m{}[39m
[35m[HTTP][39m [37m<-- GET /wd/hub/session/9b206be3-9820-40af-bd70-9c06120a3667/screenshot [39m[32m200[39m [90m1123 ms - 721882[39m
[35m[HTTP][39m [90m[39m
[35m[HTTP][39m [37m-->[39m [37mGET[39m [37m/wd/hub/session/9b206be3-9820-40af-bd70-9c06120a3667/source[39m
[35m[HTTP][39m [90m{}[39m
[35m[W3C (9b206be3)][39m Driver proxy active, passing request on via HTTP proxy
[35m[WD Proxy][39m Replacing sessionId e2923553-05d6-4c3e-ad6c-d27d54afbcae with 9b206be3-9820-40af-bd70-9c06120a3667
[35m[HTTP][39m [37m<-- GET /wd/hub/session/9b206be3-9820-40af-bd70-9c06120a3667/source [39m[32m200[39m [90m381 ms - 15629[39m
[35m[HTTP][39m [90m[39m
[35m[HTTP][39m [37m-->[39m [37mGET[39m [37m/wd/hub/session/9b206be3-9820-40af-bd70-9c06120a3667/screenshot[39m
[35m[HTTP][39m [90m{}[39m
[35m[HTTP][39m [37m<-- GET /wd/hub/session/9b206be3-9820-40af-bd70-9c06120a3667/screenshot [39m[32m200[39m [90m575 ms - 126056[39m
[35m[HTTP][39m [90m[39m
[35m[HTTP][39m [37m-->[39m [37mGET[39m [37m/wd/hub/session/9b206be3-9820-40af-bd70-9c06120a3667/source[39m
[35m[HTTP][39m [90m{}[39m
[35m[W3C (9b206be3)][39m Driver proxy active, passing request on via HTTP proxy
[35m[WD Proxy][39m Replacing sessionId e2923553-05d6-4c3e-ad6c-d27d54afbcae with 9b206be3-9820-40af-bd70-9c06120a3667
[35m[HTTP][39m [37m<-- GET /wd/hub/session/9b206be3-9820-40af-bd70-9c06120a3667/source [39m[32m200[39m [90m175 ms - 7953[39m
[35m[HTTP][39m [90m[39m
[35m[HTTP][39m [37m-->[39m [37mGET[39m [37m/wd/hub/session/9b206be3-9820-40af-bd70-9c06120a3667/screenshot[39m
[35m[HTTP][39m [90m{}[39m
[35m[HTTP][39m [37m<-- GET /wd/hub/session/9b206be3-9820-40af-bd70-9c06120a3667/screenshot [39m[32m200[39m [90m575 ms - 68144[39m
[35m[HTTP][39m [90m[39m
[35m[HTTP][39m [37m-->[39m [37mGET[39m [37m/wd/hub/session/9b206be3-9820-40af-bd70-9c06120a3667/source[39m
[35m[HTTP][39m [90m{}[39m
[35m[W3C (9b206be3)][39m Driver proxy active, passing request on via HTTP proxy
[35m[WD Proxy][39m Replacing sessionId e2923553-05d6-4c3e-ad6c-d27d54afbcae with 9b206be3-9820-40af-bd70-9c06120a3667
[35m[HTTP][39m [37m<-- GET /wd/hub/session/9b206be3-9820-40af-bd70-9c06120a3667/source [39m[32m200[39m [90m211 ms - 7271[39m
[35m[HTTP][39m [90m[39m
[35m[HTTP][39m [37m-->[39m [37mGET[39m [37m/wd/hub/session/9b206be3-9820-40af-bd70-9c06120a3667/screenshot[39m
[35m[HTTP][39m [90m{}[39m
[35m[HTTP][39m [37m<-- GET /wd/hub/session/9b206be3-9820-40af-bd70-9c06120a3667/screenshot [39m[32m200[39m [90m554 ms - 65610[39m
[35m[HTTP][39m [90m[39m
[35m[HTTP][39m [37m-->[39m [37mGET[39m [37m/wd/hub/session/9b206be3-9820-40af-bd70-9c06120a3667/source[39m
[35m[HTTP][39m [90m{}[39m
[35m[W3C (9b206be3)][39m Driver proxy active, passing request on via HTTP proxy
[35m[WD Proxy][39m Replacing sessionId e2923553-05d6-4c3e-ad6c-d27d54afbcae with 9b206be3-9820-40af-bd70-9c06120a3667
[35m[HTTP][39m [37m<-- GET /wd/hub/session/9b206be3-9820-40af-bd70-9c06120a3667/source [39m[32m200[39m [90m251 ms - 8743[39m
[35m[HTTP][39m [90m[39m
[35m[HTTP][39m [37m-->[39m [37mGET[39m [37m/wd/hub/session/9b206be3-9820-40af-bd70-9c06120a3667/screenshot[39m
[35m[HTTP][39m [90m{}[39m
[35m[HTTP][39m [37m<-- GET /wd/hub/session/9b206be3-9820-40af-bd70-9c06120a3667/screenshot [39m[32m200[39m [90m652 ms - 76026[39m
[35m[HTTP][39m [90m[39m
[35m[HTTP][39m [37m-->[39m [37mDELETE[39m [37m/wd/hub/session/9b206be3-9820-40af-bd70-9c06120a3667[39m
[35m[HTTP][39m [90m{}[39m
[35m[Appium][39m Removing session 9b206be3-9820-40af-bd70-9c06120a3667 from our master session list
[35m[UiAutomator2][39m Restoring hidden api policy to the device default configuration
[35m[HTTP][39m [37m<-- DELETE /wd/hub/session/9b206be3-9820-40af-bd70-9c06120a3667 [39m[32m200[39m [90m447 ms - 14[39m
[35m[HTTP][39m [90m[39m
