[35m[Appium][39m Welcome to Appium v1.13.0
[35m[Appium][39m Non-default server args:
[35m[Appium][39m   port: 51627
[35m[Appium][39m   loglevel: info
[35m[Appium][39m   chromeDriverPort: 51628
[35m[Appium][39m   tmpDir: /var/folders/g2/rmydg0rj3ssg6qj5hp81dz100000gr/T//Katalon/Appium/Temp1570097032210
[35m[Appium][39m Appium REST http interface listener started on 0.0.0.0:51627
[35m[HTTP][39m [37m-->[39m [37mGET[39m [37m/wd/hub/status[39m
[35m[HTTP][39m [90m{}[39m
[35m[HTTP][39m [37m<-- GET /wd/hub/status [39m[32m200[39m [90m4 ms - 68[39m
[35m[HTTP][39m [90m[39m
[35m[HTTP][39m [37m-->[39m [37mPOST[39m [37m/wd/hub/session[39m
[35m[HTTP][39m [90m{"desiredCapabilities":{"app":"/Users/ayush/Desktop/APKs/Rplate26sept120.apk","noReset":false,"deviceName":"emulator-5554 (Android SDK built for x86 - Android 9)","fullReset":true,"platform":"ANDROID","newCommandTimeout":1800,"platformVersion":"9","automationName":"uiautomator2","autoGrantPermissions":true,"platformName":"Android","udid":"emulator-5554","systemPort":51626},"capabilities":{"firstMatch":[{"appium:app":"/Users/ayush/Desktop/APKs/Rplate26sept120.apk","appium:autoGrantPermissions":true,"appium:automationName":"uiautomator2","appium:deviceName":"emulator-5554 (Android SDK built for x86 - Android 9)","appium:fullReset":true,"appium:newCommandTimeout":1800,"appium:noReset":false,"platform":"ANDROID","platformName":"android","appium:platformVersion":"9","appium:systemPort":51626,"appium:udid":"emulator-5554"}]}}[39m
[35m[BaseDriver][39m The capabilities ["platform"] are not standard capabilities and should have an extension prefix
[35m[Appium][39m Appium v1.13.0 creating new AndroidUiautomator2Driver (v1.33.1) session
[35m[Appium][39m Capabilities:
[35m[Appium][39m   platform: ANDROID
[35m[Appium][39m   platformName: android
[35m[Appium][39m   app: /Users/ayush/Desktop/APKs/Rplate26sept120.apk
[35m[Appium][39m   autoGrantPermissions: true
[35m[Appium][39m   automationName: uiautomator2
[35m[Appium][39m   deviceName: emulator-5554 (Android SDK built for x86 - Android 9)
[35m[Appium][39m   fullReset: true
[35m[Appium][39m   newCommandTimeout: 1800
[35m[Appium][39m   noReset: false
[35m[Appium][39m   platformVersion: 9
[35m[Appium][39m   systemPort: 51626
[35m[Appium][39m   udid: emulator-5554
[35m[BaseDriver][39m The following capabilities were provided, but are not recognized by appium: platform.
[35m[BaseDriver][39m Session created with session id: c1cea25d-d75a-4e93-8334-88aa80c0e89c
[35m[BaseDriver][39m Using local app '/Users/ayush/Desktop/APKs/Rplate26sept120.apk'
[35m[ADB][39m Found 1 'build-tools' folders under '/Users/ayush/.katalon/tools/android_sdk' (newest first):
[35m[ADB][39m     /Users/ayush/.katalon/tools/android_sdk/build-tools/29.0.2
[35m[ADB][39m Using 'adb' from '/Users/ayush/.katalon/tools/android_sdk/platform-tools/adb'
[35m[AndroidDriver][39m Retrieving device list
[35m[AndroidDriver][39m Using device: emulator-5554
[35m[ADB][39m Using 'adb' from '/Users/ayush/.katalon/tools/android_sdk/platform-tools/adb'
[35m[UiAutomator2][39m Relaxing hidden api policy
[35m[ADB][39m Using 'apkanalyzer' from '/Users/ayush/.katalon/tools/android_sdk/tools/bin/apkanalyzer'
[35m[ADB][39m Package name: 'com.reviverauto.rplate'
[35m[ADB][39m Main activity name: 'com.reviverauto.rplate.SplashActivity'
[35m[ADB][39m Using 'aapt' from '/Users/ayush/.katalon/tools/android_sdk/build-tools/29.0.2/aapt'
[35m[ADB][39m Using 'apksigner' from '/Users/ayush/.katalon/tools/android_sdk/build-tools/29.0.2/apksigner'
[35m[UiAutomator2][39m Server packages are not going to be (re)installed
[35m[ADB][39m com.reviverauto.rplate was not uninstalled, because it was not present on the device
[35m[ADB][39m The application at '/Users/ayush/Desktop/APKs/Rplate26sept120.apk' is already cached to '/data/local/tmp/appium_cache/fcce71d09b4030994ca4675b5f82ba3fc793a733.apk'
[35m[ADB][39m The installation of 'Rplate26sept120.apk' took 5.867s
[35m[UiAutomator2][39m Starting UIAutomator2 server 3.5.1
[35m[UiAutomator2][39m Using UIAutomator2 server from '/usr/local/lib/node_modules/appium/node_modules/appium-uiautomator2-server/apks/appium-uiautomator2-server-v3.5.1.apk' and test from '/usr/local/lib/node_modules/appium/node_modules/appium-uiautomator2-server/apks/appium-uiautomator2-server-debug-androidTest.apk'
[35m[UiAutomator2][39m Waiting up to 30000ms for UiAutomator2 to be online...
[35m[WD Proxy][39m Got an unexpected response: {"code":"ECONNRESET"}
[35m[WD Proxy][39m Got an unexpected response: {"code":"ECONNRESET"}
[35m[AndroidDriver][39m Screen already unlocked, doing nothing
[35m[UiAutomator2][39m UiAutomator2 did not start the activity we were waiting for, 'com.reviverauto.rplate/com.reviverauto.rplate.SplashActivity'. Starting it ourselves
[35m[Appium][39m New AndroidUiautomator2Driver session created successfully, session c1cea25d-d75a-4e93-8334-88aa80c0e89c added to master session list
[35m[HTTP][39m [37m<-- POST /wd/hub/session [39m[32m200[39m [90m14454 ms - 1244[39m
[35m[HTTP][39m [90m[39m
[35m[HTTP][39m [37m-->[39m [37mGET[39m [37m/wd/hub/session/c1cea25d-d75a-4e93-8334-88aa80c0e89c[39m
[35m[HTTP][39m [90m{}[39m
[35m[HTTP][39m [37m<-- GET /wd/hub/session/c1cea25d-d75a-4e93-8334-88aa80c0e89c [39m[32m200[39m [90m68 ms - 1176[39m
[35m[HTTP][39m [90m[39m
[35m[HTTP][39m [37m-->[39m [37mGET[39m [37m/wd/hub/session/c1cea25d-d75a-4e93-8334-88aa80c0e89c[39m
[35m[HTTP][39m [90m{}[39m
[35m[HTTP][39m [37m<-- GET /wd/hub/session/c1cea25d-d75a-4e93-8334-88aa80c0e89c [39m[32m200[39m [90m20 ms - 1176[39m
[35m[HTTP][39m [90m[39m
[35m[HTTP][39m [37m-->[39m [37mGET[39m [37m/wd/hub/status[39m
[35m[HTTP][39m [90m{}[39m
[35m[HTTP][39m [37m<-- GET /wd/hub/status [39m[32m200[39m [90m1 ms - 68[39m
[35m[HTTP][39m [90m[39m
[35m[HTTP][39m [37m-->[39m [37mPOST[39m [37m/wd/hub/session/c1cea25d-d75a-4e93-8334-88aa80c0e89c/timeouts[39m
[35m[HTTP][39m [90m{"implicit":30000}[39m
[35m[HTTP][39m [37m<-- POST /wd/hub/session/c1cea25d-d75a-4e93-8334-88aa80c0e89c/timeouts [39m[32m200[39m [90m5 ms - 14[39m
[35m[HTTP][39m [90m[39m
[35m[HTTP][39m [37m-->[39m [37mPOST[39m [37m/wd/hub/session/c1cea25d-d75a-4e93-8334-88aa80c0e89c/timeouts[39m
[35m[HTTP][39m [90m{"implicit":50}[39m
[35m[HTTP][39m [37m<-- POST /wd/hub/session/c1cea25d-d75a-4e93-8334-88aa80c0e89c/timeouts [39m[32m200[39m [90m2 ms - 14[39m
[35m[HTTP][39m [90m[39m
[35m[HTTP][39m [37m-->[39m [37mGET[39m [37m/wd/hub/session/c1cea25d-d75a-4e93-8334-88aa80c0e89c/window/rect[39m
[35m[HTTP][39m [90m{}[39m
[35m[HTTP][39m [37m<-- GET /wd/hub/session/c1cea25d-d75a-4e93-8334-88aa80c0e89c/window/rect [39m[32m200[39m [90m80 ms - 50[39m
[35m[HTTP][39m [90m[39m
[35m[HTTP][39m [37m-->[39m [37mPOST[39m [37m/wd/hub/session/c1cea25d-d75a-4e93-8334-88aa80c0e89c/elements[39m
[35m[HTTP][39m [90m{"using":"-android uiautomator","value":"new UiSelector().className(\"android.widget.TextView\").text(\"QA\").resourceId(\"android:id/text1\")"}[39m
[35m[HTTP][39m [37m<-- POST /wd/hub/session/c1cea25d-d75a-4e93-8334-88aa80c0e89c/elements [39m[32m200[39m [90m606 ms - 139[39m
[35m[HTTP][39m [90m[39m
[35m[HTTP][39m [37m-->[39m [37mGET[39m [37m/wd/hub/session/c1cea25d-d75a-4e93-8334-88aa80c0e89c/element/53dab32d-1b2b-4d6d-81b8-d62fd79449ee/location[39m
[35m[HTTP][39m [90m{}[39m
[35m[W3C (c1cea25d)][39m Driver proxy active, passing request on via HTTP proxy
[35m[WD Proxy][39m Replacing sessionId a09a0c21-eb84-4387-9b32-bc00d52eaed7 with c1cea25d-d75a-4e93-8334-88aa80c0e89c
[35m[HTTP][39m [37m<-- GET /wd/hub/session/c1cea25d-d75a-4e93-8334-88aa80c0e89c/element/53dab32d-1b2b-4d6d-81b8-d62fd79449ee/location [39m[32m200[39m [90m32 ms - 89[39m
[35m[HTTP][39m [90m[39m
[35m[HTTP][39m [37m-->[39m [37mPOST[39m [37m/wd/hub/session/c1cea25d-d75a-4e93-8334-88aa80c0e89c/timeouts[39m
[35m[HTTP][39m [90m{"implicit":30000}[39m
[35m[HTTP][39m [37m<-- POST /wd/hub/session/c1cea25d-d75a-4e93-8334-88aa80c0e89c/timeouts [39m[32m200[39m [90m2 ms - 14[39m
[35m[HTTP][39m [90m[39m
[35m[HTTP][39m [37m-->[39m [37mPOST[39m [37m/wd/hub/session/c1cea25d-d75a-4e93-8334-88aa80c0e89c/timeouts[39m
[35m[HTTP][39m [90m{"implicit":50}[39m
[35m[HTTP][39m [37m<-- POST /wd/hub/session/c1cea25d-d75a-4e93-8334-88aa80c0e89c/timeouts [39m[32m200[39m [90m1 ms - 14[39m
[35m[HTTP][39m [90m[39m
[35m[HTTP][39m [37m-->[39m [37mGET[39m [37m/wd/hub/session/c1cea25d-d75a-4e93-8334-88aa80c0e89c/window/rect[39m
[35m[HTTP][39m [90m{}[39m
[35m[HTTP][39m [37m<-- GET /wd/hub/session/c1cea25d-d75a-4e93-8334-88aa80c0e89c/window/rect [39m[32m200[39m [90m15 ms - 50[39m
[35m[HTTP][39m [90m[39m
[35m[HTTP][39m [37m-->[39m [37mPOST[39m [37m/wd/hub/session/c1cea25d-d75a-4e93-8334-88aa80c0e89c/elements[39m
[35m[HTTP][39m [90m{"using":"-android uiautomator","value":"new UiSelector().className(\"android.widget.TextView\").text(\"QA\").resourceId(\"android:id/text1\")"}[39m
[35m[HTTP][39m [37m<-- POST /wd/hub/session/c1cea25d-d75a-4e93-8334-88aa80c0e89c/elements [39m[32m200[39m [90m40 ms - 139[39m
[35m[HTTP][39m [90m[39m
[35m[HTTP][39m [37m-->[39m [37mGET[39m [37m/wd/hub/session/c1cea25d-d75a-4e93-8334-88aa80c0e89c/element/fbdffe73-262d-447c-a470-3ef8481d15c8/location[39m
[35m[HTTP][39m [90m{}[39m
[35m[W3C (c1cea25d)][39m Driver proxy active, passing request on via HTTP proxy
[35m[WD Proxy][39m Replacing sessionId a09a0c21-eb84-4387-9b32-bc00d52eaed7 with c1cea25d-d75a-4e93-8334-88aa80c0e89c
[35m[HTTP][39m [37m<-- GET /wd/hub/session/c1cea25d-d75a-4e93-8334-88aa80c0e89c/element/fbdffe73-262d-447c-a470-3ef8481d15c8/location [39m[32m200[39m [90m25 ms - 89[39m
[35m[HTTP][39m [90m[39m
[35m[HTTP][39m [37m-->[39m [37mPOST[39m [37m/wd/hub/session/c1cea25d-d75a-4e93-8334-88aa80c0e89c/timeouts[39m
[35m[HTTP][39m [90m{"implicit":30000}[39m
[35m[HTTP][39m [37m<-- POST /wd/hub/session/c1cea25d-d75a-4e93-8334-88aa80c0e89c/timeouts [39m[32m200[39m [90m2 ms - 14[39m
[35m[HTTP][39m [90m[39m
[35m[HTTP][39m [37m-->[39m [37mPOST[39m [37m/wd/hub/session/c1cea25d-d75a-4e93-8334-88aa80c0e89c/touch/perform[39m
[35m[HTTP][39m [90m{"actions":[{"action":"tap","options":{"x":1,"y":1,"element":"fbdffe73-262d-447c-a470-3ef8481d15c8"}},{"action":"release","options":{}}]}[39m
[35m[UiAutomator2][39m calling get location: fbdffe73-262d-447c-a470-3ef8481d15c8
[35m[HTTP][39m [37m<-- POST /wd/hub/session/c1cea25d-d75a-4e93-8334-88aa80c0e89c/touch/perform [39m[32m200[39m [90m708 ms - 14[39m
[35m[HTTP][39m [90m[39m
[35m[HTTP][39m [37m-->[39m [37mPOST[39m [37m/wd/hub/session/c1cea25d-d75a-4e93-8334-88aa80c0e89c/timeouts[39m
[35m[HTTP][39m [90m{"implicit":50}[39m
[35m[HTTP][39m [37m<-- POST /wd/hub/session/c1cea25d-d75a-4e93-8334-88aa80c0e89c/timeouts [39m[32m200[39m [90m4 ms - 14[39m
[35m[HTTP][39m [90m[39m
[35m[HTTP][39m [37m-->[39m [37mGET[39m [37m/wd/hub/session/c1cea25d-d75a-4e93-8334-88aa80c0e89c/window/rect[39m
[35m[HTTP][39m [90m{}[39m
[35m[HTTP][39m [37m<-- GET /wd/hub/session/c1cea25d-d75a-4e93-8334-88aa80c0e89c/window/rect [39m[32m200[39m [90m77 ms - 50[39m
[35m[HTTP][39m [90m[39m
[35m[HTTP][39m [37m-->[39m [37mPOST[39m [37m/wd/hub/session/c1cea25d-d75a-4e93-8334-88aa80c0e89c/elements[39m
[35m[HTTP][39m [90m{"using":"-android uiautomator","value":"new UiSelector().className(\"android.widget.TextView\").text(\"SIGN IN\").resourceId(\"com.reviverauto.rplate:id/txtSignIn\")"}[39m
[35m[HTTP][39m [37m<-- POST /wd/hub/session/c1cea25d-d75a-4e93-8334-88aa80c0e89c/elements [39m[32m200[39m [90m98 ms - 12[39m
[35m[HTTP][39m [90m[39m
[35m[HTTP][39m [37m-->[39m [37mPOST[39m [37m/wd/hub/session/c1cea25d-d75a-4e93-8334-88aa80c0e89c/elements[39m
[35m[HTTP][39m [90m{"using":"-android uiautomator","value":"new UiSelector().className(\"android.widget.TextView\").text(\"SIGN IN\").resourceId(\"com.reviverauto.rplate:id/txtSignIn\")"}[39m
[35m[HTTP][39m [37m<-- POST /wd/hub/session/c1cea25d-d75a-4e93-8334-88aa80c0e89c/elements [39m[32m200[39m [90m68 ms - 12[39m
[35m[HTTP][39m [90m[39m
[35m[HTTP][39m [37m-->[39m [37mPOST[39m [37m/wd/hub/session/c1cea25d-d75a-4e93-8334-88aa80c0e89c/elements[39m
[35m[HTTP][39m [90m{"using":"-android uiautomator","value":"new UiSelector().className(\"android.widget.TextView\").text(\"SIGN IN\").resourceId(\"com.reviverauto.rplate:id/txtSignIn\")"}[39m
[35m[HTTP][39m [37m<-- POST /wd/hub/session/c1cea25d-d75a-4e93-8334-88aa80c0e89c/elements [39m[32m200[39m [90m94 ms - 12[39m
[35m[HTTP][39m [90m[39m
[35m[HTTP][39m [37m-->[39m [37mPOST[39m [37m/wd/hub/session/c1cea25d-d75a-4e93-8334-88aa80c0e89c/elements[39m
[35m[HTTP][39m [90m{"using":"-android uiautomator","value":"new UiSelector().className(\"android.widget.TextView\").text(\"SIGN IN\").resourceId(\"com.reviverauto.rplate:id/txtSignIn\")"}[39m
[35m[HTTP][39m [37m<-- POST /wd/hub/session/c1cea25d-d75a-4e93-8334-88aa80c0e89c/elements [39m[32m200[39m [90m189 ms - 12[39m
[35m[HTTP][39m [90m[39m
[35m[HTTP][39m [37m-->[39m [37mPOST[39m [37m/wd/hub/session/c1cea25d-d75a-4e93-8334-88aa80c0e89c/elements[39m
[35m[HTTP][39m [90m{"using":"-android uiautomator","value":"new UiSelector().className(\"android.widget.TextView\").text(\"SIGN IN\").resourceId(\"com.reviverauto.rplate:id/txtSignIn\")"}[39m
[35m[HTTP][39m [37m<-- POST /wd/hub/session/c1cea25d-d75a-4e93-8334-88aa80c0e89c/elements [39m[32m200[39m [90m257 ms - 12[39m
[35m[HTTP][39m [90m[39m
[35m[HTTP][39m [37m-->[39m [37mPOST[39m [37m/wd/hub/session/c1cea25d-d75a-4e93-8334-88aa80c0e89c/elements[39m
[35m[HTTP][39m [90m{"using":"-android uiautomator","value":"new UiSelector().className(\"android.widget.TextView\").text(\"SIGN IN\").resourceId(\"com.reviverauto.rplate:id/txtSignIn\")"}[39m
[35m[HTTP][39m [37m<-- POST /wd/hub/session/c1cea25d-d75a-4e93-8334-88aa80c0e89c/elements [39m[32m200[39m [90m205 ms - 12[39m
[35m[HTTP][39m [90m[39m
[35m[HTTP][39m [37m-->[39m [37mPOST[39m [37m/wd/hub/session/c1cea25d-d75a-4e93-8334-88aa80c0e89c/elements[39m
[35m[HTTP][39m [90m{"using":"-android uiautomator","value":"new UiSelector().className(\"android.widget.TextView\").text(\"SIGN IN\").resourceId(\"com.reviverauto.rplate:id/txtSignIn\")"}[39m
[35m[HTTP][39m [37m<-- POST /wd/hub/session/c1cea25d-d75a-4e93-8334-88aa80c0e89c/elements [39m[32m200[39m [90m184 ms - 12[39m
[35m[HTTP][39m [90m[39m
[35m[HTTP][39m [37m-->[39m [37mPOST[39m [37m/wd/hub/session/c1cea25d-d75a-4e93-8334-88aa80c0e89c/elements[39m
[35m[HTTP][39m [90m{"using":"-android uiautomator","value":"new UiSelector().className(\"android.widget.TextView\").text(\"SIGN IN\").resourceId(\"com.reviverauto.rplate:id/txtSignIn\")"}[39m
[35m[HTTP][39m [37m<-- POST /wd/hub/session/c1cea25d-d75a-4e93-8334-88aa80c0e89c/elements [39m[32m200[39m [90m171 ms - 12[39m
[35m[HTTP][39m [90m[39m
[35m[HTTP][39m [37m-->[39m [37mPOST[39m [37m/wd/hub/session/c1cea25d-d75a-4e93-8334-88aa80c0e89c/elements[39m
[35m[HTTP][39m [90m{"using":"-android uiautomator","value":"new UiSelector().className(\"android.widget.TextView\").text(\"SIGN IN\").resourceId(\"com.reviverauto.rplate:id/txtSignIn\")"}[39m
[35m[HTTP][39m [37m<-- POST /wd/hub/session/c1cea25d-d75a-4e93-8334-88aa80c0e89c/elements [39m[32m200[39m [90m871 ms - 139[39m
[35m[HTTP][39m [90m[39m
[35m[HTTP][39m [37m-->[39m [37mGET[39m [37m/wd/hub/session/c1cea25d-d75a-4e93-8334-88aa80c0e89c/element/6d94914e-41db-4e16-a70f-497cc811510d/location[39m
[35m[HTTP][39m [90m{}[39m
[35m[W3C (c1cea25d)][39m Driver proxy active, passing request on via HTTP proxy
[35m[WD Proxy][39m Replacing sessionId a09a0c21-eb84-4387-9b32-bc00d52eaed7 with c1cea25d-d75a-4e93-8334-88aa80c0e89c
[35m[HTTP][39m [37m<-- GET /wd/hub/session/c1cea25d-d75a-4e93-8334-88aa80c0e89c/element/6d94914e-41db-4e16-a70f-497cc811510d/location [39m[32m200[39m [90m104 ms - 88[39m
[35m[HTTP][39m [90m[39m
[35m[HTTP][39m [37m-->[39m [37mPOST[39m [37m/wd/hub/session/c1cea25d-d75a-4e93-8334-88aa80c0e89c/timeouts[39m
[35m[HTTP][39m [90m{"implicit":30000}[39m
[35m[HTTP][39m [37m<-- POST /wd/hub/session/c1cea25d-d75a-4e93-8334-88aa80c0e89c/timeouts [39m[32m200[39m [90m3 ms - 14[39m
[35m[HTTP][39m [90m[39m
[35m[HTTP][39m [37m-->[39m [37mPOST[39m [37m/wd/hub/session/c1cea25d-d75a-4e93-8334-88aa80c0e89c/timeouts[39m
[35m[HTTP][39m [90m{"implicit":50}[39m
[35m[HTTP][39m [37m<-- POST /wd/hub/session/c1cea25d-d75a-4e93-8334-88aa80c0e89c/timeouts [39m[32m200[39m [90m2 ms - 14[39m
[35m[HTTP][39m [90m[39m
[35m[HTTP][39m [37m-->[39m [37mGET[39m [37m/wd/hub/session/c1cea25d-d75a-4e93-8334-88aa80c0e89c/window/rect[39m
[35m[HTTP][39m [90m{}[39m
[35m[HTTP][39m [37m<-- GET /wd/hub/session/c1cea25d-d75a-4e93-8334-88aa80c0e89c/window/rect [39m[32m200[39m [90m46 ms - 50[39m
[35m[HTTP][39m [90m[39m
[35m[HTTP][39m [37m-->[39m [37mPOST[39m [37m/wd/hub/session/c1cea25d-d75a-4e93-8334-88aa80c0e89c/elements[39m
[35m[HTTP][39m [90m{"using":"-android uiautomator","value":"new UiSelector().className(\"android.widget.TextView\").text(\"SIGN IN\").resourceId(\"com.reviverauto.rplate:id/txtSignIn\")"}[39m
[35m[HTTP][39m [37m<-- POST /wd/hub/session/c1cea25d-d75a-4e93-8334-88aa80c0e89c/elements [39m[32m200[39m [90m676 ms - 139[39m
[35m[HTTP][39m [90m[39m
[35m[HTTP][39m [37m-->[39m [37mGET[39m [37m/wd/hub/session/c1cea25d-d75a-4e93-8334-88aa80c0e89c/element/e8d27d99-4f54-4b95-a341-fae3ffe8b09e/location[39m
[35m[HTTP][39m [90m{}[39m
[35m[W3C (c1cea25d)][39m Driver proxy active, passing request on via HTTP proxy
[35m[WD Proxy][39m Replacing sessionId a09a0c21-eb84-4387-9b32-bc00d52eaed7 with c1cea25d-d75a-4e93-8334-88aa80c0e89c
[35m[HTTP][39m [37m<-- GET /wd/hub/session/c1cea25d-d75a-4e93-8334-88aa80c0e89c/element/e8d27d99-4f54-4b95-a341-fae3ffe8b09e/location [39m[32m200[39m [90m20 ms - 88[39m
[35m[HTTP][39m [90m[39m
[35m[HTTP][39m [37m-->[39m [37mPOST[39m [37m/wd/hub/session/c1cea25d-d75a-4e93-8334-88aa80c0e89c/timeouts[39m
[35m[HTTP][39m [90m{"implicit":30000}[39m
[35m[HTTP][39m [37m<-- POST /wd/hub/session/c1cea25d-d75a-4e93-8334-88aa80c0e89c/timeouts [39m[32m200[39m [90m2 ms - 14[39m
[35m[HTTP][39m [90m[39m
[35m[HTTP][39m [37m-->[39m [37mPOST[39m [37m/wd/hub/session/c1cea25d-d75a-4e93-8334-88aa80c0e89c/touch/perform[39m
[35m[HTTP][39m [90m{"actions":[{"action":"tap","options":{"x":1,"y":1,"element":"e8d27d99-4f54-4b95-a341-fae3ffe8b09e"}},{"action":"release","options":{}}]}[39m
[35m[UiAutomator2][39m calling get location: e8d27d99-4f54-4b95-a341-fae3ffe8b09e
[35m[HTTP][39m [37m<-- POST /wd/hub/session/c1cea25d-d75a-4e93-8334-88aa80c0e89c/touch/perform [39m[32m200[39m [90m1133 ms - 14[39m
[35m[HTTP][39m [90m[39m
[35m[HTTP][39m [37m-->[39m [37mPOST[39m [37m/wd/hub/session/c1cea25d-d75a-4e93-8334-88aa80c0e89c/timeouts[39m
[35m[HTTP][39m [90m{"implicit":50}[39m
[35m[HTTP][39m [37m<-- POST /wd/hub/session/c1cea25d-d75a-4e93-8334-88aa80c0e89c/timeouts [39m[32m200[39m [90m4 ms - 14[39m
[35m[HTTP][39m [90m[39m
[35m[HTTP][39m [37m-->[39m [37mGET[39m [37m/wd/hub/session/c1cea25d-d75a-4e93-8334-88aa80c0e89c/window/rect[39m
[35m[HTTP][39m [90m{}[39m
[35m[HTTP][39m [37m<-- GET /wd/hub/session/c1cea25d-d75a-4e93-8334-88aa80c0e89c/window/rect [39m[32m200[39m [90m24 ms - 50[39m
[35m[HTTP][39m [90m[39m
[35m[HTTP][39m [37m-->[39m [37mPOST[39m [37m/wd/hub/session/c1cea25d-d75a-4e93-8334-88aa80c0e89c/elements[39m
[35m[HTTP][39m [90m{"using":"-android uiautomator","value":"new UiSelector().className(\"android.widget.EditText\").text(\"Enter email\").resourceId(\"com.reviverauto.rplate:id/edt_iconEditTextView\")"}[39m
[35m[HTTP][39m [37m<-- POST /wd/hub/session/c1cea25d-d75a-4e93-8334-88aa80c0e89c/elements [39m[32m200[39m [90m40 ms - 139[39m
[35m[HTTP][39m [90m[39m
[35m[HTTP][39m [37m-->[39m [37mGET[39m [37m/wd/hub/session/c1cea25d-d75a-4e93-8334-88aa80c0e89c/element/ce539f36-3bf7-49f5-96fe-72f724d7adaf/location[39m
[35m[HTTP][39m [90m{}[39m
[35m[W3C (c1cea25d)][39m Driver proxy active, passing request on via HTTP proxy
[35m[WD Proxy][39m Replacing sessionId a09a0c21-eb84-4387-9b32-bc00d52eaed7 with c1cea25d-d75a-4e93-8334-88aa80c0e89c
[35m[HTTP][39m [37m<-- GET /wd/hub/session/c1cea25d-d75a-4e93-8334-88aa80c0e89c/element/ce539f36-3bf7-49f5-96fe-72f724d7adaf/location [39m[32m200[39m [90m28 ms - 89[39m
[35m[HTTP][39m [90m[39m
[35m[HTTP][39m [37m-->[39m [37mPOST[39m [37m/wd/hub/session/c1cea25d-d75a-4e93-8334-88aa80c0e89c/timeouts[39m
[35m[HTTP][39m [90m{"implicit":30000}[39m
[35m[HTTP][39m [37m<-- POST /wd/hub/session/c1cea25d-d75a-4e93-8334-88aa80c0e89c/timeouts [39m[32m200[39m [90m1 ms - 14[39m
[35m[HTTP][39m [90m[39m
[35m[HTTP][39m [37m-->[39m [37mPOST[39m [37m/wd/hub/session/c1cea25d-d75a-4e93-8334-88aa80c0e89c/element/ce539f36-3bf7-49f5-96fe-72f724d7adaf/clear[39m
[35m[HTTP][39m [90m{"id":"ce539f36-3bf7-49f5-96fe-72f724d7adaf"}[39m
[35m[HTTP][39m [37m<-- POST /wd/hub/session/c1cea25d-d75a-4e93-8334-88aa80c0e89c/element/ce539f36-3bf7-49f5-96fe-72f724d7adaf/clear [39m[32m200[39m [90m44 ms - 27[39m
[35m[HTTP][39m [90m[39m
[35m[HTTP][39m [37m-->[39m [37mPOST[39m [37m/wd/hub/session/c1cea25d-d75a-4e93-8334-88aa80c0e89c/element/ce539f36-3bf7-49f5-96fe-72f724d7adaf/value[39m
[35m[HTTP][39m [90m{"id":"ce539f36-3bf7-49f5-96fe-72f724d7adaf","text":"ayush.kumar+noplates@revivertest.com","value":["a","y","u","s","h",".","k","u","m","a","r","+","n","o","p","l","a","t","e","s","@","r","e","v","i","v","e","r","t","e","s","t",".","c","o","m"]}[39m
[35m[HTTP][39m [37m<-- POST /wd/hub/session/c1cea25d-d75a-4e93-8334-88aa80c0e89c/element/ce539f36-3bf7-49f5-96fe-72f724d7adaf/value [39m[32m200[39m [90m1301 ms - 12[39m
[35m[HTTP][39m [90m[39m
[35m[HTTP][39m [37m-->[39m [37mPOST[39m [37m/wd/hub/session/c1cea25d-d75a-4e93-8334-88aa80c0e89c/timeouts[39m
[35m[HTTP][39m [90m{"implicit":50}[39m
[35m[HTTP][39m [37m<-- POST /wd/hub/session/c1cea25d-d75a-4e93-8334-88aa80c0e89c/timeouts [39m[32m200[39m [90m2 ms - 14[39m
[35m[HTTP][39m [90m[39m
[35m[HTTP][39m [37m-->[39m [37mGET[39m [37m/wd/hub/session/c1cea25d-d75a-4e93-8334-88aa80c0e89c/window/rect[39m
[35m[HTTP][39m [90m{}[39m
[35m[HTTP][39m [37m<-- GET /wd/hub/session/c1cea25d-d75a-4e93-8334-88aa80c0e89c/window/rect [39m[32m200[39m [90m32 ms - 50[39m
[35m[HTTP][39m [90m[39m
[35m[HTTP][39m [37m-->[39m [37mPOST[39m [37m/wd/hub/session/c1cea25d-d75a-4e93-8334-88aa80c0e89c/elements[39m
[35m[HTTP][39m [90m{"using":"-android uiautomator","value":"new UiSelector().className(\"android.widget.EditText\").text(\"Enter password\").resourceId(\"com.reviverauto.rplate:id/edt_iconEditTextView\")"}[39m
[35m[HTTP][39m [37m<-- POST /wd/hub/session/c1cea25d-d75a-4e93-8334-88aa80c0e89c/elements [39m[32m200[39m [90m534 ms - 139[39m
[35m[HTTP][39m [90m[39m
[35m[HTTP][39m [37m-->[39m [37mGET[39m [37m/wd/hub/session/c1cea25d-d75a-4e93-8334-88aa80c0e89c/element/4df5c5d8-66d5-47ca-a0d7-b9c689494b65/location[39m
[35m[HTTP][39m [90m{}[39m
[35m[W3C (c1cea25d)][39m Driver proxy active, passing request on via HTTP proxy
[35m[WD Proxy][39m Replacing sessionId a09a0c21-eb84-4387-9b32-bc00d52eaed7 with c1cea25d-d75a-4e93-8334-88aa80c0e89c
[35m[HTTP][39m [37m<-- GET /wd/hub/session/c1cea25d-d75a-4e93-8334-88aa80c0e89c/element/4df5c5d8-66d5-47ca-a0d7-b9c689494b65/location [39m[32m200[39m [90m24 ms - 89[39m
[35m[HTTP][39m [90m[39m
[35m[HTTP][39m [37m-->[39m [37mPOST[39m [37m/wd/hub/session/c1cea25d-d75a-4e93-8334-88aa80c0e89c/timeouts[39m
[35m[HTTP][39m [90m{"implicit":30000}[39m
[35m[HTTP][39m [37m<-- POST /wd/hub/session/c1cea25d-d75a-4e93-8334-88aa80c0e89c/timeouts [39m[32m200[39m [90m2 ms - 14[39m
[35m[HTTP][39m [90m[39m
[35m[HTTP][39m [37m-->[39m [37mPOST[39m [37m/wd/hub/session/c1cea25d-d75a-4e93-8334-88aa80c0e89c/element/4df5c5d8-66d5-47ca-a0d7-b9c689494b65/clear[39m
[35m[HTTP][39m [90m{"id":"4df5c5d8-66d5-47ca-a0d7-b9c689494b65"}[39m
[35m[HTTP][39m [37m<-- POST /wd/hub/session/c1cea25d-d75a-4e93-8334-88aa80c0e89c/element/4df5c5d8-66d5-47ca-a0d7-b9c689494b65/clear [39m[32m200[39m [90m27 ms - 27[39m
[35m[HTTP][39m [90m[39m
[35m[HTTP][39m [37m-->[39m [37mPOST[39m [37m/wd/hub/session/c1cea25d-d75a-4e93-8334-88aa80c0e89c/element/4df5c5d8-66d5-47ca-a0d7-b9c689494b65/value[39m
[35m[HTTP][39m [90m{"id":"4df5c5d8-66d5-47ca-a0d7-b9c689494b65","text":"Tester@123","value":["T","e","s","t","e","r","@","1","2","3"]}[39m
[35m[HTTP][39m [37m<-- POST /wd/hub/session/c1cea25d-d75a-4e93-8334-88aa80c0e89c/element/4df5c5d8-66d5-47ca-a0d7-b9c689494b65/value [39m[32m200[39m [90m1047 ms - 12[39m
[35m[HTTP][39m [90m[39m
[35m[HTTP][39m [37m-->[39m [37mPOST[39m [37m/wd/hub/session/c1cea25d-d75a-4e93-8334-88aa80c0e89c/timeouts[39m
[35m[HTTP][39m [90m{"implicit":50}[39m
[35m[HTTP][39m [37m<-- POST /wd/hub/session/c1cea25d-d75a-4e93-8334-88aa80c0e89c/timeouts [39m[32m200[39m [90m2 ms - 14[39m
[35m[HTTP][39m [90m[39m
[35m[HTTP][39m [37m-->[39m [37mGET[39m [37m/wd/hub/session/c1cea25d-d75a-4e93-8334-88aa80c0e89c/window/rect[39m
[35m[HTTP][39m [90m{}[39m
[35m[HTTP][39m [37m<-- GET /wd/hub/session/c1cea25d-d75a-4e93-8334-88aa80c0e89c/window/rect [39m[32m200[39m [90m56 ms - 50[39m
[35m[HTTP][39m [90m[39m
[35m[HTTP][39m [37m-->[39m [37mPOST[39m [37m/wd/hub/session/c1cea25d-d75a-4e93-8334-88aa80c0e89c/elements[39m
[35m[HTTP][39m [90m{"using":"-android uiautomator","value":"new UiSelector().className(\"android.widget.Button\").text(\"SIGN IN\").resourceId(\"com.reviverauto.rplate:id/btn_sign_in\")"}[39m
[35m[HTTP][39m [37m<-- POST /wd/hub/session/c1cea25d-d75a-4e93-8334-88aa80c0e89c/elements [39m[32m200[39m [90m415 ms - 139[39m
[35m[HTTP][39m [90m[39m
[35m[HTTP][39m [37m-->[39m [37mGET[39m [37m/wd/hub/session/c1cea25d-d75a-4e93-8334-88aa80c0e89c/element/2691db24-3b0f-4e3e-9ba3-e0512e602899/location[39m
[35m[HTTP][39m [90m{}[39m
[35m[W3C (c1cea25d)][39m Driver proxy active, passing request on via HTTP proxy
[35m[WD Proxy][39m Replacing sessionId a09a0c21-eb84-4387-9b32-bc00d52eaed7 with c1cea25d-d75a-4e93-8334-88aa80c0e89c
[35m[HTTP][39m [37m<-- GET /wd/hub/session/c1cea25d-d75a-4e93-8334-88aa80c0e89c/element/2691db24-3b0f-4e3e-9ba3-e0512e602899/location [39m[32m200[39m [90m23 ms - 90[39m
[35m[HTTP][39m [90m[39m
[35m[HTTP][39m [37m-->[39m [37mPOST[39m [37m/wd/hub/session/c1cea25d-d75a-4e93-8334-88aa80c0e89c/timeouts[39m
[35m[HTTP][39m [90m{"implicit":30000}[39m
[35m[HTTP][39m [37m<-- POST /wd/hub/session/c1cea25d-d75a-4e93-8334-88aa80c0e89c/timeouts [39m[32m200[39m [90m1 ms - 14[39m
[35m[HTTP][39m [90m[39m
[35m[HTTP][39m [37m-->[39m [37mPOST[39m [37m/wd/hub/session/c1cea25d-d75a-4e93-8334-88aa80c0e89c/touch/perform[39m
[35m[HTTP][39m [90m{"actions":[{"action":"tap","options":{"x":1,"y":1,"element":"2691db24-3b0f-4e3e-9ba3-e0512e602899"}},{"action":"release","options":{}}]}[39m
[35m[UiAutomator2][39m calling get location: 2691db24-3b0f-4e3e-9ba3-e0512e602899
[35m[HTTP][39m [37m<-- POST /wd/hub/session/c1cea25d-d75a-4e93-8334-88aa80c0e89c/touch/perform [39m[32m200[39m [90m763 ms - 14[39m
[35m[HTTP][39m [90m[39m
[35m[HTTP][39m [37m-->[39m [37mPOST[39m [37m/wd/hub/session/c1cea25d-d75a-4e93-8334-88aa80c0e89c/timeouts[39m
[35m[HTTP][39m [90m{"implicit":50}[39m
[35m[HTTP][39m [37m<-- POST /wd/hub/session/c1cea25d-d75a-4e93-8334-88aa80c0e89c/timeouts [39m[32m200[39m [90m4 ms - 14[39m
[35m[HTTP][39m [90m[39m
[35m[HTTP][39m [37m-->[39m [37mGET[39m [37m/wd/hub/session/c1cea25d-d75a-4e93-8334-88aa80c0e89c/window/rect[39m
[35m[HTTP][39m [90m{}[39m
[35m[HTTP][39m [37m<-- GET /wd/hub/session/c1cea25d-d75a-4e93-8334-88aa80c0e89c/window/rect [39m[32m200[39m [90m41 ms - 50[39m
[35m[HTTP][39m [90m[39m
[35m[HTTP][39m [37m-->[39m [37mPOST[39m [37m/wd/hub/session/c1cea25d-d75a-4e93-8334-88aa80c0e89c/elements[39m
[35m[HTTP][39m [90m{"using":"-android uiautomator","value":"new UiSelector().className(\"android.widget.ImageButton\")"}[39m
[35m[HTTP][39m [37m<-- POST /wd/hub/session/c1cea25d-d75a-4e93-8334-88aa80c0e89c/elements [39m[32m200[39m [90m55 ms - 12[39m
[35m[HTTP][39m [90m[39m
[35m[HTTP][39m [37m-->[39m [37mPOST[39m [37m/wd/hub/session/c1cea25d-d75a-4e93-8334-88aa80c0e89c/elements[39m
[35m[HTTP][39m [90m{"using":"-android uiautomator","value":"new UiSelector().className(\"android.widget.ImageButton\")"}[39m
[35m[HTTP][39m [37m<-- POST /wd/hub/session/c1cea25d-d75a-4e93-8334-88aa80c0e89c/elements [39m[32m200[39m [90m605 ms - 12[39m
[35m[HTTP][39m [90m[39m
[35m[HTTP][39m [37m-->[39m [37mPOST[39m [37m/wd/hub/session/c1cea25d-d75a-4e93-8334-88aa80c0e89c/elements[39m
[35m[HTTP][39m [90m{"using":"-android uiautomator","value":"new UiSelector().className(\"android.widget.ImageButton\")"}[39m
[35m[HTTP][39m [37m<-- POST /wd/hub/session/c1cea25d-d75a-4e93-8334-88aa80c0e89c/elements [39m[32m200[39m [90m64 ms - 12[39m
[35m[HTTP][39m [90m[39m
[35m[HTTP][39m [37m-->[39m [37mPOST[39m [37m/wd/hub/session/c1cea25d-d75a-4e93-8334-88aa80c0e89c/elements[39m
[35m[HTTP][39m [90m{"using":"-android uiautomator","value":"new UiSelector().className(\"android.widget.ImageButton\")"}[39m
[35m[HTTP][39m [37m<-- POST /wd/hub/session/c1cea25d-d75a-4e93-8334-88aa80c0e89c/elements [39m[32m200[39m [90m157 ms - 12[39m
[35m[HTTP][39m [90m[39m
[35m[HTTP][39m [37m-->[39m [37mPOST[39m [37m/wd/hub/session/c1cea25d-d75a-4e93-8334-88aa80c0e89c/elements[39m
[35m[HTTP][39m [90m{"using":"-android uiautomator","value":"new UiSelector().className(\"android.widget.ImageButton\")"}[39m
[35m[HTTP][39m [37m<-- POST /wd/hub/session/c1cea25d-d75a-4e93-8334-88aa80c0e89c/elements [39m[32m200[39m [90m1966 ms - 12[39m
[35m[HTTP][39m [90m[39m
[35m[HTTP][39m [37m-->[39m [37mPOST[39m [37m/wd/hub/session/c1cea25d-d75a-4e93-8334-88aa80c0e89c/elements[39m
[35m[HTTP][39m [90m{"using":"-android uiautomator","value":"new UiSelector().className(\"android.widget.ImageButton\")"}[39m
[35m[HTTP][39m [37m<-- POST /wd/hub/session/c1cea25d-d75a-4e93-8334-88aa80c0e89c/elements [39m[32m200[39m [90m1341 ms - 139[39m
[35m[HTTP][39m [90m[39m
[35m[HTTP][39m [37m-->[39m [37mGET[39m [37m/wd/hub/session/c1cea25d-d75a-4e93-8334-88aa80c0e89c/element/cb2301ee-fc0d-4084-bd1f-a407bd1dc1e9/location[39m
[35m[HTTP][39m [90m{}[39m
[35m[W3C (c1cea25d)][39m Driver proxy active, passing request on via HTTP proxy
[35m[WD Proxy][39m Replacing sessionId a09a0c21-eb84-4387-9b32-bc00d52eaed7 with c1cea25d-d75a-4e93-8334-88aa80c0e89c
[35m[HTTP][39m [37m<-- GET /wd/hub/session/c1cea25d-d75a-4e93-8334-88aa80c0e89c/element/cb2301ee-fc0d-4084-bd1f-a407bd1dc1e9/location [39m[32m200[39m [90m20 ms - 87[39m
[35m[HTTP][39m [90m[39m
[35m[HTTP][39m [37m-->[39m [37mPOST[39m [37m/wd/hub/session/c1cea25d-d75a-4e93-8334-88aa80c0e89c/timeouts[39m
[35m[HTTP][39m [90m{"implicit":30000}[39m
[35m[HTTP][39m [37m<-- POST /wd/hub/session/c1cea25d-d75a-4e93-8334-88aa80c0e89c/timeouts [39m[32m200[39m [90m2 ms - 14[39m
[35m[HTTP][39m [90m[39m
[35m[HTTP][39m [37m-->[39m [37mPOST[39m [37m/wd/hub/session/c1cea25d-d75a-4e93-8334-88aa80c0e89c/timeouts[39m
[35m[HTTP][39m [90m{"implicit":50}[39m
[35m[HTTP][39m [37m<-- POST /wd/hub/session/c1cea25d-d75a-4e93-8334-88aa80c0e89c/timeouts [39m[32m200[39m [90m2 ms - 14[39m
[35m[HTTP][39m [90m[39m
[35m[HTTP][39m [37m-->[39m [37mGET[39m [37m/wd/hub/session/c1cea25d-d75a-4e93-8334-88aa80c0e89c/window/rect[39m
[35m[HTTP][39m [90m{}[39m
[35m[HTTP][39m [37m<-- GET /wd/hub/session/c1cea25d-d75a-4e93-8334-88aa80c0e89c/window/rect [39m[32m200[39m [90m16 ms - 50[39m
[35m[HTTP][39m [90m[39m
[35m[HTTP][39m [37m-->[39m [37mPOST[39m [37m/wd/hub/session/c1cea25d-d75a-4e93-8334-88aa80c0e89c/elements[39m
[35m[HTTP][39m [90m{"using":"-android uiautomator","value":"new UiSelector().className(\"android.widget.ImageView\").resourceId(\"com.reviverauto.rplate:id/alert_icon\")"}[39m
[35m[HTTP][39m [37m<-- POST /wd/hub/session/c1cea25d-d75a-4e93-8334-88aa80c0e89c/elements [39m[32m200[39m [90m36 ms - 139[39m
[35m[HTTP][39m [90m[39m
[35m[HTTP][39m [37m-->[39m [37mGET[39m [37m/wd/hub/session/c1cea25d-d75a-4e93-8334-88aa80c0e89c/element/5cbaec45-eeb9-440b-8af7-21d08dfaa38c/location[39m
[35m[HTTP][39m [90m{}[39m
[35m[W3C (c1cea25d)][39m Driver proxy active, passing request on via HTTP proxy
[35m[WD Proxy][39m Replacing sessionId a09a0c21-eb84-4387-9b32-bc00d52eaed7 with c1cea25d-d75a-4e93-8334-88aa80c0e89c
[35m[HTTP][39m [37m<-- GET /wd/hub/session/c1cea25d-d75a-4e93-8334-88aa80c0e89c/element/5cbaec45-eeb9-440b-8af7-21d08dfaa38c/location [39m[32m200[39m [90m26 ms - 89[39m
[35m[HTTP][39m [90m[39m
[35m[HTTP][39m [37m-->[39m [37mPOST[39m [37m/wd/hub/session/c1cea25d-d75a-4e93-8334-88aa80c0e89c/timeouts[39m
[35m[HTTP][39m [90m{"implicit":30000}[39m
[35m[HTTP][39m [37m<-- POST /wd/hub/session/c1cea25d-d75a-4e93-8334-88aa80c0e89c/timeouts [39m[32m200[39m [90m2 ms - 14[39m
[35m[HTTP][39m [90m[39m
[35m[HTTP][39m [37m-->[39m [37mGET[39m [37m/wd/hub/session/c1cea25d-d75a-4e93-8334-88aa80c0e89c/element/5cbaec45-eeb9-440b-8af7-21d08dfaa38c/displayed[39m
[35m[HTTP][39m [90m{}[39m
[35m[HTTP][39m [37m<-- GET /wd/hub/session/c1cea25d-d75a-4e93-8334-88aa80c0e89c/element/5cbaec45-eeb9-440b-8af7-21d08dfaa38c/displayed [39m[32m200[39m [90m23 ms - 14[39m
[35m[HTTP][39m [90m[39m
[35m[HTTP][39m [37m-->[39m [37mPOST[39m [37m/wd/hub/session/c1cea25d-d75a-4e93-8334-88aa80c0e89c/timeouts[39m
[35m[HTTP][39m [90m{"implicit":50}[39m
[35m[HTTP][39m [37m<-- POST /wd/hub/session/c1cea25d-d75a-4e93-8334-88aa80c0e89c/timeouts [39m[32m200[39m [90m2 ms - 14[39m
[35m[HTTP][39m [90m[39m
[35m[HTTP][39m [37m-->[39m [37mGET[39m [37m/wd/hub/session/c1cea25d-d75a-4e93-8334-88aa80c0e89c/window/rect[39m
[35m[HTTP][39m [90m{}[39m
[35m[HTTP][39m [37m<-- GET /wd/hub/session/c1cea25d-d75a-4e93-8334-88aa80c0e89c/window/rect [39m[32m200[39m [90m17 ms - 50[39m
[35m[HTTP][39m [90m[39m
[35m[HTTP][39m [37m-->[39m [37mPOST[39m [37m/wd/hub/session/c1cea25d-d75a-4e93-8334-88aa80c0e89c/elements[39m
[35m[HTTP][39m [90m{"using":"-android uiautomator","value":"new UiSelector().className(\"android.widget.TextView\").text(\"Note: This may take 1–3 business days from when your order is processed.\")"}[39m
[35m[HTTP][39m [37m<-- POST /wd/hub/session/c1cea25d-d75a-4e93-8334-88aa80c0e89c/elements [39m[32m200[39m [90m26 ms - 139[39m
[35m[HTTP][39m [90m[39m
[35m[HTTP][39m [37m-->[39m [37mGET[39m [37m/wd/hub/session/c1cea25d-d75a-4e93-8334-88aa80c0e89c/element/cb9bd4cd-54b4-4e5a-9246-1e0167afbf1d/location[39m
[35m[HTTP][39m [90m{}[39m
[35m[W3C (c1cea25d)][39m Driver proxy active, passing request on via HTTP proxy
[35m[WD Proxy][39m Replacing sessionId a09a0c21-eb84-4387-9b32-bc00d52eaed7 with c1cea25d-d75a-4e93-8334-88aa80c0e89c
[35m[HTTP][39m [37m<-- GET /wd/hub/session/c1cea25d-d75a-4e93-8334-88aa80c0e89c/element/cb9bd4cd-54b4-4e5a-9246-1e0167afbf1d/location [39m[32m200[39m [90m22 ms - 90[39m
[35m[HTTP][39m [90m[39m
[35m[HTTP][39m [37m-->[39m [37mPOST[39m [37m/wd/hub/session/c1cea25d-d75a-4e93-8334-88aa80c0e89c/timeouts[39m
[35m[HTTP][39m [90m{"implicit":30000}[39m
[35m[HTTP][39m [37m<-- POST /wd/hub/session/c1cea25d-d75a-4e93-8334-88aa80c0e89c/timeouts [39m[32m200[39m [90m1 ms - 14[39m
[35m[HTTP][39m [90m[39m
[35m[HTTP][39m [37m-->[39m [37mGET[39m [37m/wd/hub/session/c1cea25d-d75a-4e93-8334-88aa80c0e89c/element/cb9bd4cd-54b4-4e5a-9246-1e0167afbf1d/attribute/text[39m
[35m[HTTP][39m [90m{}[39m
[35m[HTTP][39m [37m<-- GET /wd/hub/session/c1cea25d-d75a-4e93-8334-88aa80c0e89c/element/cb9bd4cd-54b4-4e5a-9246-1e0167afbf1d/attribute/text [39m[32m200[39m [90m18 ms - 86[39m
[35m[HTTP][39m [90m[39m
[35m[HTTP][39m [37m-->[39m [37mPOST[39m [37m/wd/hub/session/c1cea25d-d75a-4e93-8334-88aa80c0e89c/timeouts[39m
[35m[HTTP][39m [90m{"implicit":50}[39m
[35m[HTTP][39m [37m<-- POST /wd/hub/session/c1cea25d-d75a-4e93-8334-88aa80c0e89c/timeouts [39m[32m200[39m [90m1 ms - 14[39m
[35m[HTTP][39m [90m[39m
[35m[HTTP][39m [37m-->[39m [37mGET[39m [37m/wd/hub/session/c1cea25d-d75a-4e93-8334-88aa80c0e89c/window/rect[39m
[35m[HTTP][39m [90m{}[39m
[35m[HTTP][39m [37m<-- GET /wd/hub/session/c1cea25d-d75a-4e93-8334-88aa80c0e89c/window/rect [39m[32m200[39m [90m13 ms - 50[39m
[35m[HTTP][39m [90m[39m
[35m[HTTP][39m [37m-->[39m [37mPOST[39m [37m/wd/hub/session/c1cea25d-d75a-4e93-8334-88aa80c0e89c/elements[39m
[35m[HTTP][39m [90m{"using":"-android uiautomator","value":"new UiSelector().className(\"android.widget.TextView\").text(\"It looks like your plates haven’t been added to your account.\")"}[39m
[35m[HTTP][39m [37m<-- POST /wd/hub/session/c1cea25d-d75a-4e93-8334-88aa80c0e89c/elements [39m[32m200[39m [90m29 ms - 139[39m
[35m[HTTP][39m [90m[39m
[35m[HTTP][39m [37m-->[39m [37mGET[39m [37m/wd/hub/session/c1cea25d-d75a-4e93-8334-88aa80c0e89c/element/7713fe85-8d9d-4eee-b0cf-b4a397ea2e88/location[39m
[35m[HTTP][39m [90m{}[39m
[35m[W3C (c1cea25d)][39m Driver proxy active, passing request on via HTTP proxy
[35m[WD Proxy][39m Replacing sessionId a09a0c21-eb84-4387-9b32-bc00d52eaed7 with c1cea25d-d75a-4e93-8334-88aa80c0e89c
[35m[HTTP][39m [37m<-- GET /wd/hub/session/c1cea25d-d75a-4e93-8334-88aa80c0e89c/element/7713fe85-8d9d-4eee-b0cf-b4a397ea2e88/location [39m[32m200[39m [90m21 ms - 90[39m
[35m[HTTP][39m [90m[39m
[35m[HTTP][39m [37m-->[39m [37mPOST[39m [37m/wd/hub/session/c1cea25d-d75a-4e93-8334-88aa80c0e89c/timeouts[39m
[35m[HTTP][39m [90m{"implicit":30000}[39m
[35m[HTTP][39m [37m<-- POST /wd/hub/session/c1cea25d-d75a-4e93-8334-88aa80c0e89c/timeouts [39m[32m200[39m [90m1 ms - 14[39m
[35m[HTTP][39m [90m[39m
[35m[HTTP][39m [37m-->[39m [37mGET[39m [37m/wd/hub/session/c1cea25d-d75a-4e93-8334-88aa80c0e89c/element/7713fe85-8d9d-4eee-b0cf-b4a397ea2e88/attribute/text[39m
[35m[HTTP][39m [90m{}[39m
[35m[HTTP][39m [37m<-- GET /wd/hub/session/c1cea25d-d75a-4e93-8334-88aa80c0e89c/element/7713fe85-8d9d-4eee-b0cf-b4a397ea2e88/attribute/text [39m[32m200[39m [90m16 ms - 75[39m
[35m[HTTP][39m [90m[39m
[35m[HTTP][39m [37m-->[39m [37mPOST[39m [37m/wd/hub/session/c1cea25d-d75a-4e93-8334-88aa80c0e89c/timeouts[39m
[35m[HTTP][39m [90m{"implicit":50}[39m
[35m[HTTP][39m [37m<-- POST /wd/hub/session/c1cea25d-d75a-4e93-8334-88aa80c0e89c/timeouts [39m[32m200[39m [90m2 ms - 14[39m
[35m[HTTP][39m [90m[39m
[35m[HTTP][39m [37m-->[39m [37mGET[39m [37m/wd/hub/session/c1cea25d-d75a-4e93-8334-88aa80c0e89c/window/rect[39m
[35m[HTTP][39m [90m{}[39m
[35m[HTTP][39m [37m<-- GET /wd/hub/session/c1cea25d-d75a-4e93-8334-88aa80c0e89c/window/rect [39m[32m200[39m [90m14 ms - 50[39m
[35m[HTTP][39m [90m[39m
[35m[HTTP][39m [37m-->[39m [37mPOST[39m [37m/wd/hub/session/c1cea25d-d75a-4e93-8334-88aa80c0e89c/elements[39m
[35m[HTTP][39m [90m{"using":"-android uiautomator","value":"new UiSelector().className(\"android.widget.TextView\").text(\"You will be notified when your plate has been added to your account.\")"}[39m
[35m[HTTP][39m [37m<-- POST /wd/hub/session/c1cea25d-d75a-4e93-8334-88aa80c0e89c/elements [39m[32m200[39m [90m36 ms - 139[39m
[35m[HTTP][39m [90m[39m
[35m[HTTP][39m [37m-->[39m [37mGET[39m [37m/wd/hub/session/c1cea25d-d75a-4e93-8334-88aa80c0e89c/element/ecd234a5-3f1a-4e0c-a57f-757707fc38e6/location[39m
[35m[HTTP][39m [90m{}[39m
[35m[W3C (c1cea25d)][39m Driver proxy active, passing request on via HTTP proxy
[35m[WD Proxy][39m Replacing sessionId a09a0c21-eb84-4387-9b32-bc00d52eaed7 with c1cea25d-d75a-4e93-8334-88aa80c0e89c
[35m[HTTP][39m [37m<-- GET /wd/hub/session/c1cea25d-d75a-4e93-8334-88aa80c0e89c/element/ecd234a5-3f1a-4e0c-a57f-757707fc38e6/location [39m[32m200[39m [90m22 ms - 90[39m
[35m[HTTP][39m [90m[39m
[35m[HTTP][39m [37m-->[39m [37mPOST[39m [37m/wd/hub/session/c1cea25d-d75a-4e93-8334-88aa80c0e89c/timeouts[39m
[35m[HTTP][39m [90m{"implicit":30000}[39m
[35m[HTTP][39m [37m<-- POST /wd/hub/session/c1cea25d-d75a-4e93-8334-88aa80c0e89c/timeouts [39m[32m200[39m [90m2 ms - 14[39m
[35m[HTTP][39m [90m[39m
[35m[HTTP][39m [37m-->[39m [37mGET[39m [37m/wd/hub/session/c1cea25d-d75a-4e93-8334-88aa80c0e89c/element/ecd234a5-3f1a-4e0c-a57f-757707fc38e6/attribute/text[39m
[35m[HTTP][39m [90m{}[39m
[35m[HTTP][39m [37m<-- GET /wd/hub/session/c1cea25d-d75a-4e93-8334-88aa80c0e89c/element/ecd234a5-3f1a-4e0c-a57f-757707fc38e6/attribute/text [39m[32m200[39m [90m18 ms - 80[39m
[35m[HTTP][39m [90m[39m
[35m[HTTP][39m [37m-->[39m [37mPOST[39m [37m/wd/hub/session/c1cea25d-d75a-4e93-8334-88aa80c0e89c/timeouts[39m
[35m[HTTP][39m [90m{"implicit":50}[39m
[35m[HTTP][39m [37m<-- POST /wd/hub/session/c1cea25d-d75a-4e93-8334-88aa80c0e89c/timeouts [39m[32m200[39m [90m2 ms - 14[39m
[35m[HTTP][39m [90m[39m
[35m[HTTP][39m [37m-->[39m [37mGET[39m [37m/wd/hub/session/c1cea25d-d75a-4e93-8334-88aa80c0e89c/window/rect[39m
[35m[HTTP][39m [90m{}[39m
[35m[HTTP][39m [37m<-- GET /wd/hub/session/c1cea25d-d75a-4e93-8334-88aa80c0e89c/window/rect [39m[32m200[39m [90m19 ms - 50[39m
[35m[HTTP][39m [90m[39m
[35m[HTTP][39m [37m-->[39m [37mPOST[39m [37m/wd/hub/session/c1cea25d-d75a-4e93-8334-88aa80c0e89c/elements[39m
[35m[HTTP][39m [90m{"using":"-android uiautomator","value":"new UiSelector().className(\"android.widget.TextView\").text(\"No Plates Found\")"}[39m
[35m[HTTP][39m [37m<-- POST /wd/hub/session/c1cea25d-d75a-4e93-8334-88aa80c0e89c/elements [39m[32m200[39m [90m26 ms - 139[39m
[35m[HTTP][39m [90m[39m
[35m[HTTP][39m [37m-->[39m [37mGET[39m [37m/wd/hub/session/c1cea25d-d75a-4e93-8334-88aa80c0e89c/element/6b8e0b3b-818b-4e29-9d56-3e73948f5384/location[39m
[35m[HTTP][39m [90m{}[39m
[35m[W3C (c1cea25d)][39m Driver proxy active, passing request on via HTTP proxy
[35m[WD Proxy][39m Replacing sessionId a09a0c21-eb84-4387-9b32-bc00d52eaed7 with c1cea25d-d75a-4e93-8334-88aa80c0e89c
[35m[HTTP][39m [37m<-- GET /wd/hub/session/c1cea25d-d75a-4e93-8334-88aa80c0e89c/element/6b8e0b3b-818b-4e29-9d56-3e73948f5384/location [39m[32m200[39m [90m19 ms - 87[39m
[35m[HTTP][39m [90m[39m
[35m[HTTP][39m [37m-->[39m [37mPOST[39m [37m/wd/hub/session/c1cea25d-d75a-4e93-8334-88aa80c0e89c/timeouts[39m
[35m[HTTP][39m [90m{"implicit":30000}[39m
[35m[HTTP][39m [37m<-- POST /wd/hub/session/c1cea25d-d75a-4e93-8334-88aa80c0e89c/timeouts [39m[32m200[39m [90m1 ms - 14[39m
[35m[HTTP][39m [90m[39m
[35m[HTTP][39m [37m-->[39m [37mGET[39m [37m/wd/hub/session/c1cea25d-d75a-4e93-8334-88aa80c0e89c/element/6b8e0b3b-818b-4e29-9d56-3e73948f5384/displayed[39m
[35m[HTTP][39m [90m{}[39m
[35m[HTTP][39m [37m<-- GET /wd/hub/session/c1cea25d-d75a-4e93-8334-88aa80c0e89c/element/6b8e0b3b-818b-4e29-9d56-3e73948f5384/displayed [39m[32m200[39m [90m18 ms - 14[39m
[35m[HTTP][39m [90m[39m
[35m[HTTP][39m [37m-->[39m [37mPOST[39m [37m/wd/hub/session/c1cea25d-d75a-4e93-8334-88aa80c0e89c/timeouts[39m
[35m[HTTP][39m [90m{"implicit":50}[39m
[35m[HTTP][39m [37m<-- POST /wd/hub/session/c1cea25d-d75a-4e93-8334-88aa80c0e89c/timeouts [39m[32m200[39m [90m2 ms - 14[39m
[35m[HTTP][39m [90m[39m
[35m[HTTP][39m [37m-->[39m [37mGET[39m [37m/wd/hub/session/c1cea25d-d75a-4e93-8334-88aa80c0e89c/window/rect[39m
[35m[HTTP][39m [90m{}[39m
[35m[HTTP][39m [37m<-- GET /wd/hub/session/c1cea25d-d75a-4e93-8334-88aa80c0e89c/window/rect [39m[32m200[39m [90m14 ms - 50[39m
[35m[HTTP][39m [90m[39m
[35m[HTTP][39m [37m-->[39m [37mPOST[39m [37m/wd/hub/session/c1cea25d-d75a-4e93-8334-88aa80c0e89c/elements[39m
[35m[HTTP][39m [90m{"using":"-android uiautomator","value":"new UiSelector().className(\"android.widget.ImageButton\")"}[39m
[35m[HTTP][39m [37m<-- POST /wd/hub/session/c1cea25d-d75a-4e93-8334-88aa80c0e89c/elements [39m[32m200[39m [90m28 ms - 139[39m
[35m[HTTP][39m [90m[39m
[35m[HTTP][39m [37m-->[39m [37mGET[39m [37m/wd/hub/session/c1cea25d-d75a-4e93-8334-88aa80c0e89c/element/053935bd-d9bb-467b-b547-0d9a1791d0d4/location[39m
[35m[HTTP][39m [90m{}[39m
[35m[W3C (c1cea25d)][39m Driver proxy active, passing request on via HTTP proxy
[35m[WD Proxy][39m Replacing sessionId a09a0c21-eb84-4387-9b32-bc00d52eaed7 with c1cea25d-d75a-4e93-8334-88aa80c0e89c
[35m[HTTP][39m [37m<-- GET /wd/hub/session/c1cea25d-d75a-4e93-8334-88aa80c0e89c/element/053935bd-d9bb-467b-b547-0d9a1791d0d4/location [39m[32m200[39m [90m34 ms - 87[39m
[35m[HTTP][39m [90m[39m
[35m[HTTP][39m [37m-->[39m [37mPOST[39m [37m/wd/hub/session/c1cea25d-d75a-4e93-8334-88aa80c0e89c/timeouts[39m
[35m[HTTP][39m [90m{"implicit":30000}[39m
[35m[HTTP][39m [37m<-- POST /wd/hub/session/c1cea25d-d75a-4e93-8334-88aa80c0e89c/timeouts [39m[32m200[39m [90m2 ms - 14[39m
[35m[HTTP][39m [90m[39m
[35m[HTTP][39m [37m-->[39m [37mPOST[39m [37m/wd/hub/session/c1cea25d-d75a-4e93-8334-88aa80c0e89c/touch/perform[39m
[35m[HTTP][39m [90m{"actions":[{"action":"tap","options":{"x":1,"y":1,"element":"053935bd-d9bb-467b-b547-0d9a1791d0d4"}},{"action":"release","options":{}}]}[39m
[35m[UiAutomator2][39m calling get location: 053935bd-d9bb-467b-b547-0d9a1791d0d4
[35m[HTTP][39m [37m<-- POST /wd/hub/session/c1cea25d-d75a-4e93-8334-88aa80c0e89c/touch/perform [39m[32m200[39m [90m1108 ms - 14[39m
[35m[HTTP][39m [90m[39m
[35m[HTTP][39m [37m-->[39m [37mPOST[39m [37m/wd/hub/session/c1cea25d-d75a-4e93-8334-88aa80c0e89c/timeouts[39m
[35m[HTTP][39m [90m{"implicit":50}[39m
[35m[HTTP][39m [37m<-- POST /wd/hub/session/c1cea25d-d75a-4e93-8334-88aa80c0e89c/timeouts [39m[32m200[39m [90m2 ms - 14[39m
[35m[HTTP][39m [90m[39m
[35m[HTTP][39m [37m-->[39m [37mGET[39m [37m/wd/hub/session/c1cea25d-d75a-4e93-8334-88aa80c0e89c/window/rect[39m
[35m[HTTP][39m [90m{}[39m
[35m[HTTP][39m [37m<-- GET /wd/hub/session/c1cea25d-d75a-4e93-8334-88aa80c0e89c/window/rect [39m[32m200[39m [90m23 ms - 50[39m
[35m[HTTP][39m [90m[39m
[35m[HTTP][39m [37m-->[39m [37mPOST[39m [37m/wd/hub/session/c1cea25d-d75a-4e93-8334-88aa80c0e89c/elements[39m
[35m[HTTP][39m [90m{"using":"-android uiautomator","value":"new UiSelector().className(\"android.widget.CheckedTextView\").text(\"Notifications\").resourceId(\"com.reviverauto.rplate:id/design_menu_item_text\")"}[39m
[35m[HTTP][39m [37m<-- POST /wd/hub/session/c1cea25d-d75a-4e93-8334-88aa80c0e89c/elements [39m[32m200[39m [90m54 ms - 139[39m
[35m[HTTP][39m [90m[39m
[35m[HTTP][39m [37m-->[39m [37mGET[39m [37m/wd/hub/session/c1cea25d-d75a-4e93-8334-88aa80c0e89c/element/90488d1d-87e8-48ee-be5d-e0d46d195cee/location[39m
[35m[HTTP][39m [90m{}[39m
[35m[W3C (c1cea25d)][39m Driver proxy active, passing request on via HTTP proxy
[35m[WD Proxy][39m Replacing sessionId a09a0c21-eb84-4387-9b32-bc00d52eaed7 with c1cea25d-d75a-4e93-8334-88aa80c0e89c
[35m[HTTP][39m [37m<-- GET /wd/hub/session/c1cea25d-d75a-4e93-8334-88aa80c0e89c/element/90488d1d-87e8-48ee-be5d-e0d46d195cee/location [39m[32m200[39m [90m29 ms - 89[39m
[35m[HTTP][39m [90m[39m
[35m[HTTP][39m [37m-->[39m [37mPOST[39m [37m/wd/hub/session/c1cea25d-d75a-4e93-8334-88aa80c0e89c/timeouts[39m
[35m[HTTP][39m [90m{"implicit":30000}[39m
[35m[HTTP][39m [37m<-- POST /wd/hub/session/c1cea25d-d75a-4e93-8334-88aa80c0e89c/timeouts [39m[32m200[39m [90m2 ms - 14[39m
[35m[HTTP][39m [90m[39m
[35m[HTTP][39m [37m-->[39m [37mGET[39m [37m/wd/hub/session/c1cea25d-d75a-4e93-8334-88aa80c0e89c/element/90488d1d-87e8-48ee-be5d-e0d46d195cee/attribute/checkable[39m
[35m[HTTP][39m [90m{}[39m
[35m[HTTP][39m [37m<-- GET /wd/hub/session/c1cea25d-d75a-4e93-8334-88aa80c0e89c/element/90488d1d-87e8-48ee-be5d-e0d46d195cee/attribute/checkable [39m[32m200[39m [90m24 ms - 16[39m
[35m[HTTP][39m [90m[39m
[35m[HTTP][39m [37m-->[39m [37mDELETE[39m [37m/wd/hub/session/c1cea25d-d75a-4e93-8334-88aa80c0e89c[39m
[35m[HTTP][39m [90m{}[39m
[35m[Appium][39m Removing session c1cea25d-d75a-4e93-8334-88aa80c0e89c from our master session list
[35m[ADB][39m com.reviverauto.rplate was successfully uninstalled
[35m[UiAutomator2][39m Restoring hidden api policy to the device default configuration
[35m[HTTP][39m [37m<-- DELETE /wd/hub/session/c1cea25d-d75a-4e93-8334-88aa80c0e89c [39m[32m200[39m [90m1463 ms - 14[39m
[35m[HTTP][39m [90m[39m
