[35m[Appium][39m Welcome to Appium v1.13.0
[35m[Appium][39m Non-default server args:
[35m[Appium][39m   port: 54149
[35m[Appium][39m   loglevel: info
[35m[Appium][39m   chromeDriverPort: 54150
[35m[Appium][39m   tmpDir: /var/folders/g2/rmydg0rj3ssg6qj5hp81dz100000gr/T//Katalon/Appium/Temp1570785752968
[35m[Appium][39m Appium REST http interface listener started on 0.0.0.0:54149
[35m[HTTP][39m [37m-->[39m [37mGET[39m [37m/wd/hub/status[39m
[35m[HTTP][39m [90m{}[39m
[35m[HTTP][39m [37m<-- GET /wd/hub/status [39m[32m200[39m [90m7 ms - 68[39m
[35m[HTTP][39m [90m[39m
[35m[HTTP][39m [37m-->[39m [37mPOST[39m [37m/wd/hub/session[39m
[35m[HTTP][39m [90m{"desiredCapabilities":{"app":"/Users/ayush/Desktop/APKs/Rplate26sept120.apk","noReset":false,"deviceName":"emulator-5554 (Android SDK built for x86 - Android 9)","fullReset":true,"platform":"ANDROID","newCommandTimeout":1800,"platformVersion":"9","automationName":"uiautomator2","autoGrantPermissions":true,"platformName":"Android","udid":"emulator-5554","systemPort":54148},"capabilities":{"firstMatch":[{"appium:app":"/Users/ayush/Desktop/APKs/Rplate26sept120.apk","appium:autoGrantPermissions":true,"appium:automationName":"uiautomator2","appium:deviceName":"emulator-5554 (Android SDK built for x86 - Android 9)","appium:fullReset":true,"appium:newCommandTimeout":1800,"appium:noReset":false,"platform":"ANDROID","platformName":"android","appium:platformVersion":"9","appium:systemPort":54148,"appium:udid":"emulator-5554"}]}}[39m
[35m[BaseDriver][39m The capabilities ["platform"] are not standard capabilities and should have an extension prefix
[35m[Appium][39m Appium v1.13.0 creating new AndroidUiautomator2Driver (v1.33.1) session
[35m[Appium][39m Capabilities:
[35m[Appium][39m   platform: ANDROID
[35m[Appium][39m   platformName: android
[35m[Appium][39m   app: /Users/ayush/Desktop/APKs/Rplate26sept120.apk
[35m[Appium][39m   autoGrantPermissions: true
[35m[Appium][39m   automationName: uiautomator2
[35m[Appium][39m   deviceName: emulator-5554 (Android SDK built for x86 - Android 9)
[35m[Appium][39m   fullReset: true
[35m[Appium][39m   newCommandTimeout: 1800
[35m[Appium][39m   noReset: false
[35m[Appium][39m   platformVersion: 9
[35m[Appium][39m   systemPort: 54148
[35m[Appium][39m   udid: emulator-5554
[35m[BaseDriver][39m The following capabilities were provided, but are not recognized by appium: platform.
[35m[BaseDriver][39m Session created with session id: dfd31619-9e26-4435-9762-694faab3a84b
[35m[BaseDriver][39m Using local app '/Users/ayush/Desktop/APKs/Rplate26sept120.apk'
[35m[ADB][39m Found 1 'build-tools' folders under '/Users/ayush/.katalon/tools/android_sdk' (newest first):
[35m[ADB][39m     /Users/ayush/.katalon/tools/android_sdk/build-tools/29.0.2
[35m[ADB][39m Using 'adb' from '/Users/ayush/.katalon/tools/android_sdk/platform-tools/adb'
[35m[AndroidDriver][39m Retrieving device list
[35m[AndroidDriver][39m Using device: emulator-5554
[35m[ADB][39m Using 'adb' from '/Users/ayush/.katalon/tools/android_sdk/platform-tools/adb'
[35m[UiAutomator2][39m Relaxing hidden api policy
[35m[ADB][39m Using 'apkanalyzer' from '/Users/ayush/.katalon/tools/android_sdk/tools/bin/apkanalyzer'
[35m[ADB][39m Package name: 'com.reviverauto.rplate'
[35m[ADB][39m Main activity name: 'com.reviverauto.rplate.SplashActivity'
[35m[ADB][39m Using 'aapt' from '/Users/ayush/.katalon/tools/android_sdk/build-tools/29.0.2/aapt'
[35m[ADB][39m Using 'apksigner' from '/Users/ayush/.katalon/tools/android_sdk/build-tools/29.0.2/apksigner'
[35m[UiAutomator2][39m Server packages are not going to be (re)installed
[35m[ADB][39m com.reviverauto.rplate was not uninstalled, because it was not present on the device
[35m[ADB][39m The application at '/Users/ayush/Desktop/APKs/Rplate26sept120.apk' is already cached to '/data/local/tmp/appium_cache/fcce71d09b4030994ca4675b5f82ba3fc793a733.apk'
[35m[ADB][39m The installation of 'Rplate26sept120.apk' took 8.697s
[35m[UiAutomator2][39m Starting UIAutomator2 server 3.5.1
[35m[UiAutomator2][39m Using UIAutomator2 server from '/usr/local/lib/node_modules/appium/node_modules/appium-uiautomator2-server/apks/appium-uiautomator2-server-v3.5.1.apk' and test from '/usr/local/lib/node_modules/appium/node_modules/appium-uiautomator2-server/apks/appium-uiautomator2-server-debug-androidTest.apk'
[35m[UiAutomator2][39m Waiting up to 30000ms for UiAutomator2 to be online...
[35m[WD Proxy][39m Got an unexpected response: {"code":"ECONNRESET"}
[35m[WD Proxy][39m Got an unexpected response: {"code":"ECONNRESET"}
[35m[AndroidDriver][39m Screen already unlocked, doing nothing
[35m[UiAutomator2][39m UiAutomator2 did not start the activity we were waiting for, 'com.reviverauto.rplate/com.reviverauto.rplate.SplashActivity'. Starting it ourselves
[35m[Appium][39m New AndroidUiautomator2Driver session created successfully, session dfd31619-9e26-4435-9762-694faab3a84b added to master session list
[35m[HTTP][39m [37m<-- POST /wd/hub/session [39m[32m200[39m [90m18694 ms - 1244[39m
[35m[HTTP][39m [90m[39m
[35m[HTTP][39m [37m-->[39m [37mGET[39m [37m/wd/hub/session/dfd31619-9e26-4435-9762-694faab3a84b[39m
[35m[HTTP][39m [90m{}[39m
[35m[HTTP][39m [37m<-- GET /wd/hub/session/dfd31619-9e26-4435-9762-694faab3a84b [39m[32m200[39m [90m124 ms - 1176[39m
[35m[HTTP][39m [90m[39m
[35m[HTTP][39m [37m-->[39m [37mGET[39m [37m/wd/hub/session/dfd31619-9e26-4435-9762-694faab3a84b[39m
[35m[HTTP][39m [90m{}[39m
[35m[HTTP][39m [37m<-- GET /wd/hub/session/dfd31619-9e26-4435-9762-694faab3a84b [39m[32m200[39m [90m69 ms - 1176[39m
[35m[HTTP][39m [90m[39m
[35m[HTTP][39m [37m-->[39m [37mGET[39m [37m/wd/hub/status[39m
[35m[HTTP][39m [90m{}[39m
[35m[HTTP][39m [37m<-- GET /wd/hub/status [39m[32m200[39m [90m1 ms - 68[39m
[35m[HTTP][39m [90m[39m
[35m[HTTP][39m [37m-->[39m [37mPOST[39m [37m/wd/hub/session/dfd31619-9e26-4435-9762-694faab3a84b/timeouts[39m
[35m[HTTP][39m [90m{"implicit":30000}[39m
[35m[HTTP][39m [37m<-- POST /wd/hub/session/dfd31619-9e26-4435-9762-694faab3a84b/timeouts [39m[32m200[39m [90m4 ms - 14[39m
[35m[HTTP][39m [90m[39m
[35m[HTTP][39m [37m-->[39m [37mPOST[39m [37m/wd/hub/session/dfd31619-9e26-4435-9762-694faab3a84b/timeouts[39m
[35m[HTTP][39m [90m{"implicit":50}[39m
[35m[HTTP][39m [37m<-- POST /wd/hub/session/dfd31619-9e26-4435-9762-694faab3a84b/timeouts [39m[32m200[39m [90m3 ms - 14[39m
[35m[HTTP][39m [90m[39m
[35m[HTTP][39m [37m-->[39m [37mGET[39m [37m/wd/hub/session/dfd31619-9e26-4435-9762-694faab3a84b/window/rect[39m
[35m[HTTP][39m [90m{}[39m
[35m[HTTP][39m [37m<-- GET /wd/hub/session/dfd31619-9e26-4435-9762-694faab3a84b/window/rect [39m[32m200[39m [90m26 ms - 50[39m
[35m[HTTP][39m [90m[39m
[35m[HTTP][39m [37m-->[39m [37mPOST[39m [37m/wd/hub/session/dfd31619-9e26-4435-9762-694faab3a84b/elements[39m
[35m[HTTP][39m [90m{"using":"-android uiautomator","value":"new UiSelector().className(\"android.widget.TextView\").text(\"QA\").resourceId(\"android:id/text1\")"}[39m
[35m[HTTP][39m [37m<-- POST /wd/hub/session/dfd31619-9e26-4435-9762-694faab3a84b/elements [39m[32m200[39m [90m640 ms - 139[39m
[35m[HTTP][39m [90m[39m
[35m[HTTP][39m [37m-->[39m [37mGET[39m [37m/wd/hub/session/dfd31619-9e26-4435-9762-694faab3a84b/element/fd801609-bd3a-4e4d-b16f-96d332ad60a1/location[39m
[35m[HTTP][39m [90m{}[39m
[35m[W3C (dfd31619)][39m Driver proxy active, passing request on via HTTP proxy
[35m[WD Proxy][39m Replacing sessionId 9d3a16d5-492f-48de-9181-73aa4764eb8f with dfd31619-9e26-4435-9762-694faab3a84b
[35m[HTTP][39m [37m<-- GET /wd/hub/session/dfd31619-9e26-4435-9762-694faab3a84b/element/fd801609-bd3a-4e4d-b16f-96d332ad60a1/location [39m[32m200[39m [90m58 ms - 89[39m
[35m[HTTP][39m [90m[39m
[35m[HTTP][39m [37m-->[39m [37mPOST[39m [37m/wd/hub/session/dfd31619-9e26-4435-9762-694faab3a84b/timeouts[39m
[35m[HTTP][39m [90m{"implicit":30000}[39m
[35m[HTTP][39m [37m<-- POST /wd/hub/session/dfd31619-9e26-4435-9762-694faab3a84b/timeouts [39m[32m200[39m [90m2 ms - 14[39m
[35m[HTTP][39m [90m[39m
[35m[HTTP][39m [37m-->[39m [37mPOST[39m [37m/wd/hub/session/dfd31619-9e26-4435-9762-694faab3a84b/timeouts[39m
[35m[HTTP][39m [90m{"implicit":50}[39m
[35m[HTTP][39m [37m<-- POST /wd/hub/session/dfd31619-9e26-4435-9762-694faab3a84b/timeouts [39m[32m200[39m [90m3 ms - 14[39m
[35m[HTTP][39m [90m[39m
[35m[HTTP][39m [37m-->[39m [37mGET[39m [37m/wd/hub/session/dfd31619-9e26-4435-9762-694faab3a84b/window/rect[39m
[35m[HTTP][39m [90m{}[39m
[35m[HTTP][39m [37m<-- GET /wd/hub/session/dfd31619-9e26-4435-9762-694faab3a84b/window/rect [39m[32m200[39m [90m25 ms - 50[39m
[35m[HTTP][39m [90m[39m
[35m[HTTP][39m [37m-->[39m [37mPOST[39m [37m/wd/hub/session/dfd31619-9e26-4435-9762-694faab3a84b/elements[39m
[35m[HTTP][39m [90m{"using":"-android uiautomator","value":"new UiSelector().className(\"android.widget.TextView\").text(\"QA\").resourceId(\"android:id/text1\")"}[39m
[35m[HTTP][39m [37m<-- POST /wd/hub/session/dfd31619-9e26-4435-9762-694faab3a84b/elements [39m[32m200[39m [90m167 ms - 139[39m
[35m[HTTP][39m [90m[39m
[35m[HTTP][39m [37m-->[39m [37mGET[39m [37m/wd/hub/session/dfd31619-9e26-4435-9762-694faab3a84b/element/3fcce441-614e-4641-93c8-3ad09b828c31/location[39m
[35m[HTTP][39m [90m{}[39m
[35m[W3C (dfd31619)][39m Driver proxy active, passing request on via HTTP proxy
[35m[WD Proxy][39m Replacing sessionId 9d3a16d5-492f-48de-9181-73aa4764eb8f with dfd31619-9e26-4435-9762-694faab3a84b
[35m[HTTP][39m [37m<-- GET /wd/hub/session/dfd31619-9e26-4435-9762-694faab3a84b/element/3fcce441-614e-4641-93c8-3ad09b828c31/location [39m[32m200[39m [90m122 ms - 89[39m
[35m[HTTP][39m [90m[39m
[35m[HTTP][39m [37m-->[39m [37mPOST[39m [37m/wd/hub/session/dfd31619-9e26-4435-9762-694faab3a84b/timeouts[39m
[35m[HTTP][39m [90m{"implicit":30000}[39m
[35m[HTTP][39m [37m<-- POST /wd/hub/session/dfd31619-9e26-4435-9762-694faab3a84b/timeouts [39m[32m200[39m [90m2 ms - 14[39m
[35m[HTTP][39m [90m[39m
[35m[HTTP][39m [37m-->[39m [37mPOST[39m [37m/wd/hub/session/dfd31619-9e26-4435-9762-694faab3a84b/touch/perform[39m
[35m[HTTP][39m [90m{"actions":[{"action":"tap","options":{"x":1,"y":1,"element":"3fcce441-614e-4641-93c8-3ad09b828c31"}},{"action":"release","options":{}}]}[39m
[35m[UiAutomator2][39m calling get location: 3fcce441-614e-4641-93c8-3ad09b828c31
[35m[HTTP][39m [37m<-- POST /wd/hub/session/dfd31619-9e26-4435-9762-694faab3a84b/touch/perform [39m[32m200[39m [90m730 ms - 14[39m
[35m[HTTP][39m [90m[39m
[35m[HTTP][39m [37m-->[39m [37mPOST[39m [37m/wd/hub/session/dfd31619-9e26-4435-9762-694faab3a84b/timeouts[39m
[35m[HTTP][39m [90m{"implicit":50}[39m
[35m[HTTP][39m [37m<-- POST /wd/hub/session/dfd31619-9e26-4435-9762-694faab3a84b/timeouts [39m[32m200[39m [90m2 ms - 14[39m
[35m[HTTP][39m [90m[39m
[35m[HTTP][39m [37m-->[39m [37mGET[39m [37m/wd/hub/session/dfd31619-9e26-4435-9762-694faab3a84b/window/rect[39m
[35m[HTTP][39m [90m{}[39m
[35m[HTTP][39m [37m<-- GET /wd/hub/session/dfd31619-9e26-4435-9762-694faab3a84b/window/rect [39m[32m200[39m [90m17 ms - 50[39m
[35m[HTTP][39m [90m[39m
[35m[HTTP][39m [37m-->[39m [37mPOST[39m [37m/wd/hub/session/dfd31619-9e26-4435-9762-694faab3a84b/elements[39m
[35m[HTTP][39m [90m{"using":"-android uiautomator","value":"new UiSelector().className(\"android.widget.TextView\").text(\"SIGN IN\").resourceId(\"com.reviverauto.rplate:id/txtSignIn\")"}[39m
[35m[HTTP][39m [37m<-- POST /wd/hub/session/dfd31619-9e26-4435-9762-694faab3a84b/elements [39m[32m200[39m [90m604 ms - 12[39m
[35m[HTTP][39m [90m[39m
[35m[HTTP][39m [37m-->[39m [37mPOST[39m [37m/wd/hub/session/dfd31619-9e26-4435-9762-694faab3a84b/elements[39m
[35m[HTTP][39m [90m{"using":"-android uiautomator","value":"new UiSelector().className(\"android.widget.TextView\").text(\"SIGN IN\").resourceId(\"com.reviverauto.rplate:id/txtSignIn\")"}[39m
[35m[HTTP][39m [37m<-- POST /wd/hub/session/dfd31619-9e26-4435-9762-694faab3a84b/elements [39m[32m200[39m [90m92 ms - 12[39m
[35m[HTTP][39m [90m[39m
[35m[HTTP][39m [37m-->[39m [37mPOST[39m [37m/wd/hub/session/dfd31619-9e26-4435-9762-694faab3a84b/elements[39m
[35m[HTTP][39m [90m{"using":"-android uiautomator","value":"new UiSelector().className(\"android.widget.TextView\").text(\"SIGN IN\").resourceId(\"com.reviverauto.rplate:id/txtSignIn\")"}[39m
[35m[HTTP][39m [37m<-- POST /wd/hub/session/dfd31619-9e26-4435-9762-694faab3a84b/elements [39m[32m200[39m [90m112 ms - 12[39m
[35m[HTTP][39m [90m[39m
[35m[HTTP][39m [37m-->[39m [37mPOST[39m [37m/wd/hub/session/dfd31619-9e26-4435-9762-694faab3a84b/elements[39m
[35m[HTTP][39m [90m{"using":"-android uiautomator","value":"new UiSelector().className(\"android.widget.TextView\").text(\"SIGN IN\").resourceId(\"com.reviverauto.rplate:id/txtSignIn\")"}[39m
[35m[HTTP][39m [37m<-- POST /wd/hub/session/dfd31619-9e26-4435-9762-694faab3a84b/elements [39m[32m200[39m [90m118 ms - 12[39m
[35m[HTTP][39m [90m[39m
[35m[HTTP][39m [37m-->[39m [37mPOST[39m [37m/wd/hub/session/dfd31619-9e26-4435-9762-694faab3a84b/elements[39m
[35m[HTTP][39m [90m{"using":"-android uiautomator","value":"new UiSelector().className(\"android.widget.TextView\").text(\"SIGN IN\").resourceId(\"com.reviverauto.rplate:id/txtSignIn\")"}[39m
[35m[HTTP][39m [37m<-- POST /wd/hub/session/dfd31619-9e26-4435-9762-694faab3a84b/elements [39m[32m200[39m [90m88 ms - 12[39m
[35m[HTTP][39m [90m[39m
[35m[HTTP][39m [37m-->[39m [37mPOST[39m [37m/wd/hub/session/dfd31619-9e26-4435-9762-694faab3a84b/elements[39m
[35m[HTTP][39m [90m{"using":"-android uiautomator","value":"new UiSelector().className(\"android.widget.TextView\").text(\"SIGN IN\").resourceId(\"com.reviverauto.rplate:id/txtSignIn\")"}[39m
[35m[HTTP][39m [37m<-- POST /wd/hub/session/dfd31619-9e26-4435-9762-694faab3a84b/elements [39m[32m200[39m [90m88 ms - 12[39m
[35m[HTTP][39m [90m[39m
[35m[HTTP][39m [37m-->[39m [37mPOST[39m [37m/wd/hub/session/dfd31619-9e26-4435-9762-694faab3a84b/elements[39m
[35m[HTTP][39m [90m{"using":"-android uiautomator","value":"new UiSelector().className(\"android.widget.TextView\").text(\"SIGN IN\").resourceId(\"com.reviverauto.rplate:id/txtSignIn\")"}[39m
[35m[HTTP][39m [37m<-- POST /wd/hub/session/dfd31619-9e26-4435-9762-694faab3a84b/elements [39m[32m200[39m [90m82 ms - 12[39m
[35m[HTTP][39m [90m[39m
[35m[HTTP][39m [37m-->[39m [37mPOST[39m [37m/wd/hub/session/dfd31619-9e26-4435-9762-694faab3a84b/elements[39m
[35m[HTTP][39m [90m{"using":"-android uiautomator","value":"new UiSelector().className(\"android.widget.TextView\").text(\"SIGN IN\").resourceId(\"com.reviverauto.rplate:id/txtSignIn\")"}[39m
[35m[HTTP][39m [37m<-- POST /wd/hub/session/dfd31619-9e26-4435-9762-694faab3a84b/elements [39m[32m200[39m [90m70 ms - 12[39m
[35m[HTTP][39m [90m[39m
[35m[HTTP][39m [37m-->[39m [37mPOST[39m [37m/wd/hub/session/dfd31619-9e26-4435-9762-694faab3a84b/elements[39m
[35m[HTTP][39m [90m{"using":"-android uiautomator","value":"new UiSelector().className(\"android.widget.TextView\").text(\"SIGN IN\").resourceId(\"com.reviverauto.rplate:id/txtSignIn\")"}[39m
[35m[HTTP][39m [37m<-- POST /wd/hub/session/dfd31619-9e26-4435-9762-694faab3a84b/elements [39m[32m200[39m [90m69 ms - 12[39m
[35m[HTTP][39m [90m[39m
[35m[HTTP][39m [37m-->[39m [37mPOST[39m [37m/wd/hub/session/dfd31619-9e26-4435-9762-694faab3a84b/elements[39m
[35m[HTTP][39m [90m{"using":"-android uiautomator","value":"new UiSelector().className(\"android.widget.TextView\").text(\"SIGN IN\").resourceId(\"com.reviverauto.rplate:id/txtSignIn\")"}[39m
[35m[HTTP][39m [37m<-- POST /wd/hub/session/dfd31619-9e26-4435-9762-694faab3a84b/elements [39m[32m200[39m [90m82 ms - 12[39m
[35m[HTTP][39m [90m[39m
[35m[HTTP][39m [37m-->[39m [37mPOST[39m [37m/wd/hub/session/dfd31619-9e26-4435-9762-694faab3a84b/elements[39m
[35m[HTTP][39m [90m{"using":"-android uiautomator","value":"new UiSelector().className(\"android.widget.TextView\").text(\"SIGN IN\").resourceId(\"com.reviverauto.rplate:id/txtSignIn\")"}[39m
[35m[HTTP][39m [37m<-- POST /wd/hub/session/dfd31619-9e26-4435-9762-694faab3a84b/elements [39m[32m200[39m [90m69 ms - 12[39m
[35m[HTTP][39m [90m[39m
[35m[HTTP][39m [37m-->[39m [37mPOST[39m [37m/wd/hub/session/dfd31619-9e26-4435-9762-694faab3a84b/elements[39m
[35m[HTTP][39m [90m{"using":"-android uiautomator","value":"new UiSelector().className(\"android.widget.TextView\").text(\"SIGN IN\").resourceId(\"com.reviverauto.rplate:id/txtSignIn\")"}[39m
[35m[HTTP][39m [37m<-- POST /wd/hub/session/dfd31619-9e26-4435-9762-694faab3a84b/elements [39m[32m200[39m [90m780 ms - 139[39m
[35m[HTTP][39m [90m[39m
[35m[HTTP][39m [37m-->[39m [37mGET[39m [37m/wd/hub/session/dfd31619-9e26-4435-9762-694faab3a84b/element/84f2e87b-62fb-4126-b36a-7d0ec3fb9a64/location[39m
[35m[HTTP][39m [90m{}[39m
[35m[W3C (dfd31619)][39m Driver proxy active, passing request on via HTTP proxy
[35m[WD Proxy][39m Replacing sessionId 9d3a16d5-492f-48de-9181-73aa4764eb8f with dfd31619-9e26-4435-9762-694faab3a84b
[35m[HTTP][39m [37m<-- GET /wd/hub/session/dfd31619-9e26-4435-9762-694faab3a84b/element/84f2e87b-62fb-4126-b36a-7d0ec3fb9a64/location [39m[32m200[39m [90m383 ms - 88[39m
[35m[HTTP][39m [90m[39m
[35m[HTTP][39m [37m-->[39m [37mPOST[39m [37m/wd/hub/session/dfd31619-9e26-4435-9762-694faab3a84b/timeouts[39m
[35m[HTTP][39m [90m{"implicit":30000}[39m
[35m[HTTP][39m [37m<-- POST /wd/hub/session/dfd31619-9e26-4435-9762-694faab3a84b/timeouts [39m[32m200[39m [90m2 ms - 14[39m
[35m[HTTP][39m [90m[39m
[35m[HTTP][39m [37m-->[39m [37mPOST[39m [37m/wd/hub/session/dfd31619-9e26-4435-9762-694faab3a84b/timeouts[39m
[35m[HTTP][39m [90m{"implicit":50}[39m
[35m[HTTP][39m [37m<-- POST /wd/hub/session/dfd31619-9e26-4435-9762-694faab3a84b/timeouts [39m[32m200[39m [90m2 ms - 14[39m
[35m[HTTP][39m [90m[39m
[35m[HTTP][39m [37m-->[39m [37mGET[39m [37m/wd/hub/session/dfd31619-9e26-4435-9762-694faab3a84b/window/rect[39m
[35m[HTTP][39m [90m{}[39m
[35m[HTTP][39m [37m<-- GET /wd/hub/session/dfd31619-9e26-4435-9762-694faab3a84b/window/rect [39m[32m200[39m [90m20 ms - 50[39m
[35m[HTTP][39m [90m[39m
[35m[HTTP][39m [37m-->[39m [37mPOST[39m [37m/wd/hub/session/dfd31619-9e26-4435-9762-694faab3a84b/elements[39m
[35m[HTTP][39m [90m{"using":"-android uiautomator","value":"new UiSelector().className(\"android.widget.TextView\").text(\"SIGN IN\").resourceId(\"com.reviverauto.rplate:id/txtSignIn\")"}[39m
[35m[HTTP][39m [37m<-- POST /wd/hub/session/dfd31619-9e26-4435-9762-694faab3a84b/elements [39m[32m200[39m [90m395 ms - 139[39m
[35m[HTTP][39m [90m[39m
[35m[HTTP][39m [37m-->[39m [37mGET[39m [37m/wd/hub/session/dfd31619-9e26-4435-9762-694faab3a84b/element/2789c572-9f3a-4b01-aeba-fb4623a50af7/location[39m
[35m[HTTP][39m [90m{}[39m
[35m[W3C (dfd31619)][39m Driver proxy active, passing request on via HTTP proxy
[35m[WD Proxy][39m Replacing sessionId 9d3a16d5-492f-48de-9181-73aa4764eb8f with dfd31619-9e26-4435-9762-694faab3a84b
[35m[HTTP][39m [37m<-- GET /wd/hub/session/dfd31619-9e26-4435-9762-694faab3a84b/element/2789c572-9f3a-4b01-aeba-fb4623a50af7/location [39m[32m200[39m [90m26 ms - 88[39m
[35m[HTTP][39m [90m[39m
[35m[HTTP][39m [37m-->[39m [37mPOST[39m [37m/wd/hub/session/dfd31619-9e26-4435-9762-694faab3a84b/timeouts[39m
[35m[HTTP][39m [90m{"implicit":30000}[39m
[35m[HTTP][39m [37m<-- POST /wd/hub/session/dfd31619-9e26-4435-9762-694faab3a84b/timeouts [39m[32m200[39m [90m4 ms - 14[39m
[35m[HTTP][39m [90m[39m
[35m[HTTP][39m [37m-->[39m [37mPOST[39m [37m/wd/hub/session/dfd31619-9e26-4435-9762-694faab3a84b/touch/perform[39m
[35m[HTTP][39m [90m{"actions":[{"action":"tap","options":{"x":1,"y":1,"element":"2789c572-9f3a-4b01-aeba-fb4623a50af7"}},{"action":"release","options":{}}]}[39m
[35m[UiAutomator2][39m calling get location: 2789c572-9f3a-4b01-aeba-fb4623a50af7
[35m[HTTP][39m [37m<-- POST /wd/hub/session/dfd31619-9e26-4435-9762-694faab3a84b/touch/perform [39m[32m200[39m [90m1350 ms - 14[39m
[35m[HTTP][39m [90m[39m
[35m[HTTP][39m [37m-->[39m [37mPOST[39m [37m/wd/hub/session/dfd31619-9e26-4435-9762-694faab3a84b/timeouts[39m
[35m[HTTP][39m [90m{"implicit":50}[39m
[35m[HTTP][39m [37m<-- POST /wd/hub/session/dfd31619-9e26-4435-9762-694faab3a84b/timeouts [39m[32m200[39m [90m1 ms - 14[39m
[35m[HTTP][39m [90m[39m
[35m[HTTP][39m [37m-->[39m [37mGET[39m [37m/wd/hub/session/dfd31619-9e26-4435-9762-694faab3a84b/window/rect[39m
[35m[HTTP][39m [90m{}[39m
[35m[HTTP][39m [37m<-- GET /wd/hub/session/dfd31619-9e26-4435-9762-694faab3a84b/window/rect [39m[32m200[39m [90m18 ms - 50[39m
[35m[HTTP][39m [90m[39m
[35m[HTTP][39m [37m-->[39m [37mPOST[39m [37m/wd/hub/session/dfd31619-9e26-4435-9762-694faab3a84b/elements[39m
[35m[HTTP][39m [90m{"using":"-android uiautomator","value":"new UiSelector().className(\"android.widget.EditText\").text(\"Enter email\").resourceId(\"com.reviverauto.rplate:id/edt_iconEditTextView\")"}[39m
[35m[HTTP][39m [37m<-- POST /wd/hub/session/dfd31619-9e26-4435-9762-694faab3a84b/elements [39m[32m200[39m [90m55 ms - 139[39m
[35m[HTTP][39m [90m[39m
[35m[HTTP][39m [37m-->[39m [37mGET[39m [37m/wd/hub/session/dfd31619-9e26-4435-9762-694faab3a84b/element/d669d7f8-e400-4a04-8299-cad3369350de/location[39m
[35m[HTTP][39m [90m{}[39m
[35m[W3C (dfd31619)][39m Driver proxy active, passing request on via HTTP proxy
[35m[WD Proxy][39m Replacing sessionId 9d3a16d5-492f-48de-9181-73aa4764eb8f with dfd31619-9e26-4435-9762-694faab3a84b
[35m[HTTP][39m [37m<-- GET /wd/hub/session/dfd31619-9e26-4435-9762-694faab3a84b/element/d669d7f8-e400-4a04-8299-cad3369350de/location [39m[32m200[39m [90m32 ms - 89[39m
[35m[HTTP][39m [90m[39m
[35m[HTTP][39m [37m-->[39m [37mPOST[39m [37m/wd/hub/session/dfd31619-9e26-4435-9762-694faab3a84b/timeouts[39m
[35m[HTTP][39m [90m{"implicit":30000}[39m
[35m[HTTP][39m [37m<-- POST /wd/hub/session/dfd31619-9e26-4435-9762-694faab3a84b/timeouts [39m[32m200[39m [90m1 ms - 14[39m
[35m[HTTP][39m [90m[39m
[35m[HTTP][39m [37m-->[39m [37mPOST[39m [37m/wd/hub/session/dfd31619-9e26-4435-9762-694faab3a84b/element/d669d7f8-e400-4a04-8299-cad3369350de/clear[39m
[35m[HTTP][39m [90m{"id":"d669d7f8-e400-4a04-8299-cad3369350de"}[39m
[35m[HTTP][39m [37m<-- POST /wd/hub/session/dfd31619-9e26-4435-9762-694faab3a84b/element/d669d7f8-e400-4a04-8299-cad3369350de/clear [39m[32m200[39m [90m40 ms - 27[39m
[35m[HTTP][39m [90m[39m
[35m[HTTP][39m [37m-->[39m [37mPOST[39m [37m/wd/hub/session/dfd31619-9e26-4435-9762-694faab3a84b/element/d669d7f8-e400-4a04-8299-cad3369350de/value[39m
[35m[HTTP][39m [90m{"id":"d669d7f8-e400-4a04-8299-cad3369350de","text":"ayush.kumar+noplates@revivertest.com","value":["a","y","u","s","h",".","k","u","m","a","r","+","n","o","p","l","a","t","e","s","@","r","e","v","i","v","e","r","t","e","s","t",".","c","o","m"]}[39m
[35m[HTTP][39m [37m<-- POST /wd/hub/session/dfd31619-9e26-4435-9762-694faab3a84b/element/d669d7f8-e400-4a04-8299-cad3369350de/value [39m[32m200[39m [90m1341 ms - 12[39m
[35m[HTTP][39m [90m[39m
[35m[HTTP][39m [37m-->[39m [37mPOST[39m [37m/wd/hub/session/dfd31619-9e26-4435-9762-694faab3a84b/timeouts[39m
[35m[HTTP][39m [90m{"implicit":50}[39m
[35m[HTTP][39m [37m<-- POST /wd/hub/session/dfd31619-9e26-4435-9762-694faab3a84b/timeouts [39m[32m200[39m [90m2 ms - 14[39m
[35m[HTTP][39m [90m[39m
[35m[HTTP][39m [37m-->[39m [37mGET[39m [37m/wd/hub/session/dfd31619-9e26-4435-9762-694faab3a84b/window/rect[39m
[35m[HTTP][39m [90m{}[39m
[35m[HTTP][39m [37m<-- GET /wd/hub/session/dfd31619-9e26-4435-9762-694faab3a84b/window/rect [39m[32m200[39m [90m38 ms - 50[39m
[35m[HTTP][39m [90m[39m
[35m[HTTP][39m [37m-->[39m [37mPOST[39m [37m/wd/hub/session/dfd31619-9e26-4435-9762-694faab3a84b/elements[39m
[35m[HTTP][39m [90m{"using":"-android uiautomator","value":"new UiSelector().className(\"android.widget.EditText\").text(\"Enter password\").resourceId(\"com.reviverauto.rplate:id/edt_iconEditTextView\")"}[39m
[35m[HTTP][39m [37m<-- POST /wd/hub/session/dfd31619-9e26-4435-9762-694faab3a84b/elements [39m[32m200[39m [90m542 ms - 139[39m
[35m[HTTP][39m [90m[39m
[35m[HTTP][39m [37m-->[39m [37mGET[39m [37m/wd/hub/session/dfd31619-9e26-4435-9762-694faab3a84b/element/c8828643-311d-408e-a061-98a2f02cb9db/location[39m
[35m[HTTP][39m [90m{}[39m
[35m[W3C (dfd31619)][39m Driver proxy active, passing request on via HTTP proxy
[35m[WD Proxy][39m Replacing sessionId 9d3a16d5-492f-48de-9181-73aa4764eb8f with dfd31619-9e26-4435-9762-694faab3a84b
[35m[HTTP][39m [37m<-- GET /wd/hub/session/dfd31619-9e26-4435-9762-694faab3a84b/element/c8828643-311d-408e-a061-98a2f02cb9db/location [39m[32m200[39m [90m32 ms - 89[39m
[35m[HTTP][39m [90m[39m
[35m[HTTP][39m [37m-->[39m [37mPOST[39m [37m/wd/hub/session/dfd31619-9e26-4435-9762-694faab3a84b/timeouts[39m
[35m[HTTP][39m [90m{"implicit":30000}[39m
[35m[HTTP][39m [37m<-- POST /wd/hub/session/dfd31619-9e26-4435-9762-694faab3a84b/timeouts [39m[32m200[39m [90m3 ms - 14[39m
[35m[HTTP][39m [90m[39m
[35m[HTTP][39m [37m-->[39m [37mPOST[39m [37m/wd/hub/session/dfd31619-9e26-4435-9762-694faab3a84b/element/c8828643-311d-408e-a061-98a2f02cb9db/clear[39m
[35m[HTTP][39m [90m{"id":"c8828643-311d-408e-a061-98a2f02cb9db"}[39m
[35m[HTTP][39m [37m<-- POST /wd/hub/session/dfd31619-9e26-4435-9762-694faab3a84b/element/c8828643-311d-408e-a061-98a2f02cb9db/clear [39m[32m200[39m [90m38 ms - 27[39m
[35m[HTTP][39m [90m[39m
[35m[HTTP][39m [37m-->[39m [37mPOST[39m [37m/wd/hub/session/dfd31619-9e26-4435-9762-694faab3a84b/element/c8828643-311d-408e-a061-98a2f02cb9db/value[39m
[35m[HTTP][39m [90m{"id":"c8828643-311d-408e-a061-98a2f02cb9db","text":"Tester@123","value":["T","e","s","t","e","r","@","1","2","3"]}[39m
[35m[HTTP][39m [37m<-- POST /wd/hub/session/dfd31619-9e26-4435-9762-694faab3a84b/element/c8828643-311d-408e-a061-98a2f02cb9db/value [39m[32m200[39m [90m1038 ms - 12[39m
[35m[HTTP][39m [90m[39m
[35m[HTTP][39m [37m-->[39m [37mPOST[39m [37m/wd/hub/session/dfd31619-9e26-4435-9762-694faab3a84b/timeouts[39m
[35m[HTTP][39m [90m{"implicit":50}[39m
[35m[HTTP][39m [37m<-- POST /wd/hub/session/dfd31619-9e26-4435-9762-694faab3a84b/timeouts [39m[32m200[39m [90m6 ms - 14[39m
[35m[HTTP][39m [90m[39m
[35m[HTTP][39m [37m-->[39m [37mGET[39m [37m/wd/hub/session/dfd31619-9e26-4435-9762-694faab3a84b/window/rect[39m
[35m[HTTP][39m [90m{}[39m
[35m[HTTP][39m [37m<-- GET /wd/hub/session/dfd31619-9e26-4435-9762-694faab3a84b/window/rect [39m[32m200[39m [90m44 ms - 50[39m
[35m[HTTP][39m [90m[39m
[35m[HTTP][39m [37m-->[39m [37mPOST[39m [37m/wd/hub/session/dfd31619-9e26-4435-9762-694faab3a84b/elements[39m
[35m[HTTP][39m [90m{"using":"-android uiautomator","value":"new UiSelector().className(\"android.widget.Button\").text(\"SIGN IN\").resourceId(\"com.reviverauto.rplate:id/btn_sign_in\")"}[39m
[35m[HTTP][39m [37m<-- POST /wd/hub/session/dfd31619-9e26-4435-9762-694faab3a84b/elements [39m[32m200[39m [90m440 ms - 139[39m
[35m[HTTP][39m [90m[39m
[35m[HTTP][39m [37m-->[39m [37mGET[39m [37m/wd/hub/session/dfd31619-9e26-4435-9762-694faab3a84b/element/d681a4be-b6a8-4550-af98-e6fddc656b62/location[39m
[35m[HTTP][39m [90m{}[39m
[35m[W3C (dfd31619)][39m Driver proxy active, passing request on via HTTP proxy
[35m[WD Proxy][39m Replacing sessionId 9d3a16d5-492f-48de-9181-73aa4764eb8f with dfd31619-9e26-4435-9762-694faab3a84b
[35m[HTTP][39m [37m<-- GET /wd/hub/session/dfd31619-9e26-4435-9762-694faab3a84b/element/d681a4be-b6a8-4550-af98-e6fddc656b62/location [39m[32m200[39m [90m26 ms - 90[39m
[35m[HTTP][39m [90m[39m
[35m[HTTP][39m [37m-->[39m [37mPOST[39m [37m/wd/hub/session/dfd31619-9e26-4435-9762-694faab3a84b/timeouts[39m
[35m[HTTP][39m [90m{"implicit":30000}[39m
[35m[HTTP][39m [37m<-- POST /wd/hub/session/dfd31619-9e26-4435-9762-694faab3a84b/timeouts [39m[32m200[39m [90m2 ms - 14[39m
[35m[HTTP][39m [90m[39m
[35m[HTTP][39m [37m-->[39m [37mPOST[39m [37m/wd/hub/session/dfd31619-9e26-4435-9762-694faab3a84b/touch/perform[39m
[35m[HTTP][39m [90m{"actions":[{"action":"tap","options":{"x":1,"y":1,"element":"d681a4be-b6a8-4550-af98-e6fddc656b62"}},{"action":"release","options":{}}]}[39m
[35m[UiAutomator2][39m calling get location: d681a4be-b6a8-4550-af98-e6fddc656b62
[35m[HTTP][39m [37m<-- POST /wd/hub/session/dfd31619-9e26-4435-9762-694faab3a84b/touch/perform [39m[32m200[39m [90m777 ms - 14[39m
[35m[HTTP][39m [90m[39m
[35m[HTTP][39m [37m-->[39m [37mPOST[39m [37m/wd/hub/session/dfd31619-9e26-4435-9762-694faab3a84b/timeouts[39m
[35m[HTTP][39m [90m{"implicit":50}[39m
[35m[HTTP][39m [37m<-- POST /wd/hub/session/dfd31619-9e26-4435-9762-694faab3a84b/timeouts [39m[32m200[39m [90m2 ms - 14[39m
[35m[HTTP][39m [90m[39m
[35m[HTTP][39m [37m-->[39m [37mGET[39m [37m/wd/hub/session/dfd31619-9e26-4435-9762-694faab3a84b/window/rect[39m
[35m[HTTP][39m [90m{}[39m
[35m[HTTP][39m [37m<-- GET /wd/hub/session/dfd31619-9e26-4435-9762-694faab3a84b/window/rect [39m[32m200[39m [90m157 ms - 50[39m
[35m[HTTP][39m [90m[39m
[35m[HTTP][39m [37m-->[39m [37mPOST[39m [37m/wd/hub/session/dfd31619-9e26-4435-9762-694faab3a84b/elements[39m
[35m[HTTP][39m [90m{"using":"-android uiautomator","value":"new UiSelector().className(\"android.widget.ImageButton\")"}[39m
[35m[HTTP][39m [37m<-- POST /wd/hub/session/dfd31619-9e26-4435-9762-694faab3a84b/elements [39m[32m200[39m [90m133 ms - 12[39m
[35m[HTTP][39m [90m[39m
[35m[HTTP][39m [37m-->[39m [37mPOST[39m [37m/wd/hub/session/dfd31619-9e26-4435-9762-694faab3a84b/elements[39m
[35m[HTTP][39m [90m{"using":"-android uiautomator","value":"new UiSelector().className(\"android.widget.ImageButton\")"}[39m
[35m[HTTP][39m [37m<-- POST /wd/hub/session/dfd31619-9e26-4435-9762-694faab3a84b/elements [39m[32m200[39m [90m101 ms - 12[39m
[35m[HTTP][39m [90m[39m
[35m[HTTP][39m [37m-->[39m [37mPOST[39m [37m/wd/hub/session/dfd31619-9e26-4435-9762-694faab3a84b/elements[39m
[35m[HTTP][39m [90m{"using":"-android uiautomator","value":"new UiSelector().className(\"android.widget.ImageButton\")"}[39m
[35m[HTTP][39m [37m<-- POST /wd/hub/session/dfd31619-9e26-4435-9762-694faab3a84b/elements [39m[32m200[39m [90m99 ms - 12[39m
[35m[HTTP][39m [90m[39m
[35m[HTTP][39m [37m-->[39m [37mPOST[39m [37m/wd/hub/session/dfd31619-9e26-4435-9762-694faab3a84b/elements[39m
[35m[HTTP][39m [90m{"using":"-android uiautomator","value":"new UiSelector().className(\"android.widget.ImageButton\")"}[39m
[35m[HTTP][39m [37m<-- POST /wd/hub/session/dfd31619-9e26-4435-9762-694faab3a84b/elements [39m[32m200[39m [90m154 ms - 12[39m
[35m[HTTP][39m [90m[39m
[35m[HTTP][39m [37m-->[39m [37mPOST[39m [37m/wd/hub/session/dfd31619-9e26-4435-9762-694faab3a84b/elements[39m
[35m[HTTP][39m [90m{"using":"-android uiautomator","value":"new UiSelector().className(\"android.widget.ImageButton\")"}[39m
[35m[HTTP][39m [37m<-- POST /wd/hub/session/dfd31619-9e26-4435-9762-694faab3a84b/elements [39m[32m200[39m [90m79 ms - 12[39m
[35m[HTTP][39m [90m[39m
[35m[HTTP][39m [37m-->[39m [37mPOST[39m [37m/wd/hub/session/dfd31619-9e26-4435-9762-694faab3a84b/elements[39m
[35m[HTTP][39m [90m{"using":"-android uiautomator","value":"new UiSelector().className(\"android.widget.ImageButton\")"}[39m
[35m[HTTP][39m [37m<-- POST /wd/hub/session/dfd31619-9e26-4435-9762-694faab3a84b/elements [39m[32m200[39m [90m82 ms - 12[39m
[35m[HTTP][39m [90m[39m
[35m[HTTP][39m [37m-->[39m [37mPOST[39m [37m/wd/hub/session/dfd31619-9e26-4435-9762-694faab3a84b/elements[39m
[35m[HTTP][39m [90m{"using":"-android uiautomator","value":"new UiSelector().className(\"android.widget.ImageButton\")"}[39m
[35m[HTTP][39m [37m<-- POST /wd/hub/session/dfd31619-9e26-4435-9762-694faab3a84b/elements [39m[32m200[39m [90m87 ms - 12[39m
[35m[HTTP][39m [90m[39m
[35m[HTTP][39m [37m-->[39m [37mPOST[39m [37m/wd/hub/session/dfd31619-9e26-4435-9762-694faab3a84b/elements[39m
[35m[HTTP][39m [90m{"using":"-android uiautomator","value":"new UiSelector().className(\"android.widget.ImageButton\")"}[39m
[35m[HTTP][39m [37m<-- POST /wd/hub/session/dfd31619-9e26-4435-9762-694faab3a84b/elements [39m[32m200[39m [90m72 ms - 12[39m
[35m[HTTP][39m [90m[39m
[35m[HTTP][39m [37m-->[39m [37mPOST[39m [37m/wd/hub/session/dfd31619-9e26-4435-9762-694faab3a84b/elements[39m
[35m[HTTP][39m [90m{"using":"-android uiautomator","value":"new UiSelector().className(\"android.widget.ImageButton\")"}[39m
[35m[HTTP][39m [37m<-- POST /wd/hub/session/dfd31619-9e26-4435-9762-694faab3a84b/elements [39m[32m200[39m [90m122 ms - 12[39m
[35m[HTTP][39m [90m[39m
[35m[HTTP][39m [37m-->[39m [37mPOST[39m [37m/wd/hub/session/dfd31619-9e26-4435-9762-694faab3a84b/elements[39m
[35m[HTTP][39m [90m{"using":"-android uiautomator","value":"new UiSelector().className(\"android.widget.ImageButton\")"}[39m
[35m[HTTP][39m [37m<-- POST /wd/hub/session/dfd31619-9e26-4435-9762-694faab3a84b/elements [39m[32m200[39m [90m73 ms - 12[39m
[35m[HTTP][39m [90m[39m
[35m[HTTP][39m [37m-->[39m [37mPOST[39m [37m/wd/hub/session/dfd31619-9e26-4435-9762-694faab3a84b/elements[39m
[35m[HTTP][39m [90m{"using":"-android uiautomator","value":"new UiSelector().className(\"android.widget.ImageButton\")"}[39m
[35m[HTTP][39m [37m<-- POST /wd/hub/session/dfd31619-9e26-4435-9762-694faab3a84b/elements [39m[32m200[39m [90m113 ms - 12[39m
[35m[HTTP][39m [90m[39m
[35m[HTTP][39m [37m-->[39m [37mPOST[39m [37m/wd/hub/session/dfd31619-9e26-4435-9762-694faab3a84b/elements[39m
[35m[HTTP][39m [90m{"using":"-android uiautomator","value":"new UiSelector().className(\"android.widget.ImageButton\")"}[39m
[35m[HTTP][39m [37m<-- POST /wd/hub/session/dfd31619-9e26-4435-9762-694faab3a84b/elements [39m[32m200[39m [90m105 ms - 12[39m
[35m[HTTP][39m [90m[39m
[35m[HTTP][39m [37m-->[39m [37mPOST[39m [37m/wd/hub/session/dfd31619-9e26-4435-9762-694faab3a84b/elements[39m
[35m[HTTP][39m [90m{"using":"-android uiautomator","value":"new UiSelector().className(\"android.widget.ImageButton\")"}[39m
[35m[HTTP][39m [37m<-- POST /wd/hub/session/dfd31619-9e26-4435-9762-694faab3a84b/elements [39m[32m200[39m [90m85 ms - 12[39m
[35m[HTTP][39m [90m[39m
[35m[HTTP][39m [37m-->[39m [37mPOST[39m [37m/wd/hub/session/dfd31619-9e26-4435-9762-694faab3a84b/elements[39m
[35m[HTTP][39m [90m{"using":"-android uiautomator","value":"new UiSelector().className(\"android.widget.ImageButton\")"}[39m
[35m[HTTP][39m [37m<-- POST /wd/hub/session/dfd31619-9e26-4435-9762-694faab3a84b/elements [39m[32m200[39m [90m61 ms - 12[39m
[35m[HTTP][39m [90m[39m
[35m[HTTP][39m [37m-->[39m [37mPOST[39m [37m/wd/hub/session/dfd31619-9e26-4435-9762-694faab3a84b/elements[39m
[35m[HTTP][39m [90m{"using":"-android uiautomator","value":"new UiSelector().className(\"android.widget.ImageButton\")"}[39m
[35m[HTTP][39m [37m<-- POST /wd/hub/session/dfd31619-9e26-4435-9762-694faab3a84b/elements [39m[32m200[39m [90m598 ms - 12[39m
[35m[HTTP][39m [90m[39m
[35m[HTTP][39m [37m-->[39m [37mPOST[39m [37m/wd/hub/session/dfd31619-9e26-4435-9762-694faab3a84b/elements[39m
[35m[HTTP][39m [90m{"using":"-android uiautomator","value":"new UiSelector().className(\"android.widget.ImageButton\")"}[39m
[35m[HTTP][39m [37m<-- POST /wd/hub/session/dfd31619-9e26-4435-9762-694faab3a84b/elements [39m[32m200[39m [90m65 ms - 12[39m
[35m[HTTP][39m [90m[39m
[35m[HTTP][39m [37m-->[39m [37mPOST[39m [37m/wd/hub/session/dfd31619-9e26-4435-9762-694faab3a84b/elements[39m
[35m[HTTP][39m [90m{"using":"-android uiautomator","value":"new UiSelector().className(\"android.widget.ImageButton\")"}[39m
[35m[HTTP][39m [37m<-- POST /wd/hub/session/dfd31619-9e26-4435-9762-694faab3a84b/elements [39m[32m200[39m [90m127 ms - 12[39m
[35m[HTTP][39m [90m[39m
[35m[HTTP][39m [37m-->[39m [37mPOST[39m [37m/wd/hub/session/dfd31619-9e26-4435-9762-694faab3a84b/elements[39m
[35m[HTTP][39m [90m{"using":"-android uiautomator","value":"new UiSelector().className(\"android.widget.ImageButton\")"}[39m
[35m[HTTP][39m [37m<-- POST /wd/hub/session/dfd31619-9e26-4435-9762-694faab3a84b/elements [39m[32m200[39m [90m2762 ms - 12[39m
[35m[HTTP][39m [90m[39m
[35m[HTTP][39m [37m-->[39m [37mPOST[39m [37m/wd/hub/session/dfd31619-9e26-4435-9762-694faab3a84b/elements[39m
[35m[HTTP][39m [90m{"using":"-android uiautomator","value":"new UiSelector().className(\"android.widget.ImageButton\")"}[39m
[35m[HTTP][39m [37m<-- POST /wd/hub/session/dfd31619-9e26-4435-9762-694faab3a84b/elements [39m[32m200[39m [90m930 ms - 139[39m
[35m[HTTP][39m [90m[39m
[35m[HTTP][39m [37m-->[39m [37mGET[39m [37m/wd/hub/session/dfd31619-9e26-4435-9762-694faab3a84b/element/2f73856f-50c6-487e-aca0-08364ad733b6/location[39m
[35m[HTTP][39m [90m{}[39m
[35m[W3C (dfd31619)][39m Driver proxy active, passing request on via HTTP proxy
[35m[WD Proxy][39m Replacing sessionId 9d3a16d5-492f-48de-9181-73aa4764eb8f with dfd31619-9e26-4435-9762-694faab3a84b
[35m[HTTP][39m [37m<-- GET /wd/hub/session/dfd31619-9e26-4435-9762-694faab3a84b/element/2f73856f-50c6-487e-aca0-08364ad733b6/location [39m[32m200[39m [90m24 ms - 87[39m
[35m[HTTP][39m [90m[39m
[35m[HTTP][39m [37m-->[39m [37mPOST[39m [37m/wd/hub/session/dfd31619-9e26-4435-9762-694faab3a84b/timeouts[39m
[35m[HTTP][39m [90m{"implicit":30000}[39m
[35m[HTTP][39m [37m<-- POST /wd/hub/session/dfd31619-9e26-4435-9762-694faab3a84b/timeouts [39m[32m200[39m [90m1 ms - 14[39m
[35m[HTTP][39m [90m[39m
[35m[HTTP][39m [37m-->[39m [37mPOST[39m [37m/wd/hub/session/dfd31619-9e26-4435-9762-694faab3a84b/timeouts[39m
[35m[HTTP][39m [90m{"implicit":50}[39m
[35m[HTTP][39m [37m<-- POST /wd/hub/session/dfd31619-9e26-4435-9762-694faab3a84b/timeouts [39m[32m200[39m [90m3 ms - 14[39m
[35m[HTTP][39m [90m[39m
[35m[HTTP][39m [37m-->[39m [37mGET[39m [37m/wd/hub/session/dfd31619-9e26-4435-9762-694faab3a84b/window/rect[39m
[35m[HTTP][39m [90m{}[39m
[35m[HTTP][39m [37m<-- GET /wd/hub/session/dfd31619-9e26-4435-9762-694faab3a84b/window/rect [39m[32m200[39m [90m33 ms - 50[39m
[35m[HTTP][39m [90m[39m
[35m[HTTP][39m [37m-->[39m [37mPOST[39m [37m/wd/hub/session/dfd31619-9e26-4435-9762-694faab3a84b/elements[39m
[35m[HTTP][39m [90m{"using":"-android uiautomator","value":"new UiSelector().className(\"android.widget.ImageView\").resourceId(\"com.reviverauto.rplate:id/alert_icon\")"}[39m
[35m[HTTP][39m [37m<-- POST /wd/hub/session/dfd31619-9e26-4435-9762-694faab3a84b/elements [39m[32m200[39m [90m43 ms - 139[39m
[35m[HTTP][39m [90m[39m
[35m[HTTP][39m [37m-->[39m [37mGET[39m [37m/wd/hub/session/dfd31619-9e26-4435-9762-694faab3a84b/element/1d5d8f33-761b-4d76-820e-2ff9d5bb5984/location[39m
[35m[HTTP][39m [90m{}[39m
[35m[W3C (dfd31619)][39m Driver proxy active, passing request on via HTTP proxy
[35m[WD Proxy][39m Replacing sessionId 9d3a16d5-492f-48de-9181-73aa4764eb8f with dfd31619-9e26-4435-9762-694faab3a84b
[35m[HTTP][39m [37m<-- GET /wd/hub/session/dfd31619-9e26-4435-9762-694faab3a84b/element/1d5d8f33-761b-4d76-820e-2ff9d5bb5984/location [39m[32m200[39m [90m23 ms - 89[39m
[35m[HTTP][39m [90m[39m
[35m[HTTP][39m [37m-->[39m [37mPOST[39m [37m/wd/hub/session/dfd31619-9e26-4435-9762-694faab3a84b/timeouts[39m
[35m[HTTP][39m [90m{"implicit":30000}[39m
[35m[HTTP][39m [37m<-- POST /wd/hub/session/dfd31619-9e26-4435-9762-694faab3a84b/timeouts [39m[32m200[39m [90m2 ms - 14[39m
[35m[HTTP][39m [90m[39m
[35m[HTTP][39m [37m-->[39m [37mGET[39m [37m/wd/hub/session/dfd31619-9e26-4435-9762-694faab3a84b/element/1d5d8f33-761b-4d76-820e-2ff9d5bb5984/displayed[39m
[35m[HTTP][39m [90m{}[39m
[35m[HTTP][39m [37m<-- GET /wd/hub/session/dfd31619-9e26-4435-9762-694faab3a84b/element/1d5d8f33-761b-4d76-820e-2ff9d5bb5984/displayed [39m[32m200[39m [90m36 ms - 14[39m
[35m[HTTP][39m [90m[39m
[35m[HTTP][39m [37m-->[39m [37mPOST[39m [37m/wd/hub/session/dfd31619-9e26-4435-9762-694faab3a84b/timeouts[39m
[35m[HTTP][39m [90m{"implicit":50}[39m
[35m[HTTP][39m [37m<-- POST /wd/hub/session/dfd31619-9e26-4435-9762-694faab3a84b/timeouts [39m[32m200[39m [90m1 ms - 14[39m
[35m[HTTP][39m [90m[39m
[35m[HTTP][39m [37m-->[39m [37mGET[39m [37m/wd/hub/session/dfd31619-9e26-4435-9762-694faab3a84b/window/rect[39m
[35m[HTTP][39m [90m{}[39m
[35m[HTTP][39m [37m<-- GET /wd/hub/session/dfd31619-9e26-4435-9762-694faab3a84b/window/rect [39m[32m200[39m [90m12 ms - 50[39m
[35m[HTTP][39m [90m[39m
[35m[HTTP][39m [37m-->[39m [37mPOST[39m [37m/wd/hub/session/dfd31619-9e26-4435-9762-694faab3a84b/elements[39m
[35m[HTTP][39m [90m{"using":"-android uiautomator","value":"new UiSelector().className(\"android.widget.TextView\").text(\"Note: This may take 1–3 business days from when your order is processed.\")"}[39m
[35m[HTTP][39m [37m<-- POST /wd/hub/session/dfd31619-9e26-4435-9762-694faab3a84b/elements [39m[32m200[39m [90m32 ms - 139[39m
[35m[HTTP][39m [90m[39m
[35m[HTTP][39m [37m-->[39m [37mGET[39m [37m/wd/hub/session/dfd31619-9e26-4435-9762-694faab3a84b/element/ba1dfab4-2d22-43af-ade4-d06bc480312c/location[39m
[35m[HTTP][39m [90m{}[39m
[35m[W3C (dfd31619)][39m Driver proxy active, passing request on via HTTP proxy
[35m[WD Proxy][39m Replacing sessionId 9d3a16d5-492f-48de-9181-73aa4764eb8f with dfd31619-9e26-4435-9762-694faab3a84b
[35m[HTTP][39m [37m<-- GET /wd/hub/session/dfd31619-9e26-4435-9762-694faab3a84b/element/ba1dfab4-2d22-43af-ade4-d06bc480312c/location [39m[32m200[39m [90m21 ms - 90[39m
[35m[HTTP][39m [90m[39m
[35m[HTTP][39m [37m-->[39m [37mPOST[39m [37m/wd/hub/session/dfd31619-9e26-4435-9762-694faab3a84b/timeouts[39m
[35m[HTTP][39m [90m{"implicit":30000}[39m
[35m[HTTP][39m [37m<-- POST /wd/hub/session/dfd31619-9e26-4435-9762-694faab3a84b/timeouts [39m[32m200[39m [90m2 ms - 14[39m
[35m[HTTP][39m [90m[39m
[35m[HTTP][39m [37m-->[39m [37mGET[39m [37m/wd/hub/session/dfd31619-9e26-4435-9762-694faab3a84b/element/ba1dfab4-2d22-43af-ade4-d06bc480312c/attribute/text[39m
[35m[HTTP][39m [90m{}[39m
[35m[HTTP][39m [37m<-- GET /wd/hub/session/dfd31619-9e26-4435-9762-694faab3a84b/element/ba1dfab4-2d22-43af-ade4-d06bc480312c/attribute/text [39m[32m200[39m [90m24 ms - 86[39m
[35m[HTTP][39m [90m[39m
[35m[HTTP][39m [37m-->[39m [37mPOST[39m [37m/wd/hub/session/dfd31619-9e26-4435-9762-694faab3a84b/timeouts[39m
[35m[HTTP][39m [90m{"implicit":50}[39m
[35m[HTTP][39m [37m<-- POST /wd/hub/session/dfd31619-9e26-4435-9762-694faab3a84b/timeouts [39m[32m200[39m [90m2 ms - 14[39m
[35m[HTTP][39m [90m[39m
[35m[HTTP][39m [37m-->[39m [37mGET[39m [37m/wd/hub/session/dfd31619-9e26-4435-9762-694faab3a84b/window/rect[39m
[35m[HTTP][39m [90m{}[39m
[35m[HTTP][39m [37m<-- GET /wd/hub/session/dfd31619-9e26-4435-9762-694faab3a84b/window/rect [39m[32m200[39m [90m13 ms - 50[39m
[35m[HTTP][39m [90m[39m
[35m[HTTP][39m [37m-->[39m [37mPOST[39m [37m/wd/hub/session/dfd31619-9e26-4435-9762-694faab3a84b/elements[39m
[35m[HTTP][39m [90m{"using":"-android uiautomator","value":"new UiSelector().className(\"android.widget.TextView\").text(\"It looks like your plates haven’t been added to your account.\")"}[39m
[35m[HTTP][39m [37m<-- POST /wd/hub/session/dfd31619-9e26-4435-9762-694faab3a84b/elements [39m[32m200[39m [90m28 ms - 139[39m
[35m[HTTP][39m [90m[39m
[35m[HTTP][39m [37m-->[39m [37mGET[39m [37m/wd/hub/session/dfd31619-9e26-4435-9762-694faab3a84b/element/27ec8e66-e728-4491-bc27-d0762a203e94/location[39m
[35m[HTTP][39m [90m{}[39m
[35m[W3C (dfd31619)][39m Driver proxy active, passing request on via HTTP proxy
[35m[WD Proxy][39m Replacing sessionId 9d3a16d5-492f-48de-9181-73aa4764eb8f with dfd31619-9e26-4435-9762-694faab3a84b
[35m[HTTP][39m [37m<-- GET /wd/hub/session/dfd31619-9e26-4435-9762-694faab3a84b/element/27ec8e66-e728-4491-bc27-d0762a203e94/location [39m[32m200[39m [90m21 ms - 90[39m
[35m[HTTP][39m [90m[39m
[35m[HTTP][39m [37m-->[39m [37mPOST[39m [37m/wd/hub/session/dfd31619-9e26-4435-9762-694faab3a84b/timeouts[39m
[35m[HTTP][39m [90m{"implicit":30000}[39m
[35m[HTTP][39m [37m<-- POST /wd/hub/session/dfd31619-9e26-4435-9762-694faab3a84b/timeouts [39m[32m200[39m [90m1 ms - 14[39m
[35m[HTTP][39m [90m[39m
[35m[HTTP][39m [37m-->[39m [37mGET[39m [37m/wd/hub/session/dfd31619-9e26-4435-9762-694faab3a84b/element/27ec8e66-e728-4491-bc27-d0762a203e94/attribute/text[39m
[35m[HTTP][39m [90m{}[39m
[35m[HTTP][39m [37m<-- GET /wd/hub/session/dfd31619-9e26-4435-9762-694faab3a84b/element/27ec8e66-e728-4491-bc27-d0762a203e94/attribute/text [39m[32m200[39m [90m22 ms - 75[39m
[35m[HTTP][39m [90m[39m
[35m[HTTP][39m [37m-->[39m [37mPOST[39m [37m/wd/hub/session/dfd31619-9e26-4435-9762-694faab3a84b/timeouts[39m
[35m[HTTP][39m [90m{"implicit":50}[39m
[35m[HTTP][39m [37m<-- POST /wd/hub/session/dfd31619-9e26-4435-9762-694faab3a84b/timeouts [39m[32m200[39m [90m1 ms - 14[39m
[35m[HTTP][39m [90m[39m
[35m[HTTP][39m [37m-->[39m [37mGET[39m [37m/wd/hub/session/dfd31619-9e26-4435-9762-694faab3a84b/window/rect[39m
[35m[HTTP][39m [90m{}[39m
[35m[HTTP][39m [37m<-- GET /wd/hub/session/dfd31619-9e26-4435-9762-694faab3a84b/window/rect [39m[32m200[39m [90m14 ms - 50[39m
[35m[HTTP][39m [90m[39m
[35m[HTTP][39m [37m-->[39m [37mPOST[39m [37m/wd/hub/session/dfd31619-9e26-4435-9762-694faab3a84b/elements[39m
[35m[HTTP][39m [90m{"using":"-android uiautomator","value":"new UiSelector().className(\"android.widget.TextView\").text(\"You will be notified when your plate has been added to your account.\")"}[39m
[35m[HTTP][39m [37m<-- POST /wd/hub/session/dfd31619-9e26-4435-9762-694faab3a84b/elements [39m[32m200[39m [90m26 ms - 139[39m
[35m[HTTP][39m [90m[39m
[35m[HTTP][39m [37m-->[39m [37mGET[39m [37m/wd/hub/session/dfd31619-9e26-4435-9762-694faab3a84b/element/98caf429-0df3-45ca-9f31-97adda54d4bc/location[39m
[35m[HTTP][39m [90m{}[39m
[35m[W3C (dfd31619)][39m Driver proxy active, passing request on via HTTP proxy
[35m[WD Proxy][39m Replacing sessionId 9d3a16d5-492f-48de-9181-73aa4764eb8f with dfd31619-9e26-4435-9762-694faab3a84b
[35m[HTTP][39m [37m<-- GET /wd/hub/session/dfd31619-9e26-4435-9762-694faab3a84b/element/98caf429-0df3-45ca-9f31-97adda54d4bc/location [39m[32m200[39m [90m22 ms - 90[39m
[35m[HTTP][39m [90m[39m
[35m[HTTP][39m [37m-->[39m [37mPOST[39m [37m/wd/hub/session/dfd31619-9e26-4435-9762-694faab3a84b/timeouts[39m
[35m[HTTP][39m [90m{"implicit":30000}[39m
[35m[HTTP][39m [37m<-- POST /wd/hub/session/dfd31619-9e26-4435-9762-694faab3a84b/timeouts [39m[32m200[39m [90m2 ms - 14[39m
[35m[HTTP][39m [90m[39m
[35m[HTTP][39m [37m-->[39m [37mGET[39m [37m/wd/hub/session/dfd31619-9e26-4435-9762-694faab3a84b/element/98caf429-0df3-45ca-9f31-97adda54d4bc/attribute/text[39m
[35m[HTTP][39m [90m{}[39m
[35m[HTTP][39m [37m<-- GET /wd/hub/session/dfd31619-9e26-4435-9762-694faab3a84b/element/98caf429-0df3-45ca-9f31-97adda54d4bc/attribute/text [39m[32m200[39m [90m19 ms - 80[39m
[35m[HTTP][39m [90m[39m
[35m[HTTP][39m [37m-->[39m [37mPOST[39m [37m/wd/hub/session/dfd31619-9e26-4435-9762-694faab3a84b/timeouts[39m
[35m[HTTP][39m [90m{"implicit":50}[39m
[35m[HTTP][39m [37m<-- POST /wd/hub/session/dfd31619-9e26-4435-9762-694faab3a84b/timeouts [39m[32m200[39m [90m1 ms - 14[39m
[35m[HTTP][39m [90m[39m
[35m[HTTP][39m [37m-->[39m [37mGET[39m [37m/wd/hub/session/dfd31619-9e26-4435-9762-694faab3a84b/window/rect[39m
[35m[HTTP][39m [90m{}[39m
[35m[HTTP][39m [37m<-- GET /wd/hub/session/dfd31619-9e26-4435-9762-694faab3a84b/window/rect [39m[32m200[39m [90m14 ms - 50[39m
[35m[HTTP][39m [90m[39m
[35m[HTTP][39m [37m-->[39m [37mPOST[39m [37m/wd/hub/session/dfd31619-9e26-4435-9762-694faab3a84b/elements[39m
[35m[HTTP][39m [90m{"using":"-android uiautomator","value":"new UiSelector().className(\"android.widget.TextView\").text(\"No Plates Found\")"}[39m
[35m[HTTP][39m [37m<-- POST /wd/hub/session/dfd31619-9e26-4435-9762-694faab3a84b/elements [39m[32m200[39m [90m28 ms - 139[39m
[35m[HTTP][39m [90m[39m
[35m[HTTP][39m [37m-->[39m [37mGET[39m [37m/wd/hub/session/dfd31619-9e26-4435-9762-694faab3a84b/element/c057fc8b-eb16-44c7-9231-df6f5243e687/location[39m
[35m[HTTP][39m [90m{}[39m
[35m[W3C (dfd31619)][39m Driver proxy active, passing request on via HTTP proxy
[35m[WD Proxy][39m Replacing sessionId 9d3a16d5-492f-48de-9181-73aa4764eb8f with dfd31619-9e26-4435-9762-694faab3a84b
[35m[HTTP][39m [37m<-- GET /wd/hub/session/dfd31619-9e26-4435-9762-694faab3a84b/element/c057fc8b-eb16-44c7-9231-df6f5243e687/location [39m[32m200[39m [90m23 ms - 87[39m
[35m[HTTP][39m [90m[39m
[35m[HTTP][39m [37m-->[39m [37mPOST[39m [37m/wd/hub/session/dfd31619-9e26-4435-9762-694faab3a84b/timeouts[39m
[35m[HTTP][39m [90m{"implicit":30000}[39m
[35m[HTTP][39m [37m<-- POST /wd/hub/session/dfd31619-9e26-4435-9762-694faab3a84b/timeouts [39m[32m200[39m [90m1 ms - 14[39m
[35m[HTTP][39m [90m[39m
[35m[HTTP][39m [37m-->[39m [37mGET[39m [37m/wd/hub/session/dfd31619-9e26-4435-9762-694faab3a84b/element/c057fc8b-eb16-44c7-9231-df6f5243e687/displayed[39m
[35m[HTTP][39m [90m{}[39m
[35m[HTTP][39m [37m<-- GET /wd/hub/session/dfd31619-9e26-4435-9762-694faab3a84b/element/c057fc8b-eb16-44c7-9231-df6f5243e687/displayed [39m[32m200[39m [90m21 ms - 14[39m
[35m[HTTP][39m [90m[39m
[35m[HTTP][39m [37m-->[39m [37mPOST[39m [37m/wd/hub/session/dfd31619-9e26-4435-9762-694faab3a84b/timeouts[39m
[35m[HTTP][39m [90m{"implicit":50}[39m
[35m[HTTP][39m [37m<-- POST /wd/hub/session/dfd31619-9e26-4435-9762-694faab3a84b/timeouts [39m[32m200[39m [90m2 ms - 14[39m
[35m[HTTP][39m [90m[39m
[35m[HTTP][39m [37m-->[39m [37mGET[39m [37m/wd/hub/session/dfd31619-9e26-4435-9762-694faab3a84b/window/rect[39m
[35m[HTTP][39m [90m{}[39m
[35m[HTTP][39m [37m<-- GET /wd/hub/session/dfd31619-9e26-4435-9762-694faab3a84b/window/rect [39m[32m200[39m [90m12 ms - 50[39m
[35m[HTTP][39m [90m[39m
[35m[HTTP][39m [37m-->[39m [37mPOST[39m [37m/wd/hub/session/dfd31619-9e26-4435-9762-694faab3a84b/elements[39m
[35m[HTTP][39m [90m{"using":"-android uiautomator","value":"new UiSelector().className(\"android.widget.ImageButton\")"}[39m
[35m[HTTP][39m [37m<-- POST /wd/hub/session/dfd31619-9e26-4435-9762-694faab3a84b/elements [39m[32m200[39m [90m25 ms - 139[39m
[35m[HTTP][39m [90m[39m
[35m[HTTP][39m [37m-->[39m [37mGET[39m [37m/wd/hub/session/dfd31619-9e26-4435-9762-694faab3a84b/element/7a731288-45b2-4710-b9b5-f1530b0a68d4/location[39m
[35m[HTTP][39m [90m{}[39m
[35m[W3C (dfd31619)][39m Driver proxy active, passing request on via HTTP proxy
[35m[WD Proxy][39m Replacing sessionId 9d3a16d5-492f-48de-9181-73aa4764eb8f with dfd31619-9e26-4435-9762-694faab3a84b
[35m[HTTP][39m [37m<-- GET /wd/hub/session/dfd31619-9e26-4435-9762-694faab3a84b/element/7a731288-45b2-4710-b9b5-f1530b0a68d4/location [39m[32m200[39m [90m21 ms - 87[39m
[35m[HTTP][39m [90m[39m
[35m[HTTP][39m [37m-->[39m [37mPOST[39m [37m/wd/hub/session/dfd31619-9e26-4435-9762-694faab3a84b/timeouts[39m
[35m[HTTP][39m [90m{"implicit":30000}[39m
[35m[HTTP][39m [37m<-- POST /wd/hub/session/dfd31619-9e26-4435-9762-694faab3a84b/timeouts [39m[32m200[39m [90m2 ms - 14[39m
[35m[HTTP][39m [90m[39m
[35m[HTTP][39m [37m-->[39m [37mPOST[39m [37m/wd/hub/session/dfd31619-9e26-4435-9762-694faab3a84b/touch/perform[39m
[35m[HTTP][39m [90m{"actions":[{"action":"tap","options":{"x":1,"y":1,"element":"7a731288-45b2-4710-b9b5-f1530b0a68d4"}},{"action":"release","options":{}}]}[39m
[35m[UiAutomator2][39m calling get location: 7a731288-45b2-4710-b9b5-f1530b0a68d4
[35m[HTTP][39m [37m<-- POST /wd/hub/session/dfd31619-9e26-4435-9762-694faab3a84b/touch/perform [39m[32m200[39m [90m1124 ms - 14[39m
[35m[HTTP][39m [90m[39m
